> dataset d

> d.infile using ./data//patent.raw

NOTE: 33 variables with 4805 observations read from file
./data//patent.raw

> delimiter=;

> mcmcreg m8

> m8.outfile = /home/mcarlan/VarSel/patent/results/score_batches_zip_ssvs_alpha0.1/predict8/pi

> m8.hregress ncit = const + years(ssvs, gig, v1 = 5, v2 = 5.11267637381253, r = 0.000427807773783824,nocenter,ssvsupdate=gibbs)+ ncountrys(ssvs, gig, v1 = 5, v2 = 8.01308084044079, r = 0.000427807773783825,nocenter,ssvsupdate=gibbs)+ nclaimss(ssvs, gig, v1 = 5, v2 = 1.87385432790956, r = 0.000427807773783824,nocenter,ssvsupdate=gibbs)+ ustwin(ssvs, gig, v1 = 5, v2 = 40.2323174658512, r = 0.000427807773783824,nocenter,ssvsupdate=gibbs)+ opp(ssvs, gig, v1 = 5, v2 = 40.2323174658512, r = 0.000427807773783824,nocenter,ssvsupdate=gibbs)+ biopharm(ssvs, gig, v1 = 5, v2 = 40.2323174658512, r = 0.000427807773783824,nocenter,ssvsupdate=gibbs)+ patus(ssvs, gig, v1 = 5, v2 = 40.2323174658512, r = 0.000427807773783824,nocenter,ssvsupdate=gibbs)+ patgsgr(ssvs, gig, v1 = 5, v2 = 40.2323174658512, r = 0.000427807773783824,nocenter,ssvsupdate=gibbs)+ years(pspline, prior = ssvs, v1 = 5, v2 = 0.13191806519867,r = 0.00236823278186377,ssvsupdate=gibbs, centermethod=nullspace)+ ncountrys(pspline, prior = ssvs, v1 = 5, v2 = 0.133496773439331,r = 0.00235718016863298,ssvsupdate=gibbs, centermethod=nullspace)+ nclaimss(pspline, prior = ssvs, v1 = 5, v2 = 0.128951185590821,r = 0.00241720850083264,ssvsupdate=gibbs, centermethod=nullspace) weight w8, family=zip iterations=12000 burnin=2000 step=10 equationtype=pi using d

> m8.outfile = /home/mcarlan/VarSel/patent/results/score_batches_zip_ssvs_alpha0.1/predict8/lambda

> m8.hregress ncit = const + years(ssvs, gig,  prior=ssvs, v1 = 5, v2 = 5.11267637381253, r = 0.000427807773783824,nocenter,ssvsupdate=gibbs)+ ncountrys(ssvs, gig,  prior=ssvs, v1 = 5, v2 = 8.01308084044079, r = 0.000427807773783825,nocenter,ssvsupdate=gibbs)+ nclaimss(ssvs, gig,  prior=ssvs, v1 = 5, v2 = 1.87385432790956, r = 0.000427807773783824,nocenter,ssvsupdate=gibbs)+ ustwin(ssvs, gig,  prior=ssvs, v1 = 5, v2 = 40.2323174658512, r = 0.000427807773783824,nocenter,ssvsupdate=gibbs)+ opp(ssvs, gig,  prior=ssvs, v1 = 5, v2 = 40.2323174658512, r = 0.000427807773783824,nocenter,ssvsupdate=gibbs)+ biopharm(ssvs, gig,  prior=ssvs, v1 = 5, v2 = 40.2323174658512, r = 0.000427807773783824,nocenter,ssvsupdate=gibbs)+ patus(ssvs, gig,  prior=ssvs, v1 = 5, v2 = 40.2323174658512, r = 0.000427807773783824,nocenter,ssvsupdate=gibbs)+ patgsgr(ssvs, gig,  prior=ssvs, v1 = 5, v2 = 40.2323174658512, r = 0.000427807773783824,nocenter,ssvsupdate=gibbs)+ years(pspline, prior = ssvs, v1 = 5, v2 = 0.13191806519867,r = 0.00236823278186377,ssvsupdate=gibbs, centermethod=nullspace)+ ncountrys(pspline, prior = ssvs, v1 = 5, v2 = 0.133496773439331,r = 0.00235718016863298,ssvsupdate=gibbs, centermethod=nullspace)+ nclaimss(pspline, prior = ssvs, v1 = 5, v2 = 0.128951185590821,r = 0.00241720850083264,ssvsupdate=gibbs, centermethod=nullspace) weight w8,family=zip predict = light setseed=128 equationtype=lambda using d


MCMCREG OBJECT m8: MAIN lambda REGRESSION_ncit

GENERAL OPTIONS:

  Number of iterations:  12000
  Burn-in period:        2000
  Thinning parameter:    10
  Saveestimation:        disabled



RESPONSE DISTRIBUTION:

  Family: ZIP
  Number of observations: 4805
  Number of observations with positive weights: 4324

  Response function (lambda): exponential
  Response function (pi): logistic distribution function


OPTIONS FOR ESTIMATION:

  Hyperparameters for SSVS priors of linear effects:

    Variable    v1       v2       r        
    years       5        5.11     0.000428
    ncountrys   5        8.01     0.000428
    nclaimss    5        1.87     0.000428
    ustwin      5        40.2     0.000428
    opp         5        40.2     0.000428
    biopharm    5        40.2     0.000428
    patus       5        40.2     0.000428
    patgsgr     5        40.2     0.000428

  MAIN_lambda_REGRESSION_ncit:  Nonlinear effect (P-spline) of years

  Prior: second order random walk
  Number of knots: 20
  First knot: -2.8483428
  Last knot: 1.5525191
  Knot distance: 0.23162431
  Degree of Splines: 3
  centered sampling
  B-spline basis may be created e.g. in STATA by: 
  bspline , xvar(x) generate(Bs) power(3) knots(-2.8483428(0.23162431)1.5525191) 
  where x contains the values for which the basis functions should be created

  IG prior for psi2 
  Hyperparameter v1 for prior: 5
  Hyperparameter v2 for prior: 0.13191806519867
  Parameter r for spike: 0.00236823278186377

  Prior inclusion probability omega
  Parameter a_omega: 1
  Parameter b_omega: 1

  MAIN_lambda_REGRESSION_ncit:  Nonlinear effect (P-spline) of ncountrys

  Prior: second order random walk
  Number of knots: 20
  First knot: -1.6819324
  Last knot: 2.279559
  Knot distance: 0.20849955
  Degree of Splines: 3
  centered sampling
  B-spline basis may be created e.g. in STATA by: 
  bspline , xvar(x) generate(Bs) power(3) knots(-1.6819324(0.20849955)2.279559) 
  where x contains the values for which the basis functions should be created

  IG prior for psi2 
  Hyperparameter v1 for prior: 5
  Hyperparameter v2 for prior: 0.133496773439331
  Parameter r for spike: 0.00235718016863298

  Prior inclusion probability omega
  Parameter a_omega: 1
  Parameter b_omega: 1

  MAIN_lambda_REGRESSION_ncit:  Nonlinear effect (P-spline) of nclaimss

  Prior: second order random walk
  Number of knots: 20
  First knot: -1.4533633
  Last knot: 4.6938785
  Knot distance: 0.32353904
  Degree of Splines: 3
  centered sampling
  B-spline basis may be created e.g. in STATA by: 
  bspline , xvar(x) generate(Bs) power(3) knots(-1.4533633(0.32353904)4.6938785) 
  where x contains the values for which the basis functions should be created

  IG prior for psi2 
  Hyperparameter v1 for prior: 5
  Hyperparameter v2 for prior: 0.128951185590821
  Parameter r for spike: 0.00241720850083264

  Prior inclusion probability omega
  Parameter a_omega: 1
  Parameter b_omega: 1



MCMCREG OBJECT m8: MAIN pi REGRESSION_ncit

RESPONSE DISTRIBUTION:

  Family: ZIP_pi
  Number of observations: 4805
  Number of observations with positive weights: 4324

  Response function (pi): logistic distribution function


OPTIONS FOR ESTIMATION:

  Hyperparameters for SSVS priors of linear effects:

    Variable    v1       v2       r        
    years       5        5.11     0.000428
    ncountrys   5        8.01     0.000428
    nclaimss    5        1.87     0.000428
    ustwin      5        40.2     0.000428
    opp         5        40.2     0.000428
    biopharm    5        40.2     0.000428
    patus       5        40.2     0.000428
    patgsgr     5        40.2     0.000428

  MAIN_pi_REGRESSION_ncit:  Nonlinear effect (P-spline) of years

  Prior: second order random walk
  Number of knots: 20
  First knot: -2.8483428
  Last knot: 1.5525191
  Knot distance: 0.23162431
  Degree of Splines: 3
  centered sampling
  B-spline basis may be created e.g. in STATA by: 
  bspline , xvar(x) generate(Bs) power(3) knots(-2.8483428(0.23162431)1.5525191) 
  where x contains the values for which the basis functions should be created

  IG prior for psi2 
  Hyperparameter v1 for prior: 5
  Hyperparameter v2 for prior: 0.13191806519867
  Parameter r for spike: 0.00236823278186377

  Prior inclusion probability omega
  Parameter a_omega: 1
  Parameter b_omega: 1

  MAIN_pi_REGRESSION_ncit:  Nonlinear effect (P-spline) of ncountrys

  Prior: second order random walk
  Number of knots: 20
  First knot: -1.6819324
  Last knot: 2.279559
  Knot distance: 0.20849955
  Degree of Splines: 3
  centered sampling
  B-spline basis may be created e.g. in STATA by: 
  bspline , xvar(x) generate(Bs) power(3) knots(-1.6819324(0.20849955)2.279559) 
  where x contains the values for which the basis functions should be created

  IG prior for psi2 
  Hyperparameter v1 for prior: 5
  Hyperparameter v2 for prior: 0.133496773439331
  Parameter r for spike: 0.00235718016863298

  Prior inclusion probability omega
  Parameter a_omega: 1
  Parameter b_omega: 1

  MAIN_pi_REGRESSION_ncit:  Nonlinear effect (P-spline) of nclaimss

  Prior: second order random walk
  Number of knots: 20
  First knot: -1.4533633
  Last knot: 4.6938785
  Knot distance: 0.32353904
  Degree of Splines: 3
  centered sampling
  B-spline basis may be created e.g. in STATA by: 
  bspline , xvar(x) generate(Bs) power(3) knots(-1.4533633(0.32353904)4.6938785) 
  where x contains the values for which the basis functions should be created

  IG prior for psi2 
  Hyperparameter v1 for prior: 5
  Hyperparameter v2 for prior: 0.128951185590821
  Parameter r for spike: 0.00241720850083264

  Prior inclusion probability omega
  Parameter a_omega: 1
  Parameter b_omega: 1


MCMC SIMULATION STARTED

  COMPUTING STARTING VALUES (MAY TAKE SOME TIME)
  ITERATION: 1

  APPROXIMATE RUN TIME: 2 minutes 20 seconds

  ITERATION: 1000
  ITERATION: 2000
  ITERATION: 3000
  ITERATION: 4000
  ITERATION: 5000

  MAIN_lambda_REGRESSION_ncit: linear effects

  Acceptance rate:    98.29 %

  Relative Changes in  

  Mean:               0.259954
  Variance:           1.79769e+308
  Minimum:            1.79769e+308
  Maximum:            1.79769e+308



  MAIN_lambda_REGRESSION_ncit: linear effects with ssvs prior

  Acceptance rate:    64.62 %

  Relative Changes in  

  Mean:               0.850919
  Variance:           1.79769e+308
  Minimum:            1.79769e+308
  Maximum:            1.79769e+308



  MAIN_lambda_REGRESSION_ncit: variance of linear effects with ssvs prior

  Acceptance rate:    100 %

  Relative Changes in  

  Mean:               1.79769e+308
  Variance:           1.79769e+308
  Minimum:            1.79769e+308
  Maximum:            1.79769e+308



  MAIN_lambda_REGRESSION_ncit:  Nonlinear effect (P-spline) of years

  Acceptance rate:    88.11 %

  Relative Changes in  

  Mean:               0.376273
  Variance:           1.79769e+308
  Minimum:            1.79769e+308
  Maximum:            1.79769e+308



  MAIN_lambda_REGRESSION_ncit: Variance of nonlinear effect of years

  Acceptance rate:    100 %

  Relative Changes in  

  Mean:               1.79769e+308
  Variance:           1.79769e+308
  Minimum:            1.79769e+308
  Maximum:            1.79769e+308



  MAIN_lambda_REGRESSION_ncit:  Nonlinear effect (P-spline) of ncountrys

  Acceptance rate:    71.57 %

  Relative Changes in  

  Mean:               0.628847
  Variance:           1.79769e+308
  Minimum:            1.79769e+308
  Maximum:            1.79769e+308



  MAIN_lambda_REGRESSION_ncit: Variance of nonlinear effect of ncountrys

  Acceptance rate:    100 %

  Relative Changes in  

  Mean:               1.79769e+308
  Variance:           1.79769e+308
  Minimum:            1.79769e+308
  Maximum:            1.79769e+308



  MAIN_lambda_REGRESSION_ncit:  Nonlinear effect (P-spline) of nclaimss

  Acceptance rate:    87.1 %

  Relative Changes in  

  Mean:               0.682758
  Variance:           1.79769e+308
  Minimum:            1.79769e+308
  Maximum:            1.79769e+308



  MAIN_lambda_REGRESSION_ncit: Variance of nonlinear effect of nclaimss

  Acceptance rate:    100 %

  Relative Changes in  

  Mean:               1.79769e+308
  Variance:           1.79769e+308
  Minimum:            1.79769e+308
  Maximum:            1.79769e+308



  MAIN_pi_REGRESSION_ncit: linear effects

  Acceptance rate:    99.25 %

  Relative Changes in  

  Mean:               0.908345
  Variance:           1.79769e+308
  Minimum:            1.79769e+308
  Maximum:            1.79769e+308



  MAIN_pi_REGRESSION_ncit: linear effects with ssvs prior

  Acceptance rate:    54.25 %

  Relative Changes in  

  Mean:               1.2477
  Variance:           1.79769e+308
  Minimum:            1.79769e+308
  Maximum:            1.79769e+308



  MAIN_pi_REGRESSION_ncit: variance of linear effects with ssvs prior

  Acceptance rate:    100 %

  Relative Changes in  

  Mean:               1.79769e+308
  Variance:           1.79769e+308
  Minimum:            1.79769e+308
  Maximum:            1.79769e+308



  MAIN_pi_REGRESSION_ncit:  Nonlinear effect (P-spline) of years

  Acceptance rate:    94.54 %

  Relative Changes in  

  Mean:               0.960085
  Variance:           1.79769e+308
  Minimum:            1.79769e+308
  Maximum:            1.79769e+308



  MAIN_pi_REGRESSION_ncit: Variance of nonlinear effect of years

  Acceptance rate:    100 %

  Relative Changes in  

  Mean:               1.79769e+308
  Variance:           1.79769e+308
  Minimum:            1.79769e+308
  Maximum:            1.79769e+308



  MAIN_pi_REGRESSION_ncit:  Nonlinear effect (P-spline) of ncountrys

  Acceptance rate:    92.78 %

  Relative Changes in  

  Mean:               0.545236
  Variance:           1.79769e+308
  Minimum:            1.79769e+308
  Maximum:            1.79769e+308



  MAIN_pi_REGRESSION_ncit: Variance of nonlinear effect of ncountrys

  Acceptance rate:    100 %

  Relative Changes in  

  Mean:               1.79769e+308
  Variance:           1.79769e+308
  Minimum:            1.79769e+308
  Maximum:            1.79769e+308



  MAIN_pi_REGRESSION_ncit:  Nonlinear effect (P-spline) of nclaimss

  Acceptance rate:    99.62 %

  Relative Changes in  

  Mean:               0.984231
  Variance:           1.79769e+308
  Minimum:            1.79769e+308
  Maximum:            1.79769e+308



  MAIN_pi_REGRESSION_ncit: Variance of nonlinear effect of nclaimss

  Acceptance rate:    100 %

  Relative Changes in  

  Mean:               1.79769e+308
  Variance:           1.79769e+308
  Minimum:            1.79769e+308
  Maximum:            1.79769e+308


  ITERATION: 6000
  ITERATION: 7000
  ITERATION: 8000

  MAIN_lambda_REGRESSION_ncit: linear effects

  Acceptance rate:    98.3 %

  Relative Changes in  

  Mean:               0.00024773
  Variance:           0.173236
  Minimum:            0
  Maximum:            0.0586181



  MAIN_lambda_REGRESSION_ncit: linear effects with ssvs prior

  Acceptance rate:    65.64 %

  Relative Changes in  

  Mean:               0.0470527
  Variance:           0.0110896
  Minimum:            0.0177743
  Maximum:            0.0328521



  MAIN_lambda_REGRESSION_ncit: variance of linear effects with ssvs prior

  Acceptance rate:    100 %

  Relative Changes in  

  Mean:               0.0901944
  Variance:           0.269061
  Minimum:            0.318428
  Maximum:            0.160322



  MAIN_lambda_REGRESSION_ncit:  Nonlinear effect (P-spline) of years

  Acceptance rate:    88.13 %

  Relative Changes in  

  Mean:               0.0634201
  Variance:           0.0886975
  Minimum:            0.0526512
  Maximum:            0.0704829



  MAIN_lambda_REGRESSION_ncit: Variance of nonlinear effect of years

  Acceptance rate:    100 %

  Relative Changes in  

  Mean:               2.0717
  Variance:           11.6247
  Minimum:            3.08588e-05
  Maximum:            2.21118



  MAIN_lambda_REGRESSION_ncit:  Nonlinear effect (P-spline) of ncountrys

  Acceptance rate:    70.6 %

  Relative Changes in  

  Mean:               0.0419166
  Variance:           0.0545647
  Minimum:            0.0921795
  Maximum:            0.0582942



  MAIN_lambda_REGRESSION_ncit: Variance of nonlinear effect of ncountrys

  Acceptance rate:    100 %

  Relative Changes in  

  Mean:               0.119421
  Variance:           0.25839
  Minimum:            0.0142528
  Maximum:            0.00030592



  MAIN_lambda_REGRESSION_ncit:  Nonlinear effect (P-spline) of nclaimss

  Acceptance rate:    87.09 %

  Relative Changes in  

  Mean:               0.0100483
  Variance:           0.0406388
  Minimum:            0.0977224
  Maximum:            0.0476476



  MAIN_lambda_REGRESSION_ncit: Variance of nonlinear effect of nclaimss

  Acceptance rate:    100 %

  Relative Changes in  

  Mean:               0.0300012
  Variance:           0.035193
  Minimum:            9.52567e-05
  Maximum:            0.425829



  MAIN_pi_REGRESSION_ncit: linear effects

  Acceptance rate:    99.34 %

  Relative Changes in  

  Mean:               0.302334
  Variance:           0.0425427
  Minimum:            0.117625
  Maximum:            0.0394604



  MAIN_pi_REGRESSION_ncit: linear effects with ssvs prior

  Acceptance rate:    54.42 %

  Relative Changes in  

  Mean:               0.0109855
  Variance:           0.0608247
  Minimum:            0.17311
  Maximum:            0.0969668



  MAIN_pi_REGRESSION_ncit: variance of linear effects with ssvs prior

  Acceptance rate:    100 %

  Relative Changes in  

  Mean:               0.0575952
  Variance:           0.0862425
  Minimum:            0.0425878
  Maximum:            0.159097



  MAIN_pi_REGRESSION_ncit:  Nonlinear effect (P-spline) of years

  Acceptance rate:    94.85 %

  Relative Changes in  

  Mean:               0.0396741
  Variance:           0.0292712
  Minimum:            0.159096
  Maximum:            0.18638



  MAIN_pi_REGRESSION_ncit: Variance of nonlinear effect of years

  Acceptance rate:    100 %

  Relative Changes in  

  Mean:               0.137307
  Variance:           0.260722
  Minimum:            0.0930093
  Maximum:            5.42335e-06



  MAIN_pi_REGRESSION_ncit:  Nonlinear effect (P-spline) of ncountrys

  Acceptance rate:    93.33 %

  Relative Changes in  

  Mean:               0.0541349
  Variance:           0.0578801
  Minimum:            0.0653093
  Maximum:            0.120058



  MAIN_pi_REGRESSION_ncit: Variance of nonlinear effect of ncountrys

  Acceptance rate:    100 %

  Relative Changes in  

  Mean:               0.248243
  Variance:           0.472385
  Minimum:            0
  Maximum:            0



  MAIN_pi_REGRESSION_ncit:  Nonlinear effect (P-spline) of nclaimss

  Acceptance rate:    99.57 %

  Relative Changes in  

  Mean:               0.086112
  Variance:           0.07028
  Minimum:            0.219732
  Maximum:            0.371149



  MAIN_pi_REGRESSION_ncit: Variance of nonlinear effect of nclaimss

  Acceptance rate:    100 %

  Relative Changes in  

  Mean:               0.967559
  Variance:           1.01046
  Minimum:            0.595771
  Maximum:            0.149295


  ITERATION: 9000
  ITERATION: 10000
  ITERATION: 11000

  MAIN_lambda_REGRESSION_ncit: linear effects

  Acceptance rate:    98.33 %

  Relative Changes in  

  Mean:               0.00796419
  Variance:           0.0668407
  Minimum:            0.0744184
  Maximum:            0.00302642



  MAIN_lambda_REGRESSION_ncit: linear effects with ssvs prior

  Acceptance rate:    65.78 %

  Relative Changes in  

  Mean:               0.0155134
  Variance:           0.247586
  Minimum:            0.162803
  Maximum:            0.0186202



  MAIN_lambda_REGRESSION_ncit: variance of linear effects with ssvs prior

  Acceptance rate:    100 %

  Relative Changes in  

  Mean:               0.139026
  Variance:           0.304913
  Minimum:            0.0489614
  Maximum:            0.204223



  MAIN_lambda_REGRESSION_ncit:  Nonlinear effect (P-spline) of years

  Acceptance rate:    88.67 %

  Relative Changes in  

  Mean:               0.0508666
  Variance:           0.0634659
  Minimum:            0.0542868
  Maximum:            0.0101827



  MAIN_lambda_REGRESSION_ncit: Variance of nonlinear effect of years

  Acceptance rate:    100 %

  Relative Changes in  

  Mean:               0.257008
  Variance:           0.293161
  Minimum:            3.47863e-06
  Maximum:            0.33202



  MAIN_lambda_REGRESSION_ncit:  Nonlinear effect (P-spline) of ncountrys

  Acceptance rate:    70.6 %

  Relative Changes in  

  Mean:               0.0133218
  Variance:           0.143277
  Minimum:            0.212667
  Maximum:            0.14011



  MAIN_lambda_REGRESSION_ncit: Variance of nonlinear effect of ncountrys

  Acceptance rate:    100 %

  Relative Changes in  

  Mean:               0.0187924
  Variance:           0.157084
  Minimum:            0.00218653
  Maximum:            0.113428



  MAIN_lambda_REGRESSION_ncit:  Nonlinear effect (P-spline) of nclaimss

  Acceptance rate:    87.05 %

  Relative Changes in  

  Mean:               0.00935091
  Variance:           0.0598368
  Minimum:            0.085717
  Maximum:            0.0105378



  MAIN_lambda_REGRESSION_ncit: Variance of nonlinear effect of nclaimss

  Acceptance rate:    100 %

  Relative Changes in  

  Mean:               0.0479199
  Variance:           0.0725749
  Minimum:            1.29816e-05
  Maximum:            0.061607



  MAIN_pi_REGRESSION_ncit: linear effects

  Acceptance rate:    99.32 %

  Relative Changes in  

  Mean:               0.0979224
  Variance:           0.00614454
  Minimum:            0.162205
  Maximum:            0.0391776



  MAIN_pi_REGRESSION_ncit: linear effects with ssvs prior

  Acceptance rate:    54.71 %

  Relative Changes in  

  Mean:               0.00770207
  Variance:           0.0600817
  Minimum:            0.279047
  Maximum:            0.0147231



  MAIN_pi_REGRESSION_ncit: variance of linear effects with ssvs prior

  Acceptance rate:    100 %

  Relative Changes in  

  Mean:               0.047106
  Variance:           0.200423
  Minimum:            0.000967432
  Maximum:            0.498106



  MAIN_pi_REGRESSION_ncit:  Nonlinear effect (P-spline) of years

  Acceptance rate:    95.18 %

  Relative Changes in  

  Mean:               0.0141231
  Variance:           0.0218212
  Minimum:            0.0293497
  Maximum:            0.0240709



  MAIN_pi_REGRESSION_ncit: Variance of nonlinear effect of years

  Acceptance rate:    100 %

  Relative Changes in  

  Mean:               0.0268286
  Variance:           0.336346
  Minimum:            0.00302756
  Maximum:            0.79975



  MAIN_pi_REGRESSION_ncit:  Nonlinear effect (P-spline) of ncountrys

  Acceptance rate:    93.27 %

  Relative Changes in  

  Mean:               0.021961
  Variance:           0.0484942
  Minimum:            0.0706841
  Maximum:            0.110201



  MAIN_pi_REGRESSION_ncit: Variance of nonlinear effect of ncountrys

  Acceptance rate:    100 %

  Relative Changes in  

  Mean:               0.125102
  Variance:           0.312878
  Minimum:            0.516917
  Maximum:            0.000400662



  MAIN_pi_REGRESSION_ncit:  Nonlinear effect (P-spline) of nclaimss

  Acceptance rate:    99.52 %

  Relative Changes in  

  Mean:               0.333993
  Variance:           0.271173
  Minimum:            0.72393
  Maximum:            0.979685



  MAIN_pi_REGRESSION_ncit: Variance of nonlinear effect of nclaimss

  Acceptance rate:    100 %

  Relative Changes in  

  Mean:               0.275522
  Variance:           0.325323
  Minimum:            0.86752
  Maximum:            8.89562e-10


  ITERATION: 12000

SIMULATION TERMINATED

SIMULATION RUN TIME: 2 minutes 28 seconds


ESTIMATION RESULTS:


MCMCREG OBJECT m8: MAIN lambda REGRESSION_ncit



  MAIN_lambda_REGRESSION_ncit: linear effects


    Variable  mean           Std. Dev.      2.5% quant.    median         97.5% quant.   
    const     0.847019       0.0966815      0.641724       0.846081       1.04664        

    Acceptance rate:    98.33 %

    Results for fixed effects are also stored in file
    /home/mcarlan/VarSel/patent/results/score_batches_zip_ssvs_alpha0.1/predict8/lambda_MAIN_lambda_REGRESSION_ncit_LinearEffects.res


  MAIN_lambda_REGRESSION_ncit: linear effects with ssvs prior


    Variable  mean           Std. Dev.      2.5% quant.    median         97.5% quant.   
    years     -0.00513757    0.0314682      -0.0661278     -0.00299594    0.0635885      
    ncountrys -0.19206       0.107641       -0.401177      -0.195102      0.00528379     
    nclaimss  0.113778       0.030353       0.0481507      0.115271       0.170851       
    ustwin    0.074065       0.0290173      0.019909       0.0739474      0.12994        
    opp       0.171394       0.0139333      0.145292       0.17119        0.198188       
    biopharm  0.134893       0.0189748      0.0984737      0.135063       0.17365        
    patus     0.0953811      0.0151376      0.0678558      0.0955128      0.1265         
    patgsgr   -0.0632054     0.0189374      -0.0999543     -0.0635286     -0.0238038     

    Acceptance rate:    65.78 %

    Results for fixed effects are also stored in file
    /home/mcarlan/VarSel/patent/results/score_batches_zip_ssvs_alpha0.1/predict8/lambda_MAIN_lambda_REGRESSION_ncit_LinearEffects_ssvs.res


    Variance parameters:

  MAIN_lambda_REGRESSION_ncit: variance of linear effects with ssvs prior


    Variable  mean           Std. Dev.      2.5% quant.    median         97.5% quant.   
    years     0.0689444      0.366317       2.9496e-06     0.000546629    0.749195       
    ncountrys 0.740014       1.60113        0.000253822    0.158223       5.04368        
    nclaimss  0.212773       0.380133       0.000884067    0.0693341      1.27537        
    ustwin    0.676197       4.00922        0.000550797    0.00607233     6.62306        
    opp       1.57588        4.97508        0.00401157     0.0309372      14.8712        
    biopharm  1.28467        4.64368        0.00278214     0.0157643      16.3584        
    patus     0.720537       3.91538        0.00168487     0.0094318      6.5367         
    patgsgr   0.402473       2.52378        0.000534555    0.00489466     3.01404        


    Results for linear effects variance parameters are also stored in file
    /home/mcarlan/VarSel/patent/results/score_batches_zip_ssvs_alpha0.1/predict8/lambda_MAIN_lambda_REGRESSION_ncit_LinearEffects_ssvs_var.res


    Inclusion probabilities:

    Variable  mean           Std. Dev.      2.5% quant.    median         97.5% quant.   
    years     0.206          0.40443        0              0              1              
    ncountrys 0.809          0.393089       0              1              1              
    nclaimss  0.961          0.193595       0              1              1              
    ustwin    0.22           0.414246       0              0              1              
    opp       0.517          0.499711       0              1              1              
    biopharm  0.409          0.491649       0              0              1              
    patus     0.294          0.455592       0              0              1              
    patgsgr   0.192          0.393873       0              0              1              


    Results for delta parameters are also stored in file
    /home/mcarlan/VarSel/patent/results/score_batches_zip_ssvs_alpha0.1/predict8/lambda_MAIN_lambda_REGRESSION_ncit_LinearEffects_ssvs_delta.res


    Rao-Blackwellised inclusion probabilities:

    Variable  mean           Std. Dev.      2.5% quant.    median         97.5% quant.   
    years     0.207359       0.357437       0.00283192     0.0323772      1              
    ncountrys 0.812032       0.37619        0.00584563     1              1              
    nclaimss  0.959995       0.185938       0.0477782      1              1              
    ustwin    0.218736       0.358511       0.00364346     0.0392647      1              
    opp       0.515714       0.451727       0.00641511     0.401292       1              
    biopharm  0.408117       0.441059       0.00525379     0.119054       1              
    patus     0.284051       0.39497        0.00393606     0.054051       1              
    patgsgr   0.196784       0.342901       0.00321922     0.0363145      1              


    Results for Rao-Blackwellised inclusion probabilities are also stored in file
    /home/mcarlan/VarSel/patent/results/score_batches_zip_ssvs_alpha0.1/predict8/lambda_MAIN_lambda_REGRESSION_ncit_LinearEffects_ssvs_delta.res


    Inclusion probability parameter omega:

    Mean:           0.463278
    Std. dev.:      0.218771
    2.5% Quantile:  0.0780241
    10% Quantile:   0.176391
    50% Quantile:   0.446199
    90% Quantile:   0.775614
    97.5% Quantile: 0.910143


    Results for linear effects omega parameters are also stored in file
    /home/mcarlan/VarSel/patent/results/score_batches_zip_ssvs_alpha0.1/predict8/lambda_MAIN_lambda_REGRESSION_ncit_LinearEffects_ssvs_omega.res


  MAIN_lambda_REGRESSION_ncit:  Nonlinear effect (P-spline) of years

    Acceptance rate:    88.67 %

    Estimated parameters are stored in file
    /home/mcarlan/VarSel/patent/results/score_batches_zip_ssvs_alpha0.1/predict8/lambda_MAIN_lambda_REGRESSION_ncit_nonlinear_pspline_effect_of_years_param.res

    Function estimates are stored in file
    /home/mcarlan/VarSel/patent/results/score_batches_zip_ssvs_alpha0.1/predict8/lambda_MAIN_lambda_REGRESSION_ncit_nonlinear_pspline_effect_of_years.res

    Mean effects evaluated at years=-0.0134161827578266 with value -0.0104165112168565

    Scaling factor to blow up pointwise 95 percent credible intervals
    to obtain simultaneous credible intervals: 1.80788

    Scaling factor to blow up pointwise 80 percent credible intervals
    to obtain simultaneous credible intervals: 1.44608



  MAIN_lambda_REGRESSION_ncit: Variance of nonlinear effect of years

    Acceptance rate:    100 %

    Mean:           0.0244967
    Std. dev.:      0.0270114
    2.5% Quantile:  0.000162356
    10% Quantile:   0.000837477
    50% Quantile:   0.0161489
    90% Quantile:   0.0563783
    97.5% Quantile: 0.101343

    Results for the variance component are also stored in file
    /home/mcarlan/VarSel/patent/results/score_batches_zip_ssvs_alpha0.1/predict8/lambda_MAIN_lambda_REGRESSION_ncit_variance_of_nonlinear_pspline_effect_of_years.res


    Inclusion probability:


    Variable  mean           Std. Dev.      2.5% quant.    median         97.5% quant.   
    years     0.929          0.256825       0              1              1              

    Results for the inclusion probabilities are also stored in file
    /home/mcarlan/VarSel/patent/results/score_batches_zip_ssvs_alpha0.1/predict8/lambda_MAIN_lambda_REGRESSION_ncit_variance_of_nonlinear_pspline_effect_of_years_delta.res


    Rao-Blackwellised inclusion probability:


    Variable  mean           Std. Dev.      2.5% quant.    median         97.5% quant.   
    years     0.931042       0.229926       0.0570716      1              1              

    Results for the Rao-Blackwellised inclusion probabilities are also stored in file
    /home/mcarlan/VarSel/patent/results/score_batches_zip_ssvs_alpha0.1/predict8/lambda_MAIN_lambda_REGRESSION_ncit_variance_of_nonlinear_pspline_effect_of_years_delta_prob.res


    Variance hyperparameter psi2: 

    Mean:           0.03277
    Std. dev.:      0.0176922
    2.5% Quantile:  0.0134908
    10% Quantile:   0.0172045
    50% Quantile:   0.0281221
    90% Quantile:   0.0521017
    97.5% Quantile: 0.0749841


    Results for psi2 are also stored in file
    /home/mcarlan/VarSel/patent/results/score_batches_zip_ssvs_alpha0.1/predict8/lambda_MAIN_lambda_REGRESSION_ncit_variance_of_nonlinear_pspline_effect_of_years_psi2.res


    Inclusion probability parameter omega:

    Mean:           0.65326
    Std. dev.:      0.242844
    2.5% Quantile:  0.126059
    10% Quantile:   0.294393
    50% Quantile:   0.689599
    90% Quantile:   0.950317
    97.5% Quantile: 0.988324


    Results for the inclusion probability parameter omega are also stored in file
    /home/mcarlan/VarSel/patent/results/score_batches_zip_ssvs_alpha0.1/predict8/lambda_MAIN_lambda_REGRESSION_ncit_variance_of_nonlinear_pspline_effect_of_years_omega.res



  MAIN_lambda_REGRESSION_ncit:  Nonlinear effect (P-spline) of ncountrys

    Acceptance rate:    70.59 %

    Estimated parameters are stored in file
    /home/mcarlan/VarSel/patent/results/score_batches_zip_ssvs_alpha0.1/predict8/lambda_MAIN_lambda_REGRESSION_ncit_nonlinear_pspline_effect_of_ncountrys_param.res

    Function estimates are stored in file
    /home/mcarlan/VarSel/patent/results/score_batches_zip_ssvs_alpha0.1/predict8/lambda_MAIN_lambda_REGRESSION_ncit_nonlinear_pspline_effect_of_ncountrys.res

    Mean effects evaluated at ncountrys=0.0560748548266889 with value 0.143104295365857

    Scaling factor to blow up pointwise 95 percent credible intervals
    to obtain simultaneous credible intervals: 1.77013

    Scaling factor to blow up pointwise 80 percent credible intervals
    to obtain simultaneous credible intervals: 1.4514



  MAIN_lambda_REGRESSION_ncit: Variance of nonlinear effect of ncountrys

    Acceptance rate:    100 %

    Mean:           0.286703
    Std. dev.:      0.218066
    2.5% Quantile:  0.0381869
    10% Quantile:   0.0667493
    50% Quantile:   0.230619
    90% Quantile:   0.580366
    97.5% Quantile: 0.852211

    Results for the variance component are also stored in file
    /home/mcarlan/VarSel/patent/results/score_batches_zip_ssvs_alpha0.1/predict8/lambda_MAIN_lambda_REGRESSION_ncit_variance_of_nonlinear_pspline_effect_of_ncountrys.res


    Inclusion probability:


    Variable  mean           Std. Dev.      2.5% quant.    median         97.5% quant.   
    ncountrys 1              0              1              1              1              

    Results for the inclusion probabilities are also stored in file
    /home/mcarlan/VarSel/patent/results/score_batches_zip_ssvs_alpha0.1/predict8/lambda_MAIN_lambda_REGRESSION_ncit_variance_of_nonlinear_pspline_effect_of_ncountrys_delta.res


    Rao-Blackwellised inclusion probability:


    Variable  mean           Std. Dev.      2.5% quant.    median         97.5% quant.   
    ncountrys 1              0              1              1              1              

    Results for the Rao-Blackwellised inclusion probabilities are also stored in file
    /home/mcarlan/VarSel/patent/results/score_batches_zip_ssvs_alpha0.1/predict8/lambda_MAIN_lambda_REGRESSION_ncit_variance_of_nonlinear_pspline_effect_of_ncountrys_delta_prob.res


    Variance hyperparameter psi2: 

    Mean:           0.0622294
    Std. dev.:      0.041852
    2.5% Quantile:  0.0183202
    10% Quantile:   0.0253738
    50% Quantile:   0.050833
    90% Quantile:   0.109781
    97.5% Quantile: 0.181303


    Results for psi2 are also stored in file
    /home/mcarlan/VarSel/patent/results/score_batches_zip_ssvs_alpha0.1/predict8/lambda_MAIN_lambda_REGRESSION_ncit_variance_of_nonlinear_pspline_effect_of_ncountrys_psi2.res


    Inclusion probability parameter omega:

    Mean:           0.665863
    Std. dev.:      0.238672
    2.5% Quantile:  0.13596
    10% Quantile:   0.307466
    50% Quantile:   0.706665
    90% Quantile:   0.947567
    97.5% Quantile: 0.985272


    Results for the inclusion probability parameter omega are also stored in file
    /home/mcarlan/VarSel/patent/results/score_batches_zip_ssvs_alpha0.1/predict8/lambda_MAIN_lambda_REGRESSION_ncit_variance_of_nonlinear_pspline_effect_of_ncountrys_omega.res



  MAIN_lambda_REGRESSION_ncit:  Nonlinear effect (P-spline) of nclaimss

    Acceptance rate:    87.05 %

    Estimated parameters are stored in file
    /home/mcarlan/VarSel/patent/results/score_batches_zip_ssvs_alpha0.1/predict8/lambda_MAIN_lambda_REGRESSION_ncit_nonlinear_pspline_effect_of_nclaimss_param.res

    Function estimates are stored in file
    /home/mcarlan/VarSel/patent/results/score_batches_zip_ssvs_alpha0.1/predict8/lambda_MAIN_lambda_REGRESSION_ncit_nonlinear_pspline_effect_of_nclaimss.res

    Mean effects evaluated at nclaimss=-0.0401618394422281 with value 0.0290973626291099

    Scaling factor to blow up pointwise 95 percent credible intervals
    to obtain simultaneous credible intervals: 1.92546

    Scaling factor to blow up pointwise 80 percent credible intervals
    to obtain simultaneous credible intervals: 1.58346



  MAIN_lambda_REGRESSION_ncit: Variance of nonlinear effect of nclaimss

    Acceptance rate:    100 %

    Mean:           0.0148208
    Std. dev.:      0.0148841
    2.5% Quantile:  0.00237392
    10% Quantile:   0.00387377
    50% Quantile:   0.0105354
    90% Quantile:   0.0308155
    97.5% Quantile: 0.0537449

    Results for the variance component are also stored in file
    /home/mcarlan/VarSel/patent/results/score_batches_zip_ssvs_alpha0.1/predict8/lambda_MAIN_lambda_REGRESSION_ncit_variance_of_nonlinear_pspline_effect_of_nclaimss.res


    Inclusion probability:


    Variable  mean           Std. Dev.      2.5% quant.    median         97.5% quant.   
    nclaimss  1              0              1              1              1              

    Results for the inclusion probabilities are also stored in file
    /home/mcarlan/VarSel/patent/results/score_batches_zip_ssvs_alpha0.1/predict8/lambda_MAIN_lambda_REGRESSION_ncit_variance_of_nonlinear_pspline_effect_of_nclaimss_delta.res


    Rao-Blackwellised inclusion probability:


    Variable  mean           Std. Dev.      2.5% quant.    median         97.5% quant.   
    nclaimss  0.999939       0.00118567     0.999998       1              1              

    Results for the Rao-Blackwellised inclusion probabilities are also stored in file
    /home/mcarlan/VarSel/patent/results/score_batches_zip_ssvs_alpha0.1/predict8/lambda_MAIN_lambda_REGRESSION_ncit_variance_of_nonlinear_pspline_effect_of_nclaimss_delta_prob.res


    Variance hyperparameter psi2: 

    Mean:           0.0303406
    Std. dev.:      0.0162086
    2.5% Quantile:  0.0119025
    10% Quantile:   0.0160376
    50% Quantile:   0.0264473
    90% Quantile:   0.049184
    97.5% Quantile: 0.0738636


    Results for psi2 are also stored in file
    /home/mcarlan/VarSel/patent/results/score_batches_zip_ssvs_alpha0.1/predict8/lambda_MAIN_lambda_REGRESSION_ncit_variance_of_nonlinear_pspline_effect_of_nclaimss_psi2.res


    Inclusion probability parameter omega:

    Mean:           0.668683
    Std. dev.:      0.232294
    2.5% Quantile:  0.169943
    10% Quantile:   0.321434
    50% Quantile:   0.704241
    90% Quantile:   0.954048
    97.5% Quantile: 0.987485


    Results for the inclusion probability parameter omega are also stored in file
    /home/mcarlan/VarSel/patent/results/score_batches_zip_ssvs_alpha0.1/predict8/lambda_MAIN_lambda_REGRESSION_ncit_variance_of_nonlinear_pspline_effect_of_nclaimss_omega.res


  PREDICTED VALUES: 

    Results for the predictor, mean are stored in file
    /home/mcarlan/VarSel/patent/results/score_batches_zip_ssvs_alpha0.1/predict8/lambda_MAIN_lambda_REGRESSION_ncit_predict.res


  ESTIMATION RESULT FOR THE DEVIANCE: 

    Mean:           15592.472
    Std. Dev:       18.592619
    2p5% Quantile:  15557.836
    10% Quantile:   15568.252
    50% Quantile:   15592.132
    90% Quantile:   15617.487
    97p5% Quantile: 15629.284


    Results for the DIC are stored in file
    /home/mcarlan/VarSel/patent/results/score_batches_zip_ssvs_alpha0.1/predict8/lambda_MAIN_lambda_REGRESSION_ncit_predict_DIC.res

  ESTIMATION RESULTS FOR THE DIC: 

    Deviance(bar_mu):           15534.458
    pD:                         58.013916
    DIC:                        15650.486


    Results for the WAIC are stored in file
    /home/mcarlan/VarSel/patent/results/score_batches_zip_ssvs_alpha0.1/predict8/lambda_MAIN_lambda_REGRESSION_ncit_predict_WAIC.res

  ESTIMATION RESULTS FOR THE WAIC: 

    l_pd:                       15455.482
    p_d:                        150.25305
    WAIC:                       15755.988



MCMCREG OBJECT m8: MAIN pi REGRESSION_ncit



  MAIN_pi_REGRESSION_ncit: linear effects


    Variable  mean           Std. Dev.      2.5% quant.    median         97.5% quant.   
    const     -0.0327118     0.132208       -0.281662      -0.0338805     0.232439       

    Acceptance rate:    99.33 %

    Results for fixed effects are also stored in file
    /home/mcarlan/VarSel/patent/results/score_batches_zip_ssvs_alpha0.1/predict8/pi_MAIN_pi_REGRESSION_ncit_LinearEffects.res


  MAIN_pi_REGRESSION_ncit: linear effects with ssvs prior


    Variable  mean           Std. Dev.      2.5% quant.    median         97.5% quant.   
    years     0.459277       0.0855198      0.29989        0.45764        0.638577       
    ncountrys 0.101391       0.114229       -0.0539969     0.0744305      0.364845       
    nclaimss  -0.0120936     0.0283237      -0.0856688     -0.0052711     0.0334135      
    ustwin    0.0333256      0.0611804      -0.0824332     0.0260911      0.167912       
    opp       -0.111496      0.0425895      -0.193821      -0.112336      -0.0273367     
    biopharm  0.0773677      0.0565074      -0.0182966     0.074747       0.198426       
    patus     0.278796       0.0468515      0.188697       0.278545       0.368454       
    patgsgr   0.192198       0.0553507      0.0807517      0.192772       0.29741        

    Acceptance rate:    54.72 %

    Results for fixed effects are also stored in file
    /home/mcarlan/VarSel/patent/results/score_batches_zip_ssvs_alpha0.1/predict8/pi_MAIN_pi_REGRESSION_ncit_LinearEffects_ssvs.res


    Variance parameters:

  MAIN_pi_REGRESSION_ncit: variance of linear effects with ssvs prior


    Variable  mean           Std. Dev.      2.5% quant.    median         97.5% quant.   
    years     0.942823       1.37215        0.0404384      0.479108       5.03444        
    ncountrys 0.46446        1.46116        1.57724e-05    0.00984969     3.61159        
    nclaimss  0.0391515      0.176641       1.3615e-06     0.000268378    0.415085       
    ustwin    0.370688       2.42277        1.98308e-05    0.00362156     3.1714         
    opp       0.936415       3.85515        0.000943482    0.0119045      9.44619        
    biopharm  0.59995        3.10271        4.59869e-05    0.00601829     6.22457        
    patus     3.26216        8.44262        0.00885776     0.422306       24.6126        
    patgsgr   2.33783        6.89717        0.00309146     0.0895222      21.1512        


    Results for linear effects variance parameters are also stored in file
    /home/mcarlan/VarSel/patent/results/score_batches_zip_ssvs_alpha0.1/predict8/pi_MAIN_pi_REGRESSION_ncit_LinearEffects_ssvs_var.res


    Inclusion probabilities:

    Variable  mean           Std. Dev.      2.5% quant.    median         97.5% quant.   
    years     0.999          0.031607       1              1              1              
    ncountrys 0.536          0.498702       0              1              1              
    nclaimss  0.288          0.452831       0              0              1              
    ustwin    0.19           0.392301       0              0              1              
    opp       0.357          0.479115       0              0              1              
    biopharm  0.258          0.437534       0              0              1              
    patus     0.804          0.396969       0              1              1              
    patgsgr   0.627          0.483602       0              1              1              


    Results for delta parameters are also stored in file
    /home/mcarlan/VarSel/patent/results/score_batches_zip_ssvs_alpha0.1/predict8/pi_MAIN_pi_REGRESSION_ncit_LinearEffects_ssvs_delta.res


    Rao-Blackwellised inclusion probabilities:

    Variable  mean           Std. Dev.      2.5% quant.    median         97.5% quant.   
    years     0.999318       0.0214384      1              1              1              
    ncountrys 0.538372       0.47031        0.0040915      0.827603       1              
    nclaimss  0.280152       0.403952       0.0036288      0.0416848      1              
    ustwin    0.199192       0.341631       0.00314007     0.0352447      1              
    opp       0.353257       0.426499       0.00457037     0.0753825      1              
    biopharm  0.26485        0.388459       0.00388647     0.0484889      1              
    patus     0.79825        0.368683       0.0124345      1              1              
    patgsgr   0.609813       0.446915       0.00699869     0.999729       1              


    Results for Rao-Blackwellised inclusion probabilities are also stored in file
    /home/mcarlan/VarSel/patent/results/score_batches_zip_ssvs_alpha0.1/predict8/pi_MAIN_pi_REGRESSION_ncit_LinearEffects_ssvs_delta.res


    Inclusion probability parameter omega:

    Mean:           0.50208
    Std. dev.:      0.219754
    2.5% Quantile:  0.117582
    10% Quantile:   0.209989
    50% Quantile:   0.48978
    90% Quantile:   0.798988
    97.5% Quantile: 0.913617


    Results for linear effects omega parameters are also stored in file
    /home/mcarlan/VarSel/patent/results/score_batches_zip_ssvs_alpha0.1/predict8/pi_MAIN_pi_REGRESSION_ncit_LinearEffects_ssvs_omega.res


  MAIN_pi_REGRESSION_ncit:  Nonlinear effect (P-spline) of years

    Acceptance rate:    95.18 %

    Estimated parameters are stored in file
    /home/mcarlan/VarSel/patent/results/score_batches_zip_ssvs_alpha0.1/predict8/pi_MAIN_pi_REGRESSION_ncit_nonlinear_pspline_effect_of_years_param.res

    Function estimates are stored in file
    /home/mcarlan/VarSel/patent/results/score_batches_zip_ssvs_alpha0.1/predict8/pi_MAIN_pi_REGRESSION_ncit_nonlinear_pspline_effect_of_years.res

    Mean effects evaluated at years=-0.0134161827578266 with value -0.450573166961317

    Scaling factor to blow up pointwise 95 percent credible intervals
    to obtain simultaneous credible intervals: 1.81783

    Scaling factor to blow up pointwise 80 percent credible intervals
    to obtain simultaneous credible intervals: 1.45771



  MAIN_pi_REGRESSION_ncit: Variance of nonlinear effect of years

    Acceptance rate:    100 %

    Mean:           0.0172565
    Std. dev.:      0.0148322
    2.5% Quantile:  0.00178162
    10% Quantile:   0.00398338
    50% Quantile:   0.012694
    90% Quantile:   0.0368927
    97.5% Quantile: 0.0591461

    Results for the variance component are also stored in file
    /home/mcarlan/VarSel/patent/results/score_batches_zip_ssvs_alpha0.1/predict8/pi_MAIN_pi_REGRESSION_ncit_variance_of_nonlinear_pspline_effect_of_years.res


    Inclusion probability:


    Variable  mean           Std. Dev.      2.5% quant.    median         97.5% quant.   
    years     0.997          0.05469        1              1              1              

    Results for the inclusion probabilities are also stored in file
    /home/mcarlan/VarSel/patent/results/score_batches_zip_ssvs_alpha0.1/predict8/pi_MAIN_pi_REGRESSION_ncit_variance_of_nonlinear_pspline_effect_of_years_delta.res


    Rao-Blackwellised inclusion probability:


    Variable  mean           Std. Dev.      2.5% quant.    median         97.5% quant.   
    years     0.996463       0.0446172      0.999975       1              1              

    Results for the Rao-Blackwellised inclusion probabilities are also stored in file
    /home/mcarlan/VarSel/patent/results/score_batches_zip_ssvs_alpha0.1/predict8/pi_MAIN_pi_REGRESSION_ncit_variance_of_nonlinear_pspline_effect_of_years_delta_prob.res


    Variance hyperparameter psi2: 

    Mean:           0.030506
    Std. dev.:      0.0155664
    2.5% Quantile:  0.012859
    10% Quantile:   0.0159732
    50% Quantile:   0.026982
    90% Quantile:   0.0491692
    97.5% Quantile: 0.0734448


    Results for psi2 are also stored in file
    /home/mcarlan/VarSel/patent/results/score_batches_zip_ssvs_alpha0.1/predict8/pi_MAIN_pi_REGRESSION_ncit_variance_of_nonlinear_pspline_effect_of_years_psi2.res


    Inclusion probability parameter omega:

    Mean:           0.670743
    Std. dev.:      0.234952
    2.5% Quantile:  0.169367
    10% Quantile:   0.310895
    50% Quantile:   0.723063
    90% Quantile:   0.941312
    97.5% Quantile: 0.989151


    Results for the inclusion probability parameter omega are also stored in file
    /home/mcarlan/VarSel/patent/results/score_batches_zip_ssvs_alpha0.1/predict8/pi_MAIN_pi_REGRESSION_ncit_variance_of_nonlinear_pspline_effect_of_years_omega.res



  MAIN_pi_REGRESSION_ncit:  Nonlinear effect (P-spline) of ncountrys

    Acceptance rate:    93.27 %

    Estimated parameters are stored in file
    /home/mcarlan/VarSel/patent/results/score_batches_zip_ssvs_alpha0.1/predict8/pi_MAIN_pi_REGRESSION_ncit_nonlinear_pspline_effect_of_ncountrys_param.res

    Function estimates are stored in file
    /home/mcarlan/VarSel/patent/results/score_batches_zip_ssvs_alpha0.1/predict8/pi_MAIN_pi_REGRESSION_ncit_nonlinear_pspline_effect_of_ncountrys.res

    Mean effects evaluated at ncountrys=0.0560748548266889 with value -0.0369038694562001

    Scaling factor to blow up pointwise 95 percent credible intervals
    to obtain simultaneous credible intervals: 1.82664

    Scaling factor to blow up pointwise 80 percent credible intervals
    to obtain simultaneous credible intervals: 1.53838



  MAIN_pi_REGRESSION_ncit: Variance of nonlinear effect of ncountrys

    Acceptance rate:    100 %

    Mean:           0.178193
    Std. dev.:      0.197795
    2.5% Quantile:  0.00751476
    10% Quantile:   0.0197549
    50% Quantile:   0.115217
    90% Quantile:   0.416842
    97.5% Quantile: 0.690422

    Results for the variance component are also stored in file
    /home/mcarlan/VarSel/patent/results/score_batches_zip_ssvs_alpha0.1/predict8/pi_MAIN_pi_REGRESSION_ncit_variance_of_nonlinear_pspline_effect_of_ncountrys.res


    Inclusion probability:


    Variable  mean           Std. Dev.      2.5% quant.    median         97.5% quant.   
    ncountrys 0.998          0.0446766      1              1              1              

    Results for the inclusion probabilities are also stored in file
    /home/mcarlan/VarSel/patent/results/score_batches_zip_ssvs_alpha0.1/predict8/pi_MAIN_pi_REGRESSION_ncit_variance_of_nonlinear_pspline_effect_of_ncountrys_delta.res


    Rao-Blackwellised inclusion probability:


    Variable  mean           Std. Dev.      2.5% quant.    median         97.5% quant.   
    ncountrys 0.998355       0.035121       1              1              1              

    Results for the Rao-Blackwellised inclusion probabilities are also stored in file
    /home/mcarlan/VarSel/patent/results/score_batches_zip_ssvs_alpha0.1/predict8/pi_MAIN_pi_REGRESSION_ncit_variance_of_nonlinear_pspline_effect_of_ncountrys_delta_prob.res


    Variance hyperparameter psi2: 

    Mean:           0.0498719
    Std. dev.:      0.0368681
    2.5% Quantile:  0.0157305
    10% Quantile:   0.0215572
    50% Quantile:   0.0402225
    90% Quantile:   0.0846861
    97.5% Quantile: 0.145823


    Results for psi2 are also stored in file
    /home/mcarlan/VarSel/patent/results/score_batches_zip_ssvs_alpha0.1/predict8/pi_MAIN_pi_REGRESSION_ncit_variance_of_nonlinear_pspline_effect_of_ncountrys_psi2.res


    Inclusion probability parameter omega:

    Mean:           0.673306
    Std. dev.:      0.236323
    2.5% Quantile:  0.159711
    10% Quantile:   0.312381
    50% Quantile:   0.718494
    90% Quantile:   0.951083
    97.5% Quantile: 0.985074


    Results for the inclusion probability parameter omega are also stored in file
    /home/mcarlan/VarSel/patent/results/score_batches_zip_ssvs_alpha0.1/predict8/pi_MAIN_pi_REGRESSION_ncit_variance_of_nonlinear_pspline_effect_of_ncountrys_omega.res



  MAIN_pi_REGRESSION_ncit:  Nonlinear effect (P-spline) of nclaimss

    Acceptance rate:    99.52 %

    Estimated parameters are stored in file
    /home/mcarlan/VarSel/patent/results/score_batches_zip_ssvs_alpha0.1/predict8/pi_MAIN_pi_REGRESSION_ncit_nonlinear_pspline_effect_of_nclaimss_param.res

    Function estimates are stored in file
    /home/mcarlan/VarSel/patent/results/score_batches_zip_ssvs_alpha0.1/predict8/pi_MAIN_pi_REGRESSION_ncit_nonlinear_pspline_effect_of_nclaimss.res

    Mean effects evaluated at nclaimss=-0.0401618394422281 with value -0.000488987639886298

    Scaling factor to blow up pointwise 95 percent credible intervals
    to obtain simultaneous credible intervals: 1.97954

    Scaling factor to blow up pointwise 80 percent credible intervals
    to obtain simultaneous credible intervals: 1.68479



  MAIN_pi_REGRESSION_ncit: Variance of nonlinear effect of nclaimss

    Acceptance rate:    100 %

    Mean:           0.00034791
    Std. dev.:      0.00266315
    2.5% Quantile:  2.51848e-07
    10% Quantile:   1.87883e-06
    50% Quantile:   3.27179e-05
    90% Quantile:   0.000324936
    97.5% Quantile: 0.00152496

    Results for the variance component are also stored in file
    /home/mcarlan/VarSel/patent/results/score_batches_zip_ssvs_alpha0.1/predict8/pi_MAIN_pi_REGRESSION_ncit_variance_of_nonlinear_pspline_effect_of_nclaimss.res


    Inclusion probability:


    Variable  mean           Std. Dev.      2.5% quant.    median         97.5% quant.   
    nclaimss  0.139          0.345947       0              0              1              

    Results for the inclusion probabilities are also stored in file
    /home/mcarlan/VarSel/patent/results/score_batches_zip_ssvs_alpha0.1/predict8/pi_MAIN_pi_REGRESSION_ncit_variance_of_nonlinear_pspline_effect_of_nclaimss_delta.res


    Rao-Blackwellised inclusion probability:


    Variable  mean           Std. Dev.      2.5% quant.    median         97.5% quant.   
    nclaimss  0.144857       0.259938       0.00104631     0.0374411      0.999993       

    Results for the Rao-Blackwellised inclusion probabilities are also stored in file
    /home/mcarlan/VarSel/patent/results/score_batches_zip_ssvs_alpha0.1/predict8/pi_MAIN_pi_REGRESSION_ncit_variance_of_nonlinear_pspline_effect_of_nclaimss_delta_prob.res


    Variance hyperparameter psi2: 

    Mean:           0.0310115
    Std. dev.:      0.0168647
    2.5% Quantile:  0.0118006
    10% Quantile:   0.0153225
    50% Quantile:   0.0263663
    90% Quantile:   0.0511778
    97.5% Quantile: 0.0746754


    Results for psi2 are also stored in file
    /home/mcarlan/VarSel/patent/results/score_batches_zip_ssvs_alpha0.1/predict8/pi_MAIN_pi_REGRESSION_ncit_variance_of_nonlinear_pspline_effect_of_nclaimss_psi2.res


    Inclusion probability parameter omega:

    Mean:           0.377937
    Std. dev.:      0.268042
    2.5% Quantile:  0.0112082
    10% Quantile:   0.0518737
    50% Quantile:   0.33274
    90% Quantile:   0.773088
    97.5% Quantile: 0.920531


    Results for the inclusion probability parameter omega are also stored in file
    /home/mcarlan/VarSel/patent/results/score_batches_zip_ssvs_alpha0.1/predict8/pi_MAIN_pi_REGRESSION_ncit_variance_of_nonlinear_pspline_effect_of_nclaimss_omega.res


  FILES FOR VISUALIZING RESULTS:

    STATA DO-FILE

    /home/mcarlan/VarSel/patent/results/score_batches_zip_ssvs_alpha0.1/predict8/lambda_stata.do

    R-FILE

    /home/mcarlan/VarSel/patent/results/score_batches_zip_ssvs_alpha0.1/predict8/lambda_R.r

> m8.getsample

Storing sampled parameters...
Sampled parameters are stored in file(s):

/home/mcarlan/VarSel/patent/results/score_batches_zip_ssvs_alpha0.1/predict8/pi_MAIN_pi_REGRESSION_ncit_LinearEffects_sample.raw

/home/mcarlan/VarSel/patent/results/score_batches_zip_ssvs_alpha0.1/predict8/pi_MAIN_pi_REGRESSION_ncit_LinearEffects_ssvs_sample.raw

/home/mcarlan/VarSel/patent/results/score_batches_zip_ssvs_alpha0.1/predict8/pi_MAIN_pi_REGRESSION_ncit_LinearEffects_ssvs_var_sample.raw
/home/mcarlan/VarSel/patent/results/score_batches_zip_ssvs_alpha0.1/predict8/pi_MAIN_pi_REGRESSION_ncit_LinearEffects_ssvs_delta_sample.raw
/home/mcarlan/VarSel/patent/results/score_batches_zip_ssvs_alpha0.1/predict8/pi_MAIN_pi_REGRESSION_ncit_LinearEffects_ssvs_omega_sample.raw

/home/mcarlan/VarSel/patent/results/score_batches_zip_ssvs_alpha0.1/predict8/pi_MAIN_pi_REGRESSION_ncit_nonlinear_pspline_effect_of_years_sample.raw

/home/mcarlan/VarSel/patent/results/score_batches_zip_ssvs_alpha0.1/predict8/pi_MAIN_pi_REGRESSION_ncit_variance_of_nonlinear_pspline_effect_of_years_sample.raw
/home/mcarlan/VarSel/patent/results/score_batches_zip_ssvs_alpha0.1/predict8/pi_MAIN_pi_REGRESSION_ncit_variance_of_nonlinear_pspline_effect_of_years_delta_sample.raw
/home/mcarlan/VarSel/patent/results/score_batches_zip_ssvs_alpha0.1/predict8/pi_MAIN_pi_REGRESSION_ncit_variance_of_nonlinear_pspline_effect_of_years_omega_sample.raw
/home/mcarlan/VarSel/patent/results/score_batches_zip_ssvs_alpha0.1/predict8/pi_MAIN_pi_REGRESSION_ncit_variance_of_nonlinear_pspline_effect_of_years_psi2_sample.raw

/home/mcarlan/VarSel/patent/results/score_batches_zip_ssvs_alpha0.1/predict8/pi_MAIN_pi_REGRESSION_ncit_nonlinear_pspline_effect_of_ncountrys_sample.raw

/home/mcarlan/VarSel/patent/results/score_batches_zip_ssvs_alpha0.1/predict8/pi_MAIN_pi_REGRESSION_ncit_variance_of_nonlinear_pspline_effect_of_ncountrys_sample.raw
/home/mcarlan/VarSel/patent/results/score_batches_zip_ssvs_alpha0.1/predict8/pi_MAIN_pi_REGRESSION_ncit_variance_of_nonlinear_pspline_effect_of_ncountrys_delta_sample.raw
/home/mcarlan/VarSel/patent/results/score_batches_zip_ssvs_alpha0.1/predict8/pi_MAIN_pi_REGRESSION_ncit_variance_of_nonlinear_pspline_effect_of_ncountrys_omega_sample.raw
/home/mcarlan/VarSel/patent/results/score_batches_zip_ssvs_alpha0.1/predict8/pi_MAIN_pi_REGRESSION_ncit_variance_of_nonlinear_pspline_effect_of_ncountrys_psi2_sample.raw

/home/mcarlan/VarSel/patent/results/score_batches_zip_ssvs_alpha0.1/predict8/pi_MAIN_pi_REGRESSION_ncit_nonlinear_pspline_effect_of_nclaimss_sample.raw

/home/mcarlan/VarSel/patent/results/score_batches_zip_ssvs_alpha0.1/predict8/pi_MAIN_pi_REGRESSION_ncit_variance_of_nonlinear_pspline_effect_of_nclaimss_sample.raw
/home/mcarlan/VarSel/patent/results/score_batches_zip_ssvs_alpha0.1/predict8/pi_MAIN_pi_REGRESSION_ncit_variance_of_nonlinear_pspline_effect_of_nclaimss_delta_sample.raw
/home/mcarlan/VarSel/patent/results/score_batches_zip_ssvs_alpha0.1/predict8/pi_MAIN_pi_REGRESSION_ncit_variance_of_nonlinear_pspline_effect_of_nclaimss_omega_sample.raw
/home/mcarlan/VarSel/patent/results/score_batches_zip_ssvs_alpha0.1/predict8/pi_MAIN_pi_REGRESSION_ncit_variance_of_nonlinear_pspline_effect_of_nclaimss_psi2_sample.raw

/home/mcarlan/VarSel/patent/results/score_batches_zip_ssvs_alpha0.1/predict8/lambda_MAIN_lambda_REGRESSION_ncit_LinearEffects_sample.raw

/home/mcarlan/VarSel/patent/results/score_batches_zip_ssvs_alpha0.1/predict8/lambda_MAIN_lambda_REGRESSION_ncit_LinearEffects_ssvs_sample.raw

/home/mcarlan/VarSel/patent/results/score_batches_zip_ssvs_alpha0.1/predict8/lambda_MAIN_lambda_REGRESSION_ncit_LinearEffects_ssvs_var_sample.raw
/home/mcarlan/VarSel/patent/results/score_batches_zip_ssvs_alpha0.1/predict8/lambda_MAIN_lambda_REGRESSION_ncit_LinearEffects_ssvs_delta_sample.raw
/home/mcarlan/VarSel/patent/results/score_batches_zip_ssvs_alpha0.1/predict8/lambda_MAIN_lambda_REGRESSION_ncit_LinearEffects_ssvs_omega_sample.raw

/home/mcarlan/VarSel/patent/results/score_batches_zip_ssvs_alpha0.1/predict8/lambda_MAIN_lambda_REGRESSION_ncit_nonlinear_pspline_effect_of_years_sample.raw

/home/mcarlan/VarSel/patent/results/score_batches_zip_ssvs_alpha0.1/predict8/lambda_MAIN_lambda_REGRESSION_ncit_variance_of_nonlinear_pspline_effect_of_years_sample.raw
/home/mcarlan/VarSel/patent/results/score_batches_zip_ssvs_alpha0.1/predict8/lambda_MAIN_lambda_REGRESSION_ncit_variance_of_nonlinear_pspline_effect_of_years_delta_sample.raw
/home/mcarlan/VarSel/patent/results/score_batches_zip_ssvs_alpha0.1/predict8/lambda_MAIN_lambda_REGRESSION_ncit_variance_of_nonlinear_pspline_effect_of_years_omega_sample.raw
/home/mcarlan/VarSel/patent/results/score_batches_zip_ssvs_alpha0.1/predict8/lambda_MAIN_lambda_REGRESSION_ncit_variance_of_nonlinear_pspline_effect_of_years_psi2_sample.raw

/home/mcarlan/VarSel/patent/results/score_batches_zip_ssvs_alpha0.1/predict8/lambda_MAIN_lambda_REGRESSION_ncit_nonlinear_pspline_effect_of_ncountrys_sample.raw

/home/mcarlan/VarSel/patent/results/score_batches_zip_ssvs_alpha0.1/predict8/lambda_MAIN_lambda_REGRESSION_ncit_variance_of_nonlinear_pspline_effect_of_ncountrys_sample.raw
/home/mcarlan/VarSel/patent/results/score_batches_zip_ssvs_alpha0.1/predict8/lambda_MAIN_lambda_REGRESSION_ncit_variance_of_nonlinear_pspline_effect_of_ncountrys_delta_sample.raw
/home/mcarlan/VarSel/patent/results/score_batches_zip_ssvs_alpha0.1/predict8/lambda_MAIN_lambda_REGRESSION_ncit_variance_of_nonlinear_pspline_effect_of_ncountrys_omega_sample.raw
/home/mcarlan/VarSel/patent/results/score_batches_zip_ssvs_alpha0.1/predict8/lambda_MAIN_lambda_REGRESSION_ncit_variance_of_nonlinear_pspline_effect_of_ncountrys_psi2_sample.raw

/home/mcarlan/VarSel/patent/results/score_batches_zip_ssvs_alpha0.1/predict8/lambda_MAIN_lambda_REGRESSION_ncit_nonlinear_pspline_effect_of_nclaimss_sample.raw

/home/mcarlan/VarSel/patent/results/score_batches_zip_ssvs_alpha0.1/predict8/lambda_MAIN_lambda_REGRESSION_ncit_variance_of_nonlinear_pspline_effect_of_nclaimss_sample.raw
/home/mcarlan/VarSel/patent/results/score_batches_zip_ssvs_alpha0.1/predict8/lambda_MAIN_lambda_REGRESSION_ncit_variance_of_nonlinear_pspline_effect_of_nclaimss_delta_sample.raw
/home/mcarlan/VarSel/patent/results/score_batches_zip_ssvs_alpha0.1/predict8/lambda_MAIN_lambda_REGRESSION_ncit_variance_of_nonlinear_pspline_effect_of_nclaimss_omega_sample.raw
/home/mcarlan/VarSel/patent/results/score_batches_zip_ssvs_alpha0.1/predict8/lambda_MAIN_lambda_REGRESSION_ncit_variance_of_nonlinear_pspline_effect_of_nclaimss_psi2_sample.raw

File for convenient visualization of 
sampling paths using the Windows version of BayesX is stored in

/home/mcarlan/VarSel/patent/results/score_batches_zip_ssvs_alpha0.1/predict8/lambda_samples.prg


> m8.autocor

Computing autocorrelation functions...
Autocorrelations are stored in file(s):

/home/mcarlan/VarSel/patent/results/score_batches_zip_ssvs_alpha0.1/predict8/pi_MAIN_pi_REGRESSION_ncit_LinearEffects_autocor.raw
/home/mcarlan/VarSel/patent/results/score_batches_zip_ssvs_alpha0.1/predict8/pi_MAIN_pi_REGRESSION_ncit_LinearEffects_ssvs_autocor.raw
/home/mcarlan/VarSel/patent/results/score_batches_zip_ssvs_alpha0.1/predict8/pi_MAIN_pi_REGRESSION_ncit_LinearEffects_ssvs_var_autocor.raw
/home/mcarlan/VarSel/patent/results/score_batches_zip_ssvs_alpha0.1/predict8/pi_MAIN_pi_REGRESSION_ncit_nonlinear_pspline_effect_of_years_autocor.raw
/home/mcarlan/VarSel/patent/results/score_batches_zip_ssvs_alpha0.1/predict8/pi_MAIN_pi_REGRESSION_ncit_variance_of_nonlinear_pspline_effect_of_years_autocor.raw
/home/mcarlan/VarSel/patent/results/score_batches_zip_ssvs_alpha0.1/predict8/pi_MAIN_pi_REGRESSION_ncit_nonlinear_pspline_effect_of_ncountrys_autocor.raw
/home/mcarlan/VarSel/patent/results/score_batches_zip_ssvs_alpha0.1/predict8/pi_MAIN_pi_REGRESSION_ncit_variance_of_nonlinear_pspline_effect_of_ncountrys_autocor.raw
/home/mcarlan/VarSel/patent/results/score_batches_zip_ssvs_alpha0.1/predict8/pi_MAIN_pi_REGRESSION_ncit_nonlinear_pspline_effect_of_nclaimss_autocor.raw
/home/mcarlan/VarSel/patent/results/score_batches_zip_ssvs_alpha0.1/predict8/pi_MAIN_pi_REGRESSION_ncit_variance_of_nonlinear_pspline_effect_of_nclaimss_autocor.raw
/home/mcarlan/VarSel/patent/results/score_batches_zip_ssvs_alpha0.1/predict8/lambda_MAIN_lambda_REGRESSION_ncit_LinearEffects_autocor.raw
/home/mcarlan/VarSel/patent/results/score_batches_zip_ssvs_alpha0.1/predict8/lambda_MAIN_lambda_REGRESSION_ncit_LinearEffects_ssvs_autocor.raw
/home/mcarlan/VarSel/patent/results/score_batches_zip_ssvs_alpha0.1/predict8/lambda_MAIN_lambda_REGRESSION_ncit_LinearEffects_ssvs_var_autocor.raw
/home/mcarlan/VarSel/patent/results/score_batches_zip_ssvs_alpha0.1/predict8/lambda_MAIN_lambda_REGRESSION_ncit_nonlinear_pspline_effect_of_years_autocor.raw
/home/mcarlan/VarSel/patent/results/score_batches_zip_ssvs_alpha0.1/predict8/lambda_MAIN_lambda_REGRESSION_ncit_variance_of_nonlinear_pspline_effect_of_years_autocor.raw
/home/mcarlan/VarSel/patent/results/score_batches_zip_ssvs_alpha0.1/predict8/lambda_MAIN_lambda_REGRESSION_ncit_nonlinear_pspline_effect_of_ncountrys_autocor.raw
/home/mcarlan/VarSel/patent/results/score_batches_zip_ssvs_alpha0.1/predict8/lambda_MAIN_lambda_REGRESSION_ncit_variance_of_nonlinear_pspline_effect_of_ncountrys_autocor.raw
/home/mcarlan/VarSel/patent/results/score_batches_zip_ssvs_alpha0.1/predict8/lambda_MAIN_lambda_REGRESSION_ncit_nonlinear_pspline_effect_of_nclaimss_autocor.raw
/home/mcarlan/VarSel/patent/results/score_batches_zip_ssvs_alpha0.1/predict8/lambda_MAIN_lambda_REGRESSION_ncit_variance_of_nonlinear_pspline_effect_of_nclaimss_autocor.raw
File for convenient computation and visualization of 
autocorrelations using the Windows version of BayesX is stored in

/home/mcarlan/VarSel/patent/results/score_batches_zip_ssvs_alpha0.1/predict8/lambda_autocor.prg

> drop m8

> drop d

> logclose

