> dataset d

> d.infile using ./data//patent.raw

NOTE: 33 variables with 4805 observations read from file
./data//patent.raw

> delimiter=;

> mcmcreg m7

> m7.outfile = /home/mcarlan/VarSel/patent/results/score_batches_zip_ssvs_alpha0.1/predict7/pi

> m7.hregress ncit = const + years(ssvs, gig, v1 = 5, v2 = 5.11267637381253, r = 0.000427807773783824,nocenter,ssvsupdate=gibbs)+ ncountrys(ssvs, gig, v1 = 5, v2 = 8.01308084044079, r = 0.000427807773783825,nocenter,ssvsupdate=gibbs)+ nclaimss(ssvs, gig, v1 = 5, v2 = 1.87385432790956, r = 0.000427807773783824,nocenter,ssvsupdate=gibbs)+ ustwin(ssvs, gig, v1 = 5, v2 = 40.2323174658512, r = 0.000427807773783824,nocenter,ssvsupdate=gibbs)+ opp(ssvs, gig, v1 = 5, v2 = 40.2323174658512, r = 0.000427807773783824,nocenter,ssvsupdate=gibbs)+ biopharm(ssvs, gig, v1 = 5, v2 = 40.2323174658512, r = 0.000427807773783824,nocenter,ssvsupdate=gibbs)+ patus(ssvs, gig, v1 = 5, v2 = 40.2323174658512, r = 0.000427807773783824,nocenter,ssvsupdate=gibbs)+ patgsgr(ssvs, gig, v1 = 5, v2 = 40.2323174658512, r = 0.000427807773783824,nocenter,ssvsupdate=gibbs)+ years(pspline, prior = ssvs, v1 = 5, v2 = 0.13191806519867,r = 0.00236823278186377,ssvsupdate=gibbs, centermethod=nullspace)+ ncountrys(pspline, prior = ssvs, v1 = 5, v2 = 0.133496773439331,r = 0.00235718016863298,ssvsupdate=gibbs, centermethod=nullspace)+ nclaimss(pspline, prior = ssvs, v1 = 5, v2 = 0.128951185590821,r = 0.00241720850083264,ssvsupdate=gibbs, centermethod=nullspace) weight w7, family=zip iterations=12000 burnin=2000 step=10 equationtype=pi using d

> m7.outfile = /home/mcarlan/VarSel/patent/results/score_batches_zip_ssvs_alpha0.1/predict7/lambda

> m7.hregress ncit = const + years(ssvs, gig,  prior=ssvs, v1 = 5, v2 = 5.11267637381253, r = 0.000427807773783824,nocenter,ssvsupdate=gibbs)+ ncountrys(ssvs, gig,  prior=ssvs, v1 = 5, v2 = 8.01308084044079, r = 0.000427807773783825,nocenter,ssvsupdate=gibbs)+ nclaimss(ssvs, gig,  prior=ssvs, v1 = 5, v2 = 1.87385432790956, r = 0.000427807773783824,nocenter,ssvsupdate=gibbs)+ ustwin(ssvs, gig,  prior=ssvs, v1 = 5, v2 = 40.2323174658512, r = 0.000427807773783824,nocenter,ssvsupdate=gibbs)+ opp(ssvs, gig,  prior=ssvs, v1 = 5, v2 = 40.2323174658512, r = 0.000427807773783824,nocenter,ssvsupdate=gibbs)+ biopharm(ssvs, gig,  prior=ssvs, v1 = 5, v2 = 40.2323174658512, r = 0.000427807773783824,nocenter,ssvsupdate=gibbs)+ patus(ssvs, gig,  prior=ssvs, v1 = 5, v2 = 40.2323174658512, r = 0.000427807773783824,nocenter,ssvsupdate=gibbs)+ patgsgr(ssvs, gig,  prior=ssvs, v1 = 5, v2 = 40.2323174658512, r = 0.000427807773783824,nocenter,ssvsupdate=gibbs)+ years(pspline, prior = ssvs, v1 = 5, v2 = 0.13191806519867,r = 0.00236823278186377,ssvsupdate=gibbs, centermethod=nullspace)+ ncountrys(pspline, prior = ssvs, v1 = 5, v2 = 0.133496773439331,r = 0.00235718016863298,ssvsupdate=gibbs, centermethod=nullspace)+ nclaimss(pspline, prior = ssvs, v1 = 5, v2 = 0.128951185590821,r = 0.00241720850083264,ssvsupdate=gibbs, centermethod=nullspace) weight w7,family=zip predict = light setseed=127 equationtype=lambda using d


MCMCREG OBJECT m7: MAIN lambda REGRESSION_ncit

GENERAL OPTIONS:

  Number of iterations:  12000
  Burn-in period:        2000
  Thinning parameter:    10
  Saveestimation:        disabled



RESPONSE DISTRIBUTION:

  Family: ZIP
  Number of observations: 4805
  Number of observations with positive weights: 4324

  Response function (lambda): exponential
  Response function (pi): logistic distribution function


OPTIONS FOR ESTIMATION:

  Hyperparameters for SSVS priors of linear effects:

    Variable    v1       v2       r        
    years       5        5.11     0.000428
    ncountrys   5        8.01     0.000428
    nclaimss    5        1.87     0.000428
    ustwin      5        40.2     0.000428
    opp         5        40.2     0.000428
    biopharm    5        40.2     0.000428
    patus       5        40.2     0.000428
    patgsgr     5        40.2     0.000428

  MAIN_lambda_REGRESSION_ncit:  Nonlinear effect (P-spline) of years

  Prior: second order random walk
  Number of knots: 20
  First knot: -2.8483428
  Last knot: 1.5525191
  Knot distance: 0.23162431
  Degree of Splines: 3
  centered sampling
  B-spline basis may be created e.g. in STATA by: 
  bspline , xvar(x) generate(Bs) power(3) knots(-2.8483428(0.23162431)1.5525191) 
  where x contains the values for which the basis functions should be created

  IG prior for psi2 
  Hyperparameter v1 for prior: 5
  Hyperparameter v2 for prior: 0.13191806519867
  Parameter r for spike: 0.00236823278186377

  Prior inclusion probability omega
  Parameter a_omega: 1
  Parameter b_omega: 1

  MAIN_lambda_REGRESSION_ncit:  Nonlinear effect (P-spline) of ncountrys

  Prior: second order random walk
  Number of knots: 20
  First knot: -1.6819324
  Last knot: 2.279559
  Knot distance: 0.20849955
  Degree of Splines: 3
  centered sampling
  B-spline basis may be created e.g. in STATA by: 
  bspline , xvar(x) generate(Bs) power(3) knots(-1.6819324(0.20849955)2.279559) 
  where x contains the values for which the basis functions should be created

  IG prior for psi2 
  Hyperparameter v1 for prior: 5
  Hyperparameter v2 for prior: 0.133496773439331
  Parameter r for spike: 0.00235718016863298

  Prior inclusion probability omega
  Parameter a_omega: 1
  Parameter b_omega: 1

  MAIN_lambda_REGRESSION_ncit:  Nonlinear effect (P-spline) of nclaimss

  Prior: second order random walk
  Number of knots: 20
  First knot: -1.4533633
  Last knot: 4.6938785
  Knot distance: 0.32353904
  Degree of Splines: 3
  centered sampling
  B-spline basis may be created e.g. in STATA by: 
  bspline , xvar(x) generate(Bs) power(3) knots(-1.4533633(0.32353904)4.6938785) 
  where x contains the values for which the basis functions should be created

  IG prior for psi2 
  Hyperparameter v1 for prior: 5
  Hyperparameter v2 for prior: 0.128951185590821
  Parameter r for spike: 0.00241720850083264

  Prior inclusion probability omega
  Parameter a_omega: 1
  Parameter b_omega: 1



MCMCREG OBJECT m7: MAIN pi REGRESSION_ncit

RESPONSE DISTRIBUTION:

  Family: ZIP_pi
  Number of observations: 4805
  Number of observations with positive weights: 4324

  Response function (pi): logistic distribution function


OPTIONS FOR ESTIMATION:

  Hyperparameters for SSVS priors of linear effects:

    Variable    v1       v2       r        
    years       5        5.11     0.000428
    ncountrys   5        8.01     0.000428
    nclaimss    5        1.87     0.000428
    ustwin      5        40.2     0.000428
    opp         5        40.2     0.000428
    biopharm    5        40.2     0.000428
    patus       5        40.2     0.000428
    patgsgr     5        40.2     0.000428

  MAIN_pi_REGRESSION_ncit:  Nonlinear effect (P-spline) of years

  Prior: second order random walk
  Number of knots: 20
  First knot: -2.8483428
  Last knot: 1.5525191
  Knot distance: 0.23162431
  Degree of Splines: 3
  centered sampling
  B-spline basis may be created e.g. in STATA by: 
  bspline , xvar(x) generate(Bs) power(3) knots(-2.8483428(0.23162431)1.5525191) 
  where x contains the values for which the basis functions should be created

  IG prior for psi2 
  Hyperparameter v1 for prior: 5
  Hyperparameter v2 for prior: 0.13191806519867
  Parameter r for spike: 0.00236823278186377

  Prior inclusion probability omega
  Parameter a_omega: 1
  Parameter b_omega: 1

  MAIN_pi_REGRESSION_ncit:  Nonlinear effect (P-spline) of ncountrys

  Prior: second order random walk
  Number of knots: 20
  First knot: -1.6819324
  Last knot: 2.279559
  Knot distance: 0.20849955
  Degree of Splines: 3
  centered sampling
  B-spline basis may be created e.g. in STATA by: 
  bspline , xvar(x) generate(Bs) power(3) knots(-1.6819324(0.20849955)2.279559) 
  where x contains the values for which the basis functions should be created

  IG prior for psi2 
  Hyperparameter v1 for prior: 5
  Hyperparameter v2 for prior: 0.133496773439331
  Parameter r for spike: 0.00235718016863298

  Prior inclusion probability omega
  Parameter a_omega: 1
  Parameter b_omega: 1

  MAIN_pi_REGRESSION_ncit:  Nonlinear effect (P-spline) of nclaimss

  Prior: second order random walk
  Number of knots: 20
  First knot: -1.4533633
  Last knot: 4.6938785
  Knot distance: 0.32353904
  Degree of Splines: 3
  centered sampling
  B-spline basis may be created e.g. in STATA by: 
  bspline , xvar(x) generate(Bs) power(3) knots(-1.4533633(0.32353904)4.6938785) 
  where x contains the values for which the basis functions should be created

  IG prior for psi2 
  Hyperparameter v1 for prior: 5
  Hyperparameter v2 for prior: 0.128951185590821
  Parameter r for spike: 0.00241720850083264

  Prior inclusion probability omega
  Parameter a_omega: 1
  Parameter b_omega: 1


MCMC SIMULATION STARTED

  COMPUTING STARTING VALUES (MAY TAKE SOME TIME)
  ITERATION: 1

  APPROXIMATE RUN TIME: 2 minutes 21 seconds

  ITERATION: 1000
  ITERATION: 2000
  ITERATION: 3000
  ITERATION: 4000
  ITERATION: 5000

  MAIN_lambda_REGRESSION_ncit: linear effects

  Acceptance rate:    98.57 %

  Relative Changes in  

  Mean:               0.268228
  Variance:           1.79769e+308
  Minimum:            1.79769e+308
  Maximum:            1.79769e+308



  MAIN_lambda_REGRESSION_ncit: linear effects with ssvs prior

  Acceptance rate:    62.07 %

  Relative Changes in  

  Mean:               0.699157
  Variance:           1.79769e+308
  Minimum:            1.79769e+308
  Maximum:            1.79769e+308



  MAIN_lambda_REGRESSION_ncit: variance of linear effects with ssvs prior

  Acceptance rate:    100 %

  Relative Changes in  

  Mean:               1.79769e+308
  Variance:           1.79769e+308
  Minimum:            1.79769e+308
  Maximum:            1.79769e+308



  MAIN_lambda_REGRESSION_ncit:  Nonlinear effect (P-spline) of years

  Acceptance rate:    85.82 %

  Relative Changes in  

  Mean:               0.286919
  Variance:           1.79769e+308
  Minimum:            1.79769e+308
  Maximum:            1.79769e+308



  MAIN_lambda_REGRESSION_ncit: Variance of nonlinear effect of years

  Acceptance rate:    100 %

  Relative Changes in  

  Mean:               1.79769e+308
  Variance:           1.79769e+308
  Minimum:            1.79769e+308
  Maximum:            1.79769e+308



  MAIN_lambda_REGRESSION_ncit:  Nonlinear effect (P-spline) of ncountrys

  Acceptance rate:    80.29 %

  Relative Changes in  

  Mean:               0.175913
  Variance:           1.79769e+308
  Minimum:            1.79769e+308
  Maximum:            1.79769e+308



  MAIN_lambda_REGRESSION_ncit: Variance of nonlinear effect of ncountrys

  Acceptance rate:    100 %

  Relative Changes in  

  Mean:               1.79769e+308
  Variance:           1.79769e+308
  Minimum:            1.79769e+308
  Maximum:            1.79769e+308



  MAIN_lambda_REGRESSION_ncit:  Nonlinear effect (P-spline) of nclaimss

  Acceptance rate:    89.54 %

  Relative Changes in  

  Mean:               0.759183
  Variance:           1.79769e+308
  Minimum:            1.79769e+308
  Maximum:            1.79769e+308



  MAIN_lambda_REGRESSION_ncit: Variance of nonlinear effect of nclaimss

  Acceptance rate:    100 %

  Relative Changes in  

  Mean:               1.79769e+308
  Variance:           1.79769e+308
  Minimum:            1.79769e+308
  Maximum:            1.79769e+308



  MAIN_pi_REGRESSION_ncit: linear effects

  Acceptance rate:    98.87 %

  Relative Changes in  

  Mean:               0.0871982
  Variance:           1.79769e+308
  Minimum:            1.79769e+308
  Maximum:            1.79769e+308



  MAIN_pi_REGRESSION_ncit: linear effects with ssvs prior

  Acceptance rate:    57.38 %

  Relative Changes in  

  Mean:               1.256
  Variance:           1.79769e+308
  Minimum:            1.79769e+308
  Maximum:            1.79769e+308



  MAIN_pi_REGRESSION_ncit: variance of linear effects with ssvs prior

  Acceptance rate:    100 %

  Relative Changes in  

  Mean:               1.79769e+308
  Variance:           1.79769e+308
  Minimum:            1.79769e+308
  Maximum:            1.79769e+308



  MAIN_pi_REGRESSION_ncit:  Nonlinear effect (P-spline) of years

  Acceptance rate:    94.51 %

  Relative Changes in  

  Mean:               0.938833
  Variance:           1.79769e+308
  Minimum:            1.79769e+308
  Maximum:            1.79769e+308



  MAIN_pi_REGRESSION_ncit: Variance of nonlinear effect of years

  Acceptance rate:    100 %

  Relative Changes in  

  Mean:               1.79769e+308
  Variance:           1.79769e+308
  Minimum:            1.79769e+308
  Maximum:            1.79769e+308



  MAIN_pi_REGRESSION_ncit:  Nonlinear effect (P-spline) of ncountrys

  Acceptance rate:    98.87 %

  Relative Changes in  

  Mean:               0.99441
  Variance:           1.79769e+308
  Minimum:            1.79769e+308
  Maximum:            1.79769e+308



  MAIN_pi_REGRESSION_ncit: Variance of nonlinear effect of ncountrys

  Acceptance rate:    100 %

  Relative Changes in  

  Mean:               1.79769e+308
  Variance:           1.79769e+308
  Minimum:            1.79769e+308
  Maximum:            1.79769e+308



  MAIN_pi_REGRESSION_ncit:  Nonlinear effect (P-spline) of nclaimss

  Acceptance rate:    99.55 %

  Relative Changes in  

  Mean:               0.939594
  Variance:           1.79769e+308
  Minimum:            1.79769e+308
  Maximum:            1.79769e+308



  MAIN_pi_REGRESSION_ncit: Variance of nonlinear effect of nclaimss

  Acceptance rate:    100 %

  Relative Changes in  

  Mean:               1.79769e+308
  Variance:           1.79769e+308
  Minimum:            1.79769e+308
  Maximum:            1.79769e+308


  ITERATION: 6000
  ITERATION: 7000
  ITERATION: 8000

  MAIN_lambda_REGRESSION_ncit: linear effects

  Acceptance rate:    98.43 %

  Relative Changes in  

  Mean:               0.00665831
  Variance:           0.046118
  Minimum:            0
  Maximum:            0.0639619



  MAIN_lambda_REGRESSION_ncit: linear effects with ssvs prior

  Acceptance rate:    62.5 %

  Relative Changes in  

  Mean:               0.0098291
  Variance:           0.106223
  Minimum:            0.0698259
  Maximum:            0.0605538



  MAIN_lambda_REGRESSION_ncit: variance of linear effects with ssvs prior

  Acceptance rate:    100 %

  Relative Changes in  

  Mean:               0.182615
  Variance:           0.54975
  Minimum:            0.22593
  Maximum:            0.466635



  MAIN_lambda_REGRESSION_ncit:  Nonlinear effect (P-spline) of years

  Acceptance rate:    86.03 %

  Relative Changes in  

  Mean:               0.0160084
  Variance:           0.0614583
  Minimum:            0.0863122
  Maximum:            0.0519917



  MAIN_lambda_REGRESSION_ncit: Variance of nonlinear effect of years

  Acceptance rate:    100 %

  Relative Changes in  

  Mean:               0.0730673
  Variance:           0.876611
  Minimum:            0.239547
  Maximum:            1.57197



  MAIN_lambda_REGRESSION_ncit:  Nonlinear effect (P-spline) of ncountrys

  Acceptance rate:    81.39 %

  Relative Changes in  

  Mean:               0.0208208
  Variance:           0.0645816
  Minimum:            0.0965261
  Maximum:            0.0380912



  MAIN_lambda_REGRESSION_ncit: Variance of nonlinear effect of ncountrys

  Acceptance rate:    100 %

  Relative Changes in  

  Mean:               0.00551934
  Variance:           0.0994586
  Minimum:            0.328465
  Maximum:            0.000452897



  MAIN_lambda_REGRESSION_ncit:  Nonlinear effect (P-spline) of nclaimss

  Acceptance rate:    89.88 %

  Relative Changes in  

  Mean:               0.0261134
  Variance:           0.104894
  Minimum:            0.138669
  Maximum:            0.13922



  MAIN_lambda_REGRESSION_ncit: Variance of nonlinear effect of nclaimss

  Acceptance rate:    100 %

  Relative Changes in  

  Mean:               0.105815
  Variance:           2.2755
  Minimum:            0.0431703
  Maximum:            1.51898



  MAIN_pi_REGRESSION_ncit: linear effects

  Acceptance rate:    98.92 %

  Relative Changes in  

  Mean:               0.0572046
  Variance:           0.306211
  Minimum:            0.204846
  Maximum:            4.94434



  MAIN_pi_REGRESSION_ncit: linear effects with ssvs prior

  Acceptance rate:    57.66 %

  Relative Changes in  

  Mean:               0.0301236
  Variance:           0.230698
  Minimum:            0.228541
  Maximum:            0.230904



  MAIN_pi_REGRESSION_ncit: variance of linear effects with ssvs prior

  Acceptance rate:    100 %

  Relative Changes in  

  Mean:               0.170486
  Variance:           0.867969
  Minimum:            0.0908394
  Maximum:            1.14398



  MAIN_pi_REGRESSION_ncit:  Nonlinear effect (P-spline) of years

  Acceptance rate:    94.28 %

  Relative Changes in  

  Mean:               0.031908
  Variance:           0.0485376
  Minimum:            0.278213
  Maximum:            0.368114



  MAIN_pi_REGRESSION_ncit: Variance of nonlinear effect of years

  Acceptance rate:    100 %

  Relative Changes in  

  Mean:               0.0594166
  Variance:           0.229325
  Minimum:            0.169075
  Maximum:            2.89989e-05



  MAIN_pi_REGRESSION_ncit:  Nonlinear effect (P-spline) of ncountrys

  Acceptance rate:    98.49 %

  Relative Changes in  

  Mean:               7.4079
  Variance:           7.36528
  Minimum:            1.30092
  Maximum:            1.76452



  MAIN_pi_REGRESSION_ncit: Variance of nonlinear effect of ncountrys

  Acceptance rate:    100 %

  Relative Changes in  

  Mean:               0.472321
  Variance:           0.491559
  Minimum:            0.951302
  Maximum:            7.77997e-10



  MAIN_pi_REGRESSION_ncit:  Nonlinear effect (P-spline) of nclaimss

  Acceptance rate:    99.56 %

  Relative Changes in  

  Mean:               0.075455
  Variance:           0.0262651
  Minimum:            0.152429
  Maximum:            0.552606



  MAIN_pi_REGRESSION_ncit: Variance of nonlinear effect of nclaimss

  Acceptance rate:    100 %

  Relative Changes in  

  Mean:               1.55496
  Variance:           11.552
  Minimum:            1.05935e-10
  Maximum:            3.29579


  ITERATION: 9000
  ITERATION: 10000
  ITERATION: 11000

  MAIN_lambda_REGRESSION_ncit: linear effects

  Acceptance rate:    98.52 %

  Relative Changes in  

  Mean:               0.0025468
  Variance:           0.0463617
  Minimum:            0
  Maximum:            0



  MAIN_lambda_REGRESSION_ncit: linear effects with ssvs prior

  Acceptance rate:    62.78 %

  Relative Changes in  

  Mean:               0.0114363
  Variance:           0.08671
  Minimum:            0.0136553
  Maximum:            0.107736



  MAIN_lambda_REGRESSION_ncit: variance of linear effects with ssvs prior

  Acceptance rate:    100 %

  Relative Changes in  

  Mean:               0.141926
  Variance:           0.806158
  Minimum:            0.128951
  Maximum:            0.866866



  MAIN_lambda_REGRESSION_ncit:  Nonlinear effect (P-spline) of years

  Acceptance rate:    86.2 %

  Relative Changes in  

  Mean:               0.012103
  Variance:           0.0206633
  Minimum:            0.0817644
  Maximum:            0.0153726



  MAIN_lambda_REGRESSION_ncit: Variance of nonlinear effect of years

  Acceptance rate:    100 %

  Relative Changes in  

  Mean:               0.0703331
  Variance:           0.297541
  Minimum:            0
  Maximum:            0



  MAIN_lambda_REGRESSION_ncit:  Nonlinear effect (P-spline) of ncountrys

  Acceptance rate:    81.17 %

  Relative Changes in  

  Mean:               0.0151683
  Variance:           0.0424519
  Minimum:            0.0430878
  Maximum:            0.0647662



  MAIN_lambda_REGRESSION_ncit: Variance of nonlinear effect of ncountrys

  Acceptance rate:    100 %

  Relative Changes in  

  Mean:               0.042655
  Variance:           0.240676
  Minimum:            4.78706e-05
  Maximum:            0.035967



  MAIN_lambda_REGRESSION_ncit:  Nonlinear effect (P-spline) of nclaimss

  Acceptance rate:    90 %

  Relative Changes in  

  Mean:               0.00497299
  Variance:           0.0370752
  Minimum:            0.052906
  Maximum:            0.0639247



  MAIN_lambda_REGRESSION_ncit: Variance of nonlinear effect of nclaimss

  Acceptance rate:    100 %

  Relative Changes in  

  Mean:               0.0144989
  Variance:           0.0126446
  Minimum:            0.258257
  Maximum:            1.43563e-06



  MAIN_pi_REGRESSION_ncit: linear effects

  Acceptance rate:    99 %

  Relative Changes in  

  Mean:               0.00401553
  Variance:           0.0648336
  Minimum:            0
  Maximum:            0



  MAIN_pi_REGRESSION_ncit: linear effects with ssvs prior

  Acceptance rate:    58.06 %

  Relative Changes in  

  Mean:               0.00621055
  Variance:           0.055158
  Minimum:            0.0396814
  Maximum:            0.0719326



  MAIN_pi_REGRESSION_ncit: variance of linear effects with ssvs prior

  Acceptance rate:    100 %

  Relative Changes in  

  Mean:               0.0972984
  Variance:           0.302821
  Minimum:            7.37991e-06
  Maximum:            0.212706



  MAIN_pi_REGRESSION_ncit:  Nonlinear effect (P-spline) of years

  Acceptance rate:    94.61 %

  Relative Changes in  

  Mean:               0.0157216
  Variance:           0.0621294
  Minimum:            0.0439059
  Maximum:            0



  MAIN_pi_REGRESSION_ncit: Variance of nonlinear effect of years

  Acceptance rate:    100 %

  Relative Changes in  

  Mean:               0.0238618
  Variance:           0.139321
  Minimum:            0
  Maximum:            0



  MAIN_pi_REGRESSION_ncit:  Nonlinear effect (P-spline) of ncountrys

  Acceptance rate:    98.59 %

  Relative Changes in  

  Mean:               0.190383
  Variance:           0.200175
  Minimum:            0.00420648
  Maximum:            0



  MAIN_pi_REGRESSION_ncit: Variance of nonlinear effect of ncountrys

  Acceptance rate:    100 %

  Relative Changes in  

  Mean:               0.285717
  Variance:           0.323806
  Minimum:            0
  Maximum:            0



  MAIN_pi_REGRESSION_ncit:  Nonlinear effect (P-spline) of nclaimss

  Acceptance rate:    99.51 %

  Relative Changes in  

  Mean:               0.245126
  Variance:           0.384385
  Minimum:            0.49063
  Maximum:            0.466095



  MAIN_pi_REGRESSION_ncit: Variance of nonlinear effect of nclaimss

  Acceptance rate:    100 %

  Relative Changes in  

  Mean:               0.311407
  Variance:           0.329436
  Minimum:            0.868398
  Maximum:            2.12098e-10


  ITERATION: 12000

SIMULATION TERMINATED

SIMULATION RUN TIME: 2 minutes 28 seconds


ESTIMATION RESULTS:


MCMCREG OBJECT m7: MAIN lambda REGRESSION_ncit



  MAIN_lambda_REGRESSION_ncit: linear effects


    Variable  mean           Std. Dev.      2.5% quant.    median         97.5% quant.   
    const     0.808569       0.077824       0.657457       0.811383       0.955522       

    Acceptance rate:    98.52 %

    Results for fixed effects are also stored in file
    /home/mcarlan/VarSel/patent/results/score_batches_zip_ssvs_alpha0.1/predict7/lambda_MAIN_lambda_REGRESSION_ncit_LinearEffects.res


  MAIN_lambda_REGRESSION_ncit: linear effects with ssvs prior


    Variable  mean           Std. Dev.      2.5% quant.    median         97.5% quant.   
    years     -0.00427847    0.0279425      -0.0678696     -0.00125802    0.0520457      
    ncountrys -0.046579      0.0652755      -0.196278      -0.0281078     0.0446605      
    nclaimss  0.136953       0.0269041      0.0811603      0.138059       0.185617       
    ustwin    0.0493605      0.0281008      -0.00489239    0.0496469      0.105978       
    opp       0.166675       0.0144401      0.137893       0.166908       0.195474       
    biopharm  0.12887        0.0185552      0.0945397      0.129239       0.164656       
    patus     0.0968508      0.0155425      0.0670497      0.0968068      0.127513       
    patgsgr   -0.0712856     0.0190722      -0.107249      -0.0715982     -0.0325917     

    Acceptance rate:    62.78 %

    Results for fixed effects are also stored in file
    /home/mcarlan/VarSel/patent/results/score_batches_zip_ssvs_alpha0.1/predict7/lambda_MAIN_lambda_REGRESSION_ncit_LinearEffects_ssvs.res


    Variance parameters:

  MAIN_lambda_REGRESSION_ncit: variance of linear effects with ssvs prior


    Variable  mean           Std. Dev.      2.5% quant.    median         97.5% quant.   
    years     0.0417932      0.378855       2.05612e-06    0.000361113    0.253569       
    ncountrys 0.156691       0.741533       8.69139e-06    0.00145567     1.59314        
    nclaimss  0.242317       0.423438       0.00352228     0.0894652      1.53435        
    ustwin    0.230141       1.93705        5.5096e-05     0.00322783     1.07541        
    opp       1.28496        5.5945         0.00378605     0.0192496      13.6659        
    biopharm  0.585794       2.59779        0.00218654     0.0118973      6.61574        
    patus     0.517844       4.65941        0.00156322     0.00780737     3.37453        
    patgsgr   0.277299       2.15266        0.000628418    0.00476173     2.30276        


    Results for linear effects variance parameters are also stored in file
    /home/mcarlan/VarSel/patent/results/score_batches_zip_ssvs_alpha0.1/predict7/lambda_MAIN_lambda_REGRESSION_ncit_LinearEffects_ssvs_var.res


    Inclusion probabilities:

    Variable  mean           Std. Dev.      2.5% quant.    median         97.5% quant.   
    years     0.108          0.31038        0              0              1              
    ncountrys 0.279          0.448508       0              0              1              
    nclaimss  0.982          0.132951       1              1              1              
    ustwin    0.113          0.316593       0              0              1              
    opp       0.382          0.485877       0              0              1              
    biopharm  0.283          0.450456       0              0              1              
    patus     0.186          0.389107       0              0              1              
    patgsgr   0.136          0.342789       0              0              1              


    Results for delta parameters are also stored in file
    /home/mcarlan/VarSel/patent/results/score_batches_zip_ssvs_alpha0.1/predict7/lambda_MAIN_lambda_REGRESSION_ncit_LinearEffects_ssvs_delta.res


    Rao-Blackwellised inclusion probabilities:

    Variable  mean           Std. Dev.      2.5% quant.    median         97.5% quant.   
    years     0.119357       0.278909       0.00193542     0.0171883      1              
    ncountrys 0.286542       0.420062       0.00207717     0.0284538      1              
    nclaimss  0.980424       0.128975       0.881947       1              1              
    ustwin    0.114532       0.269575       0.00184285     0.0187381      1              
    opp       0.386629       0.447035       0.00310103     0.0782751      1              
    biopharm  0.289487       0.409191       0.00245205     0.0414767      1              
    patus     0.183251       0.338419       0.00258181     0.026573       1              
    patgsgr   0.140913       0.298563       0.00193179     0.0225839      1              


    Results for Rao-Blackwellised inclusion probabilities are also stored in file
    /home/mcarlan/VarSel/patent/results/score_batches_zip_ssvs_alpha0.1/predict7/lambda_MAIN_lambda_REGRESSION_ncit_LinearEffects_ssvs_delta.res


    Inclusion probability parameter omega:

    Mean:           0.342781
    Std. dev.:      0.194099
    2.5% Quantile:  0.0453948
    10% Quantile:   0.106374
    50% Quantile:   0.317531
    90% Quantile:   0.619689
    97.5% Quantile: 0.775513


    Results for linear effects omega parameters are also stored in file
    /home/mcarlan/VarSel/patent/results/score_batches_zip_ssvs_alpha0.1/predict7/lambda_MAIN_lambda_REGRESSION_ncit_LinearEffects_ssvs_omega.res


  MAIN_lambda_REGRESSION_ncit:  Nonlinear effect (P-spline) of years

    Acceptance rate:    86.19 %

    Estimated parameters are stored in file
    /home/mcarlan/VarSel/patent/results/score_batches_zip_ssvs_alpha0.1/predict7/lambda_MAIN_lambda_REGRESSION_ncit_nonlinear_pspline_effect_of_years_param.res

    Function estimates are stored in file
    /home/mcarlan/VarSel/patent/results/score_batches_zip_ssvs_alpha0.1/predict7/lambda_MAIN_lambda_REGRESSION_ncit_nonlinear_pspline_effect_of_years.res

    Mean effects evaluated at years=-0.0134161827578266 with value -0.0328369864720706

    Scaling factor to blow up pointwise 95 percent credible intervals
    to obtain simultaneous credible intervals: 1.80989

    Scaling factor to blow up pointwise 80 percent credible intervals
    to obtain simultaneous credible intervals: 1.45647



  MAIN_lambda_REGRESSION_ncit: Variance of nonlinear effect of years

    Acceptance rate:    100 %

    Mean:           0.0319989
    Std. dev.:      0.0278535
    2.5% Quantile:  0.00309645
    10% Quantile:   0.00668186
    50% Quantile:   0.0253141
    90% Quantile:   0.0616729
    97.5% Quantile: 0.109746

    Results for the variance component are also stored in file
    /home/mcarlan/VarSel/patent/results/score_batches_zip_ssvs_alpha0.1/predict7/lambda_MAIN_lambda_REGRESSION_ncit_variance_of_nonlinear_pspline_effect_of_years.res


    Inclusion probability:


    Variable  mean           Std. Dev.      2.5% quant.    median         97.5% quant.   
    years     0.997          0.05469        1              1              1              

    Results for the inclusion probabilities are also stored in file
    /home/mcarlan/VarSel/patent/results/score_batches_zip_ssvs_alpha0.1/predict7/lambda_MAIN_lambda_REGRESSION_ncit_variance_of_nonlinear_pspline_effect_of_years_delta.res


    Rao-Blackwellised inclusion probability:


    Variable  mean           Std. Dev.      2.5% quant.    median         97.5% quant.   
    years     0.997636       0.0433715      1              1              1              

    Results for the Rao-Blackwellised inclusion probabilities are also stored in file
    /home/mcarlan/VarSel/patent/results/score_batches_zip_ssvs_alpha0.1/predict7/lambda_MAIN_lambda_REGRESSION_ncit_variance_of_nonlinear_pspline_effect_of_years_delta_prob.res


    Variance hyperparameter psi2: 

    Mean:           0.0334285
    Std. dev.:      0.019271
    2.5% Quantile:  0.0134435
    10% Quantile:   0.0169799
    50% Quantile:   0.0288878
    90% Quantile:   0.0547295
    97.5% Quantile: 0.0845891


    Results for psi2 are also stored in file
    /home/mcarlan/VarSel/patent/results/score_batches_zip_ssvs_alpha0.1/predict7/lambda_MAIN_lambda_REGRESSION_ncit_variance_of_nonlinear_pspline_effect_of_years_psi2.res


    Inclusion probability parameter omega:

    Mean:           0.665699
    Std. dev.:      0.236975
    2.5% Quantile:  0.161809
    10% Quantile:   0.307114
    50% Quantile:   0.710443
    90% Quantile:   0.942563
    97.5% Quantile: 0.986621


    Results for the inclusion probability parameter omega are also stored in file
    /home/mcarlan/VarSel/patent/results/score_batches_zip_ssvs_alpha0.1/predict7/lambda_MAIN_lambda_REGRESSION_ncit_variance_of_nonlinear_pspline_effect_of_years_omega.res



  MAIN_lambda_REGRESSION_ncit:  Nonlinear effect (P-spline) of ncountrys

    Acceptance rate:    81.17 %

    Estimated parameters are stored in file
    /home/mcarlan/VarSel/patent/results/score_batches_zip_ssvs_alpha0.1/predict7/lambda_MAIN_lambda_REGRESSION_ncit_nonlinear_pspline_effect_of_ncountrys_param.res

    Function estimates are stored in file
    /home/mcarlan/VarSel/patent/results/score_batches_zip_ssvs_alpha0.1/predict7/lambda_MAIN_lambda_REGRESSION_ncit_nonlinear_pspline_effect_of_ncountrys.res

    Mean effects evaluated at ncountrys=0.0560748548266889 with value 0.132100105163337

    Scaling factor to blow up pointwise 95 percent credible intervals
    to obtain simultaneous credible intervals: 1.7744

    Scaling factor to blow up pointwise 80 percent credible intervals
    to obtain simultaneous credible intervals: 1.43217



  MAIN_lambda_REGRESSION_ncit: Variance of nonlinear effect of ncountrys

    Acceptance rate:    100 %

    Mean:           0.0505475
    Std. dev.:      0.033427
    2.5% Quantile:  0.0117119
    10% Quantile:   0.0183718
    50% Quantile:   0.0417301
    90% Quantile:   0.09496
    97.5% Quantile: 0.13822

    Results for the variance component are also stored in file
    /home/mcarlan/VarSel/patent/results/score_batches_zip_ssvs_alpha0.1/predict7/lambda_MAIN_lambda_REGRESSION_ncit_variance_of_nonlinear_pspline_effect_of_ncountrys.res


    Inclusion probability:


    Variable  mean           Std. Dev.      2.5% quant.    median         97.5% quant.   
    ncountrys 1              0              1              1              1              

    Results for the inclusion probabilities are also stored in file
    /home/mcarlan/VarSel/patent/results/score_batches_zip_ssvs_alpha0.1/predict7/lambda_MAIN_lambda_REGRESSION_ncit_variance_of_nonlinear_pspline_effect_of_ncountrys_delta.res


    Rao-Blackwellised inclusion probability:


    Variable  mean           Std. Dev.      2.5% quant.    median         97.5% quant.   
    ncountrys 1              0              1              1              1              

    Results for the Rao-Blackwellised inclusion probabilities are also stored in file
    /home/mcarlan/VarSel/patent/results/score_batches_zip_ssvs_alpha0.1/predict7/lambda_MAIN_lambda_REGRESSION_ncit_variance_of_nonlinear_pspline_effect_of_ncountrys_delta_prob.res


    Variance hyperparameter psi2: 

    Mean:           0.0361644
    Std. dev.:      0.0206532
    2.5% Quantile:  0.014468
    10% Quantile:   0.0183629
    50% Quantile:   0.0313169
    90% Quantile:   0.0581296
    97.5% Quantile: 0.0860264


    Results for psi2 are also stored in file
    /home/mcarlan/VarSel/patent/results/score_batches_zip_ssvs_alpha0.1/predict7/lambda_MAIN_lambda_REGRESSION_ncit_variance_of_nonlinear_pspline_effect_of_ncountrys_psi2.res


    Inclusion probability parameter omega:

    Mean:           0.659218
    Std. dev.:      0.236995
    2.5% Quantile:  0.162242
    10% Quantile:   0.308575
    50% Quantile:   0.688881
    90% Quantile:   0.947056
    97.5% Quantile: 0.986691


    Results for the inclusion probability parameter omega are also stored in file
    /home/mcarlan/VarSel/patent/results/score_batches_zip_ssvs_alpha0.1/predict7/lambda_MAIN_lambda_REGRESSION_ncit_variance_of_nonlinear_pspline_effect_of_ncountrys_omega.res



  MAIN_lambda_REGRESSION_ncit:  Nonlinear effect (P-spline) of nclaimss

    Acceptance rate:    90 %

    Estimated parameters are stored in file
    /home/mcarlan/VarSel/patent/results/score_batches_zip_ssvs_alpha0.1/predict7/lambda_MAIN_lambda_REGRESSION_ncit_nonlinear_pspline_effect_of_nclaimss_param.res

    Function estimates are stored in file
    /home/mcarlan/VarSel/patent/results/score_batches_zip_ssvs_alpha0.1/predict7/lambda_MAIN_lambda_REGRESSION_ncit_nonlinear_pspline_effect_of_nclaimss.res

    Mean effects evaluated at nclaimss=-0.0401618394422281 with value 0.0298548746700486

    Scaling factor to blow up pointwise 95 percent credible intervals
    to obtain simultaneous credible intervals: 1.8896

    Scaling factor to blow up pointwise 80 percent credible intervals
    to obtain simultaneous credible intervals: 1.51401



  MAIN_lambda_REGRESSION_ncit: Variance of nonlinear effect of nclaimss

    Acceptance rate:    100 %

    Mean:           0.00784907
    Std. dev.:      0.00770356
    2.5% Quantile:  0.00101111
    10% Quantile:   0.00190425
    50% Quantile:   0.00534055
    90% Quantile:   0.0175976
    97.5% Quantile: 0.0289118

    Results for the variance component are also stored in file
    /home/mcarlan/VarSel/patent/results/score_batches_zip_ssvs_alpha0.1/predict7/lambda_MAIN_lambda_REGRESSION_ncit_variance_of_nonlinear_pspline_effect_of_nclaimss.res


    Inclusion probability:


    Variable  mean           Std. Dev.      2.5% quant.    median         97.5% quant.   
    nclaimss  0.99           0.0994987      1              1              1              

    Results for the inclusion probabilities are also stored in file
    /home/mcarlan/VarSel/patent/results/score_batches_zip_ssvs_alpha0.1/predict7/lambda_MAIN_lambda_REGRESSION_ncit_variance_of_nonlinear_pspline_effect_of_nclaimss_delta.res


    Rao-Blackwellised inclusion probability:


    Variable  mean           Std. Dev.      2.5% quant.    median         97.5% quant.   
    nclaimss  0.988998       0.0933393      0.987838       1              1              

    Results for the Rao-Blackwellised inclusion probabilities are also stored in file
    /home/mcarlan/VarSel/patent/results/score_batches_zip_ssvs_alpha0.1/predict7/lambda_MAIN_lambda_REGRESSION_ncit_variance_of_nonlinear_pspline_effect_of_nclaimss_delta_prob.res


    Variance hyperparameter psi2: 

    Mean:           0.0289953
    Std. dev.:      0.0145966
    2.5% Quantile:  0.0125661
    10% Quantile:   0.01579
    50% Quantile:   0.0255229
    90% Quantile:   0.0455142
    97.5% Quantile: 0.0693298


    Results for psi2 are also stored in file
    /home/mcarlan/VarSel/patent/results/score_batches_zip_ssvs_alpha0.1/predict7/lambda_MAIN_lambda_REGRESSION_ncit_variance_of_nonlinear_pspline_effect_of_nclaimss_psi2.res


    Inclusion probability parameter omega:

    Mean:           0.661013
    Std. dev.:      0.238161
    2.5% Quantile:  0.118635
    10% Quantile:   0.328019
    50% Quantile:   0.701802
    90% Quantile:   0.949025
    97.5% Quantile: 0.989737


    Results for the inclusion probability parameter omega are also stored in file
    /home/mcarlan/VarSel/patent/results/score_batches_zip_ssvs_alpha0.1/predict7/lambda_MAIN_lambda_REGRESSION_ncit_variance_of_nonlinear_pspline_effect_of_nclaimss_omega.res


  PREDICTED VALUES: 

    Results for the predictor, mean are stored in file
    /home/mcarlan/VarSel/patent/results/score_batches_zip_ssvs_alpha0.1/predict7/lambda_MAIN_lambda_REGRESSION_ncit_predict.res


  ESTIMATION RESULT FOR THE DEVIANCE: 

    Mean:           15612.9
    Std. Dev:       13.39014
    2p5% Quantile:  15587.443
    10% Quantile:   15596.674
    50% Quantile:   15612.369
    90% Quantile:   15630.904
    97p5% Quantile: 15640.012


    Results for the DIC are stored in file
    /home/mcarlan/VarSel/patent/results/score_batches_zip_ssvs_alpha0.1/predict7/lambda_MAIN_lambda_REGRESSION_ncit_predict_DIC.res

  ESTIMATION RESULTS FOR THE DIC: 

    Deviance(bar_mu):           15564.907
    pD:                         47.993195
    DIC:                        15660.893


    Results for the WAIC are stored in file
    /home/mcarlan/VarSel/patent/results/score_batches_zip_ssvs_alpha0.1/predict7/lambda_MAIN_lambda_REGRESSION_ncit_predict_WAIC.res

  ESTIMATION RESULTS FOR THE WAIC: 

    l_pd:                       15491.608
    p_d:                        126.58316
    WAIC:                       15744.774



MCMCREG OBJECT m7: MAIN pi REGRESSION_ncit



  MAIN_pi_REGRESSION_ncit: linear effects


    Variable  mean           Std. Dev.      2.5% quant.    median         97.5% quant.   
    const     -0.204675      0.0910631      -0.389517      -0.205312      -0.021155      

    Acceptance rate:    99 %

    Results for fixed effects are also stored in file
    /home/mcarlan/VarSel/patent/results/score_batches_zip_ssvs_alpha0.1/predict7/pi_MAIN_pi_REGRESSION_ncit_LinearEffects.res


  MAIN_pi_REGRESSION_ncit: linear effects with ssvs prior


    Variable  mean           Std. Dev.      2.5% quant.    median         97.5% quant.   
    years     0.427471       0.0942232      0.263379       0.423129       0.621738       
    ncountrys 0.159806       0.0782037      0.0145821      0.156704       0.324287       
    nclaimss  0.00208782     0.0269686      -0.0518017     0.000485007    0.0679449      
    ustwin    0.0160283      0.0570545      -0.0922632     0.00869922     0.144776       
    opp       -0.11132       0.0436253      -0.192349      -0.11319       -0.0206255     
    biopharm  0.123349       0.0592505      0.00515774     0.121802       0.23811        
    patus     0.253626       0.0457179      0.164424       0.252062       0.340929       
    patgsgr   0.154542       0.0596356      0.0359841      0.155778       0.267827       

    Acceptance rate:    58.07 %

    Results for fixed effects are also stored in file
    /home/mcarlan/VarSel/patent/results/score_batches_zip_ssvs_alpha0.1/predict7/pi_MAIN_pi_REGRESSION_ncit_LinearEffects_ssvs.res


    Variance parameters:

  MAIN_pi_REGRESSION_ncit: variance of linear effects with ssvs prior


    Variable  mean           Std. Dev.      2.5% quant.    median         97.5% quant.   
    years     0.914607       1.49051        0.0334223      0.441569       4.62999        
    ncountrys 0.653029       1.54485        0.000413192    0.14484        4.87336        
    nclaimss  0.0354303      0.161764       8.56466e-07    0.000258595    0.36995        
    ustwin    0.369877       2.6641         7.99475e-06    0.00280038     3.29842        
    opp       1.18484        5.13105        0.00079913     0.0138576      11.3266        
    biopharm  1.13954        4.3776         0.000521586    0.015757       11.5403        
    patus     3.10804        8.09264        0.00871481     0.394369       23.062         
    patgsgr   1.72978        7.88867        0.0012033      0.0290403      15.4799        


    Results for linear effects variance parameters are also stored in file
    /home/mcarlan/VarSel/patent/results/score_batches_zip_ssvs_alpha0.1/predict7/pi_MAIN_pi_REGRESSION_ncit_LinearEffects_ssvs_var.res


    Inclusion probabilities:

    Variable  mean           Std. Dev.      2.5% quant.    median         97.5% quant.   
    years     1              0              1              1              1              
    ncountrys 0.833          0.372976       0              1              1              
    nclaimss  0.302          0.459125       0              0              1              
    ustwin    0.173          0.378247       0              0              1              
    opp       0.439          0.496265       0              0              1              
    biopharm  0.441          0.496507       0              0              1              
    patus     0.814          0.389107       0              1              1              
    patgsgr   0.541          0.498316       0              1              1              


    Results for delta parameters are also stored in file
    /home/mcarlan/VarSel/patent/results/score_batches_zip_ssvs_alpha0.1/predict7/pi_MAIN_pi_REGRESSION_ncit_LinearEffects_ssvs_delta.res


    Rao-Blackwellised inclusion probabilities:

    Variable  mean           Std. Dev.      2.5% quant.    median         97.5% quant.   
    years     1              0              1              1              1              
    ncountrys 0.830085       0.349863       0.0131636      1              1              
    nclaimss  0.306136       0.406792       0.00471797     0.0614683      1              
    ustwin    0.18445        0.316201       0.00480771     0.0430821      1              
    opp       0.436226       0.44309        0.00679073     0.147674       1              
    biopharm  0.445749       0.443763       0.00673865     0.178187       1              
    patus     0.797675       0.362798       0.014236       1              1              
    patgsgr   0.535006       0.455445       0.00908734     0.594841       1              


    Results for Rao-Blackwellised inclusion probabilities are also stored in file
    /home/mcarlan/VarSel/patent/results/score_batches_zip_ssvs_alpha0.1/predict7/pi_MAIN_pi_REGRESSION_ncit_LinearEffects_ssvs_delta.res


    Inclusion probability parameter omega:

    Mean:           0.549126
    Std. dev.:      0.210371
    2.5% Quantile:  0.156087
    10% Quantile:   0.27225
    50% Quantile:   0.544798
    90% Quantile:   0.837467
    97.5% Quantile: 0.938244


    Results for linear effects omega parameters are also stored in file
    /home/mcarlan/VarSel/patent/results/score_batches_zip_ssvs_alpha0.1/predict7/pi_MAIN_pi_REGRESSION_ncit_LinearEffects_ssvs_omega.res


  MAIN_pi_REGRESSION_ncit:  Nonlinear effect (P-spline) of years

    Acceptance rate:    94.61 %

    Estimated parameters are stored in file
    /home/mcarlan/VarSel/patent/results/score_batches_zip_ssvs_alpha0.1/predict7/pi_MAIN_pi_REGRESSION_ncit_nonlinear_pspline_effect_of_years_param.res

    Function estimates are stored in file
    /home/mcarlan/VarSel/patent/results/score_batches_zip_ssvs_alpha0.1/predict7/pi_MAIN_pi_REGRESSION_ncit_nonlinear_pspline_effect_of_years.res

    Mean effects evaluated at years=-0.0134161827578266 with value -0.560357742917091

    Scaling factor to blow up pointwise 95 percent credible intervals
    to obtain simultaneous credible intervals: 1.80007

    Scaling factor to blow up pointwise 80 percent credible intervals
    to obtain simultaneous credible intervals: 1.52777



  MAIN_pi_REGRESSION_ncit: Variance of nonlinear effect of years

    Acceptance rate:    100 %

    Mean:           0.0271447
    Std. dev.:      0.0217365
    2.5% Quantile:  0.00348185
    10% Quantile:   0.00686748
    50% Quantile:   0.0212347
    90% Quantile:   0.0547644
    97.5% Quantile: 0.0841264

    Results for the variance component are also stored in file
    /home/mcarlan/VarSel/patent/results/score_batches_zip_ssvs_alpha0.1/predict7/pi_MAIN_pi_REGRESSION_ncit_variance_of_nonlinear_pspline_effect_of_years.res


    Inclusion probability:


    Variable  mean           Std. Dev.      2.5% quant.    median         97.5% quant.   
    years     1              0              1              1              1              

    Results for the inclusion probabilities are also stored in file
    /home/mcarlan/VarSel/patent/results/score_batches_zip_ssvs_alpha0.1/predict7/pi_MAIN_pi_REGRESSION_ncit_variance_of_nonlinear_pspline_effect_of_years_delta.res


    Rao-Blackwellised inclusion probability:


    Variable  mean           Std. Dev.      2.5% quant.    median         97.5% quant.   
    years     0.999731       0.00709431     1              1              1              

    Results for the Rao-Blackwellised inclusion probabilities are also stored in file
    /home/mcarlan/VarSel/patent/results/score_batches_zip_ssvs_alpha0.1/predict7/pi_MAIN_pi_REGRESSION_ncit_variance_of_nonlinear_pspline_effect_of_years_delta_prob.res


    Variance hyperparameter psi2: 

    Mean:           0.0329103
    Std. dev.:      0.0183927
    2.5% Quantile:  0.0131988
    10% Quantile:   0.0169993
    50% Quantile:   0.0276756
    90% Quantile:   0.0539921
    97.5% Quantile: 0.0839266


    Results for psi2 are also stored in file
    /home/mcarlan/VarSel/patent/results/score_batches_zip_ssvs_alpha0.1/predict7/pi_MAIN_pi_REGRESSION_ncit_variance_of_nonlinear_pspline_effect_of_years_psi2.res


    Inclusion probability parameter omega:

    Mean:           0.663314
    Std. dev.:      0.231162
    2.5% Quantile:  0.179489
    10% Quantile:   0.331095
    50% Quantile:   0.695468
    90% Quantile:   0.95097
    97.5% Quantile: 0.990786


    Results for the inclusion probability parameter omega are also stored in file
    /home/mcarlan/VarSel/patent/results/score_batches_zip_ssvs_alpha0.1/predict7/pi_MAIN_pi_REGRESSION_ncit_variance_of_nonlinear_pspline_effect_of_years_omega.res



  MAIN_pi_REGRESSION_ncit:  Nonlinear effect (P-spline) of ncountrys

    Acceptance rate:    98.59 %

    Estimated parameters are stored in file
    /home/mcarlan/VarSel/patent/results/score_batches_zip_ssvs_alpha0.1/predict7/pi_MAIN_pi_REGRESSION_ncit_nonlinear_pspline_effect_of_ncountrys_param.res

    Function estimates are stored in file
    /home/mcarlan/VarSel/patent/results/score_batches_zip_ssvs_alpha0.1/predict7/pi_MAIN_pi_REGRESSION_ncit_nonlinear_pspline_effect_of_ncountrys.res

    Mean effects evaluated at ncountrys=0.0560748548266889 with value 0.0111591421327272

    Scaling factor to blow up pointwise 95 percent credible intervals
    to obtain simultaneous credible intervals: 2.32341

    Scaling factor to blow up pointwise 80 percent credible intervals
    to obtain simultaneous credible intervals: 1.82506



  MAIN_pi_REGRESSION_ncit: Variance of nonlinear effect of ncountrys

    Acceptance rate:    100 %

    Mean:           0.00490543
    Std. dev.:      0.0170139
    2.5% Quantile:  2.53703e-07
    10% Quantile:   2.94692e-06
    50% Quantile:   5.69916e-05
    90% Quantile:   0.0134919
    97.5% Quantile: 0.0449655

    Results for the variance component are also stored in file
    /home/mcarlan/VarSel/patent/results/score_batches_zip_ssvs_alpha0.1/predict7/pi_MAIN_pi_REGRESSION_ncit_variance_of_nonlinear_pspline_effect_of_ncountrys.res


    Inclusion probability:


    Variable  mean           Std. Dev.      2.5% quant.    median         97.5% quant.   
    ncountrys 0.321          0.466861       0              0              1              

    Results for the inclusion probabilities are also stored in file
    /home/mcarlan/VarSel/patent/results/score_batches_zip_ssvs_alpha0.1/predict7/pi_MAIN_pi_REGRESSION_ncit_variance_of_nonlinear_pspline_effect_of_ncountrys_delta.res


    Rao-Blackwellised inclusion probability:


    Variable  mean           Std. Dev.      2.5% quant.    median         97.5% quant.   
    ncountrys 0.316018       0.413703       0.00155279     0.0664861      1              

    Results for the Rao-Blackwellised inclusion probabilities are also stored in file
    /home/mcarlan/VarSel/patent/results/score_batches_zip_ssvs_alpha0.1/predict7/pi_MAIN_pi_REGRESSION_ncit_variance_of_nonlinear_pspline_effect_of_ncountrys_delta_prob.res


    Variance hyperparameter psi2: 

    Mean:           0.03278
    Std. dev.:      0.0173548
    2.5% Quantile:  0.0127772
    10% Quantile:   0.0164618
    50% Quantile:   0.0286039
    90% Quantile:   0.0546395
    97.5% Quantile: 0.077272


    Results for psi2 are also stored in file
    /home/mcarlan/VarSel/patent/results/score_batches_zip_ssvs_alpha0.1/predict7/pi_MAIN_pi_REGRESSION_ncit_variance_of_nonlinear_pspline_effect_of_ncountrys_psi2.res


    Inclusion probability parameter omega:

    Mean:           0.445791
    Std. dev.:      0.284281
    2.5% Quantile:  0.0218994
    10% Quantile:   0.0719304
    50% Quantile:   0.42865
    90% Quantile:   0.851862
    97.5% Quantile: 0.954149


    Results for the inclusion probability parameter omega are also stored in file
    /home/mcarlan/VarSel/patent/results/score_batches_zip_ssvs_alpha0.1/predict7/pi_MAIN_pi_REGRESSION_ncit_variance_of_nonlinear_pspline_effect_of_ncountrys_omega.res



  MAIN_pi_REGRESSION_ncit:  Nonlinear effect (P-spline) of nclaimss

    Acceptance rate:    99.51 %

    Estimated parameters are stored in file
    /home/mcarlan/VarSel/patent/results/score_batches_zip_ssvs_alpha0.1/predict7/pi_MAIN_pi_REGRESSION_ncit_nonlinear_pspline_effect_of_nclaimss_param.res

    Function estimates are stored in file
    /home/mcarlan/VarSel/patent/results/score_batches_zip_ssvs_alpha0.1/predict7/pi_MAIN_pi_REGRESSION_ncit_nonlinear_pspline_effect_of_nclaimss.res

    Mean effects evaluated at nclaimss=-0.0401618394422281 with value -0.00577114911335613

    Scaling factor to blow up pointwise 95 percent credible intervals
    to obtain simultaneous credible intervals: 1.92987

    Scaling factor to blow up pointwise 80 percent credible intervals
    to obtain simultaneous credible intervals: 1.74086



  MAIN_pi_REGRESSION_ncit: Variance of nonlinear effect of nclaimss

    Acceptance rate:    100 %

    Mean:           0.000549472
    Std. dev.:      0.00329153
    2.5% Quantile:  1.43887e-07
    10% Quantile:   1.73938e-06
    50% Quantile:   4.68749e-05
    90% Quantile:   0.000502351
    97.5% Quantile: 0.00461011

    Results for the variance component are also stored in file
    /home/mcarlan/VarSel/patent/results/score_batches_zip_ssvs_alpha0.1/predict7/pi_MAIN_pi_REGRESSION_ncit_variance_of_nonlinear_pspline_effect_of_nclaimss.res


    Inclusion probability:


    Variable  mean           Std. Dev.      2.5% quant.    median         97.5% quant.   
    nclaimss  0.174          0.379109       0              0              1              

    Results for the inclusion probabilities are also stored in file
    /home/mcarlan/VarSel/patent/results/score_batches_zip_ssvs_alpha0.1/predict7/pi_MAIN_pi_REGRESSION_ncit_variance_of_nonlinear_pspline_effect_of_nclaimss_delta.res


    Rao-Blackwellised inclusion probability:


    Variable  mean           Std. Dev.      2.5% quant.    median         97.5% quant.   
    nclaimss  0.174825       0.295783       0.00163349     0.0406311      1              

    Results for the Rao-Blackwellised inclusion probabilities are also stored in file
    /home/mcarlan/VarSel/patent/results/score_batches_zip_ssvs_alpha0.1/predict7/pi_MAIN_pi_REGRESSION_ncit_variance_of_nonlinear_pspline_effect_of_nclaimss_delta_prob.res


    Variance hyperparameter psi2: 

    Mean:           0.0317639
    Std. dev.:      0.0190548
    2.5% Quantile:  0.0133255
    10% Quantile:   0.0159608
    50% Quantile:   0.0271424
    90% Quantile:   0.0505763
    97.5% Quantile: 0.0763577


    Results for psi2 are also stored in file
    /home/mcarlan/VarSel/patent/results/score_batches_zip_ssvs_alpha0.1/predict7/pi_MAIN_pi_REGRESSION_ncit_variance_of_nonlinear_pspline_effect_of_nclaimss_psi2.res


    Inclusion probability parameter omega:

    Mean:           0.394517
    Std. dev.:      0.275513
    2.5% Quantile:  0.0125212
    10% Quantile:   0.0616419
    50% Quantile:   0.348235
    90% Quantile:   0.815719
    97.5% Quantile: 0.955097


    Results for the inclusion probability parameter omega are also stored in file
    /home/mcarlan/VarSel/patent/results/score_batches_zip_ssvs_alpha0.1/predict7/pi_MAIN_pi_REGRESSION_ncit_variance_of_nonlinear_pspline_effect_of_nclaimss_omega.res


  FILES FOR VISUALIZING RESULTS:

    STATA DO-FILE

    /home/mcarlan/VarSel/patent/results/score_batches_zip_ssvs_alpha0.1/predict7/lambda_stata.do

    R-FILE

    /home/mcarlan/VarSel/patent/results/score_batches_zip_ssvs_alpha0.1/predict7/lambda_R.r

> m7.getsample

Storing sampled parameters...
Sampled parameters are stored in file(s):

/home/mcarlan/VarSel/patent/results/score_batches_zip_ssvs_alpha0.1/predict7/pi_MAIN_pi_REGRESSION_ncit_LinearEffects_sample.raw

/home/mcarlan/VarSel/patent/results/score_batches_zip_ssvs_alpha0.1/predict7/pi_MAIN_pi_REGRESSION_ncit_LinearEffects_ssvs_sample.raw

/home/mcarlan/VarSel/patent/results/score_batches_zip_ssvs_alpha0.1/predict7/pi_MAIN_pi_REGRESSION_ncit_LinearEffects_ssvs_var_sample.raw
/home/mcarlan/VarSel/patent/results/score_batches_zip_ssvs_alpha0.1/predict7/pi_MAIN_pi_REGRESSION_ncit_LinearEffects_ssvs_delta_sample.raw
/home/mcarlan/VarSel/patent/results/score_batches_zip_ssvs_alpha0.1/predict7/pi_MAIN_pi_REGRESSION_ncit_LinearEffects_ssvs_omega_sample.raw

/home/mcarlan/VarSel/patent/results/score_batches_zip_ssvs_alpha0.1/predict7/pi_MAIN_pi_REGRESSION_ncit_nonlinear_pspline_effect_of_years_sample.raw

/home/mcarlan/VarSel/patent/results/score_batches_zip_ssvs_alpha0.1/predict7/pi_MAIN_pi_REGRESSION_ncit_variance_of_nonlinear_pspline_effect_of_years_sample.raw
/home/mcarlan/VarSel/patent/results/score_batches_zip_ssvs_alpha0.1/predict7/pi_MAIN_pi_REGRESSION_ncit_variance_of_nonlinear_pspline_effect_of_years_delta_sample.raw
/home/mcarlan/VarSel/patent/results/score_batches_zip_ssvs_alpha0.1/predict7/pi_MAIN_pi_REGRESSION_ncit_variance_of_nonlinear_pspline_effect_of_years_omega_sample.raw
/home/mcarlan/VarSel/patent/results/score_batches_zip_ssvs_alpha0.1/predict7/pi_MAIN_pi_REGRESSION_ncit_variance_of_nonlinear_pspline_effect_of_years_psi2_sample.raw

/home/mcarlan/VarSel/patent/results/score_batches_zip_ssvs_alpha0.1/predict7/pi_MAIN_pi_REGRESSION_ncit_nonlinear_pspline_effect_of_ncountrys_sample.raw

/home/mcarlan/VarSel/patent/results/score_batches_zip_ssvs_alpha0.1/predict7/pi_MAIN_pi_REGRESSION_ncit_variance_of_nonlinear_pspline_effect_of_ncountrys_sample.raw
/home/mcarlan/VarSel/patent/results/score_batches_zip_ssvs_alpha0.1/predict7/pi_MAIN_pi_REGRESSION_ncit_variance_of_nonlinear_pspline_effect_of_ncountrys_delta_sample.raw
/home/mcarlan/VarSel/patent/results/score_batches_zip_ssvs_alpha0.1/predict7/pi_MAIN_pi_REGRESSION_ncit_variance_of_nonlinear_pspline_effect_of_ncountrys_omega_sample.raw
/home/mcarlan/VarSel/patent/results/score_batches_zip_ssvs_alpha0.1/predict7/pi_MAIN_pi_REGRESSION_ncit_variance_of_nonlinear_pspline_effect_of_ncountrys_psi2_sample.raw

/home/mcarlan/VarSel/patent/results/score_batches_zip_ssvs_alpha0.1/predict7/pi_MAIN_pi_REGRESSION_ncit_nonlinear_pspline_effect_of_nclaimss_sample.raw

/home/mcarlan/VarSel/patent/results/score_batches_zip_ssvs_alpha0.1/predict7/pi_MAIN_pi_REGRESSION_ncit_variance_of_nonlinear_pspline_effect_of_nclaimss_sample.raw
/home/mcarlan/VarSel/patent/results/score_batches_zip_ssvs_alpha0.1/predict7/pi_MAIN_pi_REGRESSION_ncit_variance_of_nonlinear_pspline_effect_of_nclaimss_delta_sample.raw
/home/mcarlan/VarSel/patent/results/score_batches_zip_ssvs_alpha0.1/predict7/pi_MAIN_pi_REGRESSION_ncit_variance_of_nonlinear_pspline_effect_of_nclaimss_omega_sample.raw
/home/mcarlan/VarSel/patent/results/score_batches_zip_ssvs_alpha0.1/predict7/pi_MAIN_pi_REGRESSION_ncit_variance_of_nonlinear_pspline_effect_of_nclaimss_psi2_sample.raw

/home/mcarlan/VarSel/patent/results/score_batches_zip_ssvs_alpha0.1/predict7/lambda_MAIN_lambda_REGRESSION_ncit_LinearEffects_sample.raw

/home/mcarlan/VarSel/patent/results/score_batches_zip_ssvs_alpha0.1/predict7/lambda_MAIN_lambda_REGRESSION_ncit_LinearEffects_ssvs_sample.raw

/home/mcarlan/VarSel/patent/results/score_batches_zip_ssvs_alpha0.1/predict7/lambda_MAIN_lambda_REGRESSION_ncit_LinearEffects_ssvs_var_sample.raw
/home/mcarlan/VarSel/patent/results/score_batches_zip_ssvs_alpha0.1/predict7/lambda_MAIN_lambda_REGRESSION_ncit_LinearEffects_ssvs_delta_sample.raw
/home/mcarlan/VarSel/patent/results/score_batches_zip_ssvs_alpha0.1/predict7/lambda_MAIN_lambda_REGRESSION_ncit_LinearEffects_ssvs_omega_sample.raw

/home/mcarlan/VarSel/patent/results/score_batches_zip_ssvs_alpha0.1/predict7/lambda_MAIN_lambda_REGRESSION_ncit_nonlinear_pspline_effect_of_years_sample.raw

/home/mcarlan/VarSel/patent/results/score_batches_zip_ssvs_alpha0.1/predict7/lambda_MAIN_lambda_REGRESSION_ncit_variance_of_nonlinear_pspline_effect_of_years_sample.raw
/home/mcarlan/VarSel/patent/results/score_batches_zip_ssvs_alpha0.1/predict7/lambda_MAIN_lambda_REGRESSION_ncit_variance_of_nonlinear_pspline_effect_of_years_delta_sample.raw
/home/mcarlan/VarSel/patent/results/score_batches_zip_ssvs_alpha0.1/predict7/lambda_MAIN_lambda_REGRESSION_ncit_variance_of_nonlinear_pspline_effect_of_years_omega_sample.raw
/home/mcarlan/VarSel/patent/results/score_batches_zip_ssvs_alpha0.1/predict7/lambda_MAIN_lambda_REGRESSION_ncit_variance_of_nonlinear_pspline_effect_of_years_psi2_sample.raw

/home/mcarlan/VarSel/patent/results/score_batches_zip_ssvs_alpha0.1/predict7/lambda_MAIN_lambda_REGRESSION_ncit_nonlinear_pspline_effect_of_ncountrys_sample.raw

/home/mcarlan/VarSel/patent/results/score_batches_zip_ssvs_alpha0.1/predict7/lambda_MAIN_lambda_REGRESSION_ncit_variance_of_nonlinear_pspline_effect_of_ncountrys_sample.raw
/home/mcarlan/VarSel/patent/results/score_batches_zip_ssvs_alpha0.1/predict7/lambda_MAIN_lambda_REGRESSION_ncit_variance_of_nonlinear_pspline_effect_of_ncountrys_delta_sample.raw
/home/mcarlan/VarSel/patent/results/score_batches_zip_ssvs_alpha0.1/predict7/lambda_MAIN_lambda_REGRESSION_ncit_variance_of_nonlinear_pspline_effect_of_ncountrys_omega_sample.raw
/home/mcarlan/VarSel/patent/results/score_batches_zip_ssvs_alpha0.1/predict7/lambda_MAIN_lambda_REGRESSION_ncit_variance_of_nonlinear_pspline_effect_of_ncountrys_psi2_sample.raw

/home/mcarlan/VarSel/patent/results/score_batches_zip_ssvs_alpha0.1/predict7/lambda_MAIN_lambda_REGRESSION_ncit_nonlinear_pspline_effect_of_nclaimss_sample.raw

/home/mcarlan/VarSel/patent/results/score_batches_zip_ssvs_alpha0.1/predict7/lambda_MAIN_lambda_REGRESSION_ncit_variance_of_nonlinear_pspline_effect_of_nclaimss_sample.raw
/home/mcarlan/VarSel/patent/results/score_batches_zip_ssvs_alpha0.1/predict7/lambda_MAIN_lambda_REGRESSION_ncit_variance_of_nonlinear_pspline_effect_of_nclaimss_delta_sample.raw
/home/mcarlan/VarSel/patent/results/score_batches_zip_ssvs_alpha0.1/predict7/lambda_MAIN_lambda_REGRESSION_ncit_variance_of_nonlinear_pspline_effect_of_nclaimss_omega_sample.raw
/home/mcarlan/VarSel/patent/results/score_batches_zip_ssvs_alpha0.1/predict7/lambda_MAIN_lambda_REGRESSION_ncit_variance_of_nonlinear_pspline_effect_of_nclaimss_psi2_sample.raw

File for convenient visualization of 
sampling paths using the Windows version of BayesX is stored in

/home/mcarlan/VarSel/patent/results/score_batches_zip_ssvs_alpha0.1/predict7/lambda_samples.prg


> m7.autocor

Computing autocorrelation functions...
Autocorrelations are stored in file(s):

/home/mcarlan/VarSel/patent/results/score_batches_zip_ssvs_alpha0.1/predict7/pi_MAIN_pi_REGRESSION_ncit_LinearEffects_autocor.raw
/home/mcarlan/VarSel/patent/results/score_batches_zip_ssvs_alpha0.1/predict7/pi_MAIN_pi_REGRESSION_ncit_LinearEffects_ssvs_autocor.raw
/home/mcarlan/VarSel/patent/results/score_batches_zip_ssvs_alpha0.1/predict7/pi_MAIN_pi_REGRESSION_ncit_LinearEffects_ssvs_var_autocor.raw
/home/mcarlan/VarSel/patent/results/score_batches_zip_ssvs_alpha0.1/predict7/pi_MAIN_pi_REGRESSION_ncit_nonlinear_pspline_effect_of_years_autocor.raw
/home/mcarlan/VarSel/patent/results/score_batches_zip_ssvs_alpha0.1/predict7/pi_MAIN_pi_REGRESSION_ncit_variance_of_nonlinear_pspline_effect_of_years_autocor.raw
/home/mcarlan/VarSel/patent/results/score_batches_zip_ssvs_alpha0.1/predict7/pi_MAIN_pi_REGRESSION_ncit_nonlinear_pspline_effect_of_ncountrys_autocor.raw
/home/mcarlan/VarSel/patent/results/score_batches_zip_ssvs_alpha0.1/predict7/pi_MAIN_pi_REGRESSION_ncit_variance_of_nonlinear_pspline_effect_of_ncountrys_autocor.raw
/home/mcarlan/VarSel/patent/results/score_batches_zip_ssvs_alpha0.1/predict7/pi_MAIN_pi_REGRESSION_ncit_nonlinear_pspline_effect_of_nclaimss_autocor.raw
/home/mcarlan/VarSel/patent/results/score_batches_zip_ssvs_alpha0.1/predict7/pi_MAIN_pi_REGRESSION_ncit_variance_of_nonlinear_pspline_effect_of_nclaimss_autocor.raw
/home/mcarlan/VarSel/patent/results/score_batches_zip_ssvs_alpha0.1/predict7/lambda_MAIN_lambda_REGRESSION_ncit_LinearEffects_autocor.raw
/home/mcarlan/VarSel/patent/results/score_batches_zip_ssvs_alpha0.1/predict7/lambda_MAIN_lambda_REGRESSION_ncit_LinearEffects_ssvs_autocor.raw
/home/mcarlan/VarSel/patent/results/score_batches_zip_ssvs_alpha0.1/predict7/lambda_MAIN_lambda_REGRESSION_ncit_LinearEffects_ssvs_var_autocor.raw
/home/mcarlan/VarSel/patent/results/score_batches_zip_ssvs_alpha0.1/predict7/lambda_MAIN_lambda_REGRESSION_ncit_nonlinear_pspline_effect_of_years_autocor.raw
/home/mcarlan/VarSel/patent/results/score_batches_zip_ssvs_alpha0.1/predict7/lambda_MAIN_lambda_REGRESSION_ncit_variance_of_nonlinear_pspline_effect_of_years_autocor.raw
/home/mcarlan/VarSel/patent/results/score_batches_zip_ssvs_alpha0.1/predict7/lambda_MAIN_lambda_REGRESSION_ncit_nonlinear_pspline_effect_of_ncountrys_autocor.raw
/home/mcarlan/VarSel/patent/results/score_batches_zip_ssvs_alpha0.1/predict7/lambda_MAIN_lambda_REGRESSION_ncit_variance_of_nonlinear_pspline_effect_of_ncountrys_autocor.raw
/home/mcarlan/VarSel/patent/results/score_batches_zip_ssvs_alpha0.1/predict7/lambda_MAIN_lambda_REGRESSION_ncit_nonlinear_pspline_effect_of_nclaimss_autocor.raw
/home/mcarlan/VarSel/patent/results/score_batches_zip_ssvs_alpha0.1/predict7/lambda_MAIN_lambda_REGRESSION_ncit_variance_of_nonlinear_pspline_effect_of_nclaimss_autocor.raw
File for convenient computation and visualization of 
autocorrelations using the Windows version of BayesX is stored in

/home/mcarlan/VarSel/patent/results/score_batches_zip_ssvs_alpha0.1/predict7/lambda_autocor.prg

> drop m7

> drop d

> logclose

