> dataset d

> d.infile using ./data//patent.raw

NOTE: 33 variables with 4805 observations read from file
./data//patent.raw

> delimiter=;

> mcmcreg m8

> m8.outfile = /home/mcarlan/VarSel/patent/results/score_batches_zip_ssvs_alpha0.05/predict8/pi

> m8.hregress ncit = const + years(ssvs, gig, v1 = 5, v2 = 26.2575033798087, r = 0.000108329287060479,nocenter,ssvsupdate=gibbs)+ ncountrys(ssvs, gig, v1 = 5, v2 = 41.1532985596849, r = 0.000108329287060479,nocenter,ssvsupdate=gibbs)+ nclaimss(ssvs, gig, v1 = 5, v2 = 9.62367510691154, r = 0.000108329287060479,nocenter,ssvsupdate=gibbs)+ ustwin(ssvs, gig, v1 = 5, v2 = 206.623720063346, r = 0.000108329287060479,nocenter,ssvsupdate=gibbs)+ opp(ssvs, gig, v1 = 5, v2 = 206.623720063346, r = 0.000108329287060479,nocenter,ssvsupdate=gibbs)+ biopharm(ssvs, gig, v1 = 5, v2 = 206.623720063346, r = 0.000108329287060479,nocenter,ssvsupdate=gibbs)+ patus(ssvs, gig, v1 = 5, v2 = 206.623720063346, r = 0.000108329287060479,nocenter,ssvsupdate=gibbs)+ patgsgr(ssvs, gig, v1 = 5, v2 = 206.623720063346, r = 0.000108329287060479,nocenter,ssvsupdate=gibbs)+ years(pspline, prior = ssvs, v1 = 5, v2 = 0.511880109122076,r = 0.000342239043010924,ssvsupdate=gibbs, centermethod=nullspace)+ ncountrys(pspline, prior = ssvs, v1 = 5, v2 = 0.51823046838236,r = 0.000340535716254245,ssvsupdate=gibbs, centermethod=nullspace)+ nclaimss(pspline, prior = ssvs, v1 = 5, v2 = 0.509178060973639,r = 0.000343733536850348,ssvsupdate=gibbs, centermethod=nullspace) weight w8, family=zip iterations=12000 burnin=2000 step=10 equationtype=pi using d

> m8.outfile = /home/mcarlan/VarSel/patent/results/score_batches_zip_ssvs_alpha0.05/predict8/lambda

> m8.hregress ncit = const + years(ssvs, gig,  prior=ssvs, v1 = 5, v2 = 26.2575033798087, r = 0.000108329287060479,nocenter,ssvsupdate=gibbs)+ ncountrys(ssvs, gig,  prior=ssvs, v1 = 5, v2 = 41.1532985596849, r = 0.000108329287060479,nocenter,ssvsupdate=gibbs)+ nclaimss(ssvs, gig,  prior=ssvs, v1 = 5, v2 = 9.62367510691154, r = 0.000108329287060479,nocenter,ssvsupdate=gibbs)+ ustwin(ssvs, gig,  prior=ssvs, v1 = 5, v2 = 206.623720063346, r = 0.000108329287060479,nocenter,ssvsupdate=gibbs)+ opp(ssvs, gig,  prior=ssvs, v1 = 5, v2 = 206.623720063346, r = 0.000108329287060479,nocenter,ssvsupdate=gibbs)+ biopharm(ssvs, gig,  prior=ssvs, v1 = 5, v2 = 206.623720063346, r = 0.000108329287060479,nocenter,ssvsupdate=gibbs)+ patus(ssvs, gig,  prior=ssvs, v1 = 5, v2 = 206.623720063346, r = 0.000108329287060479,nocenter,ssvsupdate=gibbs)+ patgsgr(ssvs, gig,  prior=ssvs, v1 = 5, v2 = 206.623720063346, r = 0.000108329287060479,nocenter,ssvsupdate=gibbs)+ years(pspline, prior = ssvs, v1 = 5, v2 = 0.511880109122076,r = 0.000342239043010924,ssvsupdate=gibbs, centermethod=nullspace)+ ncountrys(pspline, prior = ssvs, v1 = 5, v2 = 0.51823046838236,r = 0.000340535716254245,ssvsupdate=gibbs, centermethod=nullspace)+ nclaimss(pspline, prior = ssvs, v1 = 5, v2 = 0.509178060973639,r = 0.000343733536850348,ssvsupdate=gibbs, centermethod=nullspace) weight w8,family=zip predict = light setseed=128 equationtype=lambda using d


MCMCREG OBJECT m8: MAIN lambda REGRESSION_ncit

GENERAL OPTIONS:

  Number of iterations:  12000
  Burn-in period:        2000
  Thinning parameter:    10
  Saveestimation:        disabled



RESPONSE DISTRIBUTION:

  Family: ZIP
  Number of observations: 4805
  Number of observations with positive weights: 4324

  Response function (lambda): exponential
  Response function (pi): logistic distribution function


OPTIONS FOR ESTIMATION:

  Hyperparameters for SSVS priors of linear effects:

    Variable    v1       v2       r        
    years       5        26.3     0.000108
    ncountrys   5        41.2     0.000108
    nclaimss    5        9.62     0.000108
    ustwin      5        207      0.000108
    opp         5        207      0.000108
    biopharm    5        207      0.000108
    patus       5        207      0.000108
    patgsgr     5        207      0.000108

  MAIN_lambda_REGRESSION_ncit:  Nonlinear effect (P-spline) of years

  Prior: second order random walk
  Number of knots: 20
  First knot: -2.8483428
  Last knot: 1.5525191
  Knot distance: 0.23162431
  Degree of Splines: 3
  centered sampling
  B-spline basis may be created e.g. in STATA by: 
  bspline , xvar(x) generate(Bs) power(3) knots(-2.8483428(0.23162431)1.5525191) 
  where x contains the values for which the basis functions should be created

  IG prior for psi2 
  Hyperparameter v1 for prior: 5
  Hyperparameter v2 for prior: 0.511880109122076
  Parameter r for spike: 0.000342239043010924

  Prior inclusion probability omega
  Parameter a_omega: 1
  Parameter b_omega: 1

  MAIN_lambda_REGRESSION_ncit:  Nonlinear effect (P-spline) of ncountrys

  Prior: second order random walk
  Number of knots: 20
  First knot: -1.6819324
  Last knot: 2.279559
  Knot distance: 0.20849955
  Degree of Splines: 3
  centered sampling
  B-spline basis may be created e.g. in STATA by: 
  bspline , xvar(x) generate(Bs) power(3) knots(-1.6819324(0.20849955)2.279559) 
  where x contains the values for which the basis functions should be created

  IG prior for psi2 
  Hyperparameter v1 for prior: 5
  Hyperparameter v2 for prior: 0.51823046838236
  Parameter r for spike: 0.000340535716254245

  Prior inclusion probability omega
  Parameter a_omega: 1
  Parameter b_omega: 1

  MAIN_lambda_REGRESSION_ncit:  Nonlinear effect (P-spline) of nclaimss

  Prior: second order random walk
  Number of knots: 20
  First knot: -1.4533633
  Last knot: 4.6938785
  Knot distance: 0.32353904
  Degree of Splines: 3
  centered sampling
  B-spline basis may be created e.g. in STATA by: 
  bspline , xvar(x) generate(Bs) power(3) knots(-1.4533633(0.32353904)4.6938785) 
  where x contains the values for which the basis functions should be created

  IG prior for psi2 
  Hyperparameter v1 for prior: 5
  Hyperparameter v2 for prior: 0.509178060973639
  Parameter r for spike: 0.000343733536850348

  Prior inclusion probability omega
  Parameter a_omega: 1
  Parameter b_omega: 1



MCMCREG OBJECT m8: MAIN pi REGRESSION_ncit

RESPONSE DISTRIBUTION:

  Family: ZIP_pi
  Number of observations: 4805
  Number of observations with positive weights: 4324

  Response function (pi): logistic distribution function


OPTIONS FOR ESTIMATION:

  Hyperparameters for SSVS priors of linear effects:

    Variable    v1       v2       r        
    years       5        26.3     0.000108
    ncountrys   5        41.2     0.000108
    nclaimss    5        9.62     0.000108
    ustwin      5        207      0.000108
    opp         5        207      0.000108
    biopharm    5        207      0.000108
    patus       5        207      0.000108
    patgsgr     5        207      0.000108

  MAIN_pi_REGRESSION_ncit:  Nonlinear effect (P-spline) of years

  Prior: second order random walk
  Number of knots: 20
  First knot: -2.8483428
  Last knot: 1.5525191
  Knot distance: 0.23162431
  Degree of Splines: 3
  centered sampling
  B-spline basis may be created e.g. in STATA by: 
  bspline , xvar(x) generate(Bs) power(3) knots(-2.8483428(0.23162431)1.5525191) 
  where x contains the values for which the basis functions should be created

  IG prior for psi2 
  Hyperparameter v1 for prior: 5
  Hyperparameter v2 for prior: 0.511880109122076
  Parameter r for spike: 0.000342239043010924

  Prior inclusion probability omega
  Parameter a_omega: 1
  Parameter b_omega: 1

  MAIN_pi_REGRESSION_ncit:  Nonlinear effect (P-spline) of ncountrys

  Prior: second order random walk
  Number of knots: 20
  First knot: -1.6819324
  Last knot: 2.279559
  Knot distance: 0.20849955
  Degree of Splines: 3
  centered sampling
  B-spline basis may be created e.g. in STATA by: 
  bspline , xvar(x) generate(Bs) power(3) knots(-1.6819324(0.20849955)2.279559) 
  where x contains the values for which the basis functions should be created

  IG prior for psi2 
  Hyperparameter v1 for prior: 5
  Hyperparameter v2 for prior: 0.51823046838236
  Parameter r for spike: 0.000340535716254245

  Prior inclusion probability omega
  Parameter a_omega: 1
  Parameter b_omega: 1

  MAIN_pi_REGRESSION_ncit:  Nonlinear effect (P-spline) of nclaimss

  Prior: second order random walk
  Number of knots: 20
  First knot: -1.4533633
  Last knot: 4.6938785
  Knot distance: 0.32353904
  Degree of Splines: 3
  centered sampling
  B-spline basis may be created e.g. in STATA by: 
  bspline , xvar(x) generate(Bs) power(3) knots(-1.4533633(0.32353904)4.6938785) 
  where x contains the values for which the basis functions should be created

  IG prior for psi2 
  Hyperparameter v1 for prior: 5
  Hyperparameter v2 for prior: 0.509178060973639
  Parameter r for spike: 0.000343733536850348

  Prior inclusion probability omega
  Parameter a_omega: 1
  Parameter b_omega: 1


MCMC SIMULATION STARTED

  COMPUTING STARTING VALUES (MAY TAKE SOME TIME)
  ITERATION: 1

  APPROXIMATE RUN TIME: 2 minutes 21 seconds

  ITERATION: 1000
  ITERATION: 2000
  ITERATION: 3000
  ITERATION: 4000
  ITERATION: 5000

  MAIN_lambda_REGRESSION_ncit: linear effects

  Acceptance rate:    98.48 %

  Relative Changes in  

  Mean:               0.244455
  Variance:           1.79769e+308
  Minimum:            1.79769e+308
  Maximum:            1.79769e+308



  MAIN_lambda_REGRESSION_ncit: linear effects with ssvs prior

  Acceptance rate:    64.24 %

  Relative Changes in  

  Mean:               0.817599
  Variance:           1.79769e+308
  Minimum:            1.79769e+308
  Maximum:            1.79769e+308



  MAIN_lambda_REGRESSION_ncit: variance of linear effects with ssvs prior

  Acceptance rate:    100 %

  Relative Changes in  

  Mean:               1.79769e+308
  Variance:           1.79769e+308
  Minimum:            1.79769e+308
  Maximum:            1.79769e+308



  MAIN_lambda_REGRESSION_ncit:  Nonlinear effect (P-spline) of years

  Acceptance rate:    85.32 %

  Relative Changes in  

  Mean:               0.281829
  Variance:           1.79769e+308
  Minimum:            1.79769e+308
  Maximum:            1.79769e+308



  MAIN_lambda_REGRESSION_ncit: Variance of nonlinear effect of years

  Acceptance rate:    100 %

  Relative Changes in  

  Mean:               1.79769e+308
  Variance:           1.79769e+308
  Minimum:            1.79769e+308
  Maximum:            1.79769e+308



  MAIN_lambda_REGRESSION_ncit:  Nonlinear effect (P-spline) of ncountrys

  Acceptance rate:    69.38 %

  Relative Changes in  

  Mean:               0.613294
  Variance:           1.79769e+308
  Minimum:            1.79769e+308
  Maximum:            1.79769e+308



  MAIN_lambda_REGRESSION_ncit: Variance of nonlinear effect of ncountrys

  Acceptance rate:    100 %

  Relative Changes in  

  Mean:               1.79769e+308
  Variance:           1.79769e+308
  Minimum:            1.79769e+308
  Maximum:            1.79769e+308



  MAIN_lambda_REGRESSION_ncit:  Nonlinear effect (P-spline) of nclaimss

  Acceptance rate:    87.79 %

  Relative Changes in  

  Mean:               0.674757
  Variance:           1.79769e+308
  Minimum:            1.79769e+308
  Maximum:            1.79769e+308



  MAIN_lambda_REGRESSION_ncit: Variance of nonlinear effect of nclaimss

  Acceptance rate:    100 %

  Relative Changes in  

  Mean:               1.79769e+308
  Variance:           1.79769e+308
  Minimum:            1.79769e+308
  Maximum:            1.79769e+308



  MAIN_pi_REGRESSION_ncit: linear effects

  Acceptance rate:    99.27 %

  Relative Changes in  

  Mean:               1.03919
  Variance:           1.79769e+308
  Minimum:            1.79769e+308
  Maximum:            1.79769e+308



  MAIN_pi_REGRESSION_ncit: linear effects with ssvs prior

  Acceptance rate:    52.11 %

  Relative Changes in  

  Mean:               1.18223
  Variance:           1.79769e+308
  Minimum:            1.79769e+308
  Maximum:            1.79769e+308



  MAIN_pi_REGRESSION_ncit: variance of linear effects with ssvs prior

  Acceptance rate:    100 %

  Relative Changes in  

  Mean:               1.79769e+308
  Variance:           1.79769e+308
  Minimum:            1.79769e+308
  Maximum:            1.79769e+308



  MAIN_pi_REGRESSION_ncit:  Nonlinear effect (P-spline) of years

  Acceptance rate:    95.54 %

  Relative Changes in  

  Mean:               0.937991
  Variance:           1.79769e+308
  Minimum:            1.79769e+308
  Maximum:            1.79769e+308



  MAIN_pi_REGRESSION_ncit: Variance of nonlinear effect of years

  Acceptance rate:    100 %

  Relative Changes in  

  Mean:               1.79769e+308
  Variance:           1.79769e+308
  Minimum:            1.79769e+308
  Maximum:            1.79769e+308



  MAIN_pi_REGRESSION_ncit:  Nonlinear effect (P-spline) of ncountrys

  Acceptance rate:    90.4 %

  Relative Changes in  

  Mean:               0.554155
  Variance:           1.79769e+308
  Minimum:            1.79769e+308
  Maximum:            1.79769e+308



  MAIN_pi_REGRESSION_ncit: Variance of nonlinear effect of ncountrys

  Acceptance rate:    100 %

  Relative Changes in  

  Mean:               1.79769e+308
  Variance:           1.79769e+308
  Minimum:            1.79769e+308
  Maximum:            1.79769e+308



  MAIN_pi_REGRESSION_ncit:  Nonlinear effect (P-spline) of nclaimss

  Acceptance rate:    99.62 %

  Relative Changes in  

  Mean:               0.981318
  Variance:           1.79769e+308
  Minimum:            1.79769e+308
  Maximum:            1.79769e+308



  MAIN_pi_REGRESSION_ncit: Variance of nonlinear effect of nclaimss

  Acceptance rate:    100 %

  Relative Changes in  

  Mean:               1.79769e+308
  Variance:           1.79769e+308
  Minimum:            1.79769e+308
  Maximum:            1.79769e+308


  ITERATION: 6000
  ITERATION: 7000
  ITERATION: 8000

  MAIN_lambda_REGRESSION_ncit: linear effects

  Acceptance rate:    98.5 %

  Relative Changes in  

  Mean:               0.0158771
  Variance:           0.0659615
  Minimum:            0
  Maximum:            0.0198601



  MAIN_lambda_REGRESSION_ncit: linear effects with ssvs prior

  Acceptance rate:    63.62 %

  Relative Changes in  

  Mean:               0.0528949
  Variance:           0.0611103
  Minimum:            0.0785353
  Maximum:            0.06487



  MAIN_lambda_REGRESSION_ncit: variance of linear effects with ssvs prior

  Acceptance rate:    100 %

  Relative Changes in  

  Mean:               0.341322
  Variance:           0.854936
  Minimum:            0.0821098
  Maximum:            0.610663



  MAIN_lambda_REGRESSION_ncit:  Nonlinear effect (P-spline) of years

  Acceptance rate:    86.45 %

  Relative Changes in  

  Mean:               0.0732735
  Variance:           0.0855054
  Minimum:            0.0467194
  Maximum:            0.0562985



  MAIN_lambda_REGRESSION_ncit: Variance of nonlinear effect of years

  Acceptance rate:    100 %

  Relative Changes in  

  Mean:               0.152098
  Variance:           0.430804
  Minimum:            0.0248468
  Maximum:            1.46434e-07



  MAIN_lambda_REGRESSION_ncit:  Nonlinear effect (P-spline) of ncountrys

  Acceptance rate:    68.95 %

  Relative Changes in  

  Mean:               0.0651463
  Variance:           0.0485492
  Minimum:            0.0921397
  Maximum:            0.204736



  MAIN_lambda_REGRESSION_ncit: Variance of nonlinear effect of ncountrys

  Acceptance rate:    100 %

  Relative Changes in  

  Mean:               0.0851552
  Variance:           0.179806
  Minimum:            0.136999
  Maximum:            0.00526524



  MAIN_lambda_REGRESSION_ncit:  Nonlinear effect (P-spline) of nclaimss

  Acceptance rate:    87.41 %

  Relative Changes in  

  Mean:               0.0101513
  Variance:           0.0529418
  Minimum:            0.0624264
  Maximum:            0.0439728



  MAIN_lambda_REGRESSION_ncit: Variance of nonlinear effect of nclaimss

  Acceptance rate:    100 %

  Relative Changes in  

  Mean:               0.0759404
  Variance:           0.227574
  Minimum:            0
  Maximum:            0



  MAIN_pi_REGRESSION_ncit: linear effects

  Acceptance rate:    99.17 %

  Relative Changes in  

  Mean:               0.681346
  Variance:           0.0398798
  Minimum:            0.0319406
  Maximum:            0.0695593



  MAIN_pi_REGRESSION_ncit: linear effects with ssvs prior

  Acceptance rate:    50.97 %

  Relative Changes in  

  Mean:               0.0282903
  Variance:           0.122073
  Minimum:            0.157171
  Maximum:            0.0666639



  MAIN_pi_REGRESSION_ncit: variance of linear effects with ssvs prior

  Acceptance rate:    100 %

  Relative Changes in  

  Mean:               0.190517
  Variance:           0.251648
  Minimum:            0.527689
  Maximum:            0.233501



  MAIN_pi_REGRESSION_ncit:  Nonlinear effect (P-spline) of years

  Acceptance rate:    95.55 %

  Relative Changes in  

  Mean:               0.0181665
  Variance:           0.0650336
  Minimum:            0.184597
  Maximum:            0.19592



  MAIN_pi_REGRESSION_ncit: Variance of nonlinear effect of years

  Acceptance rate:    100 %

  Relative Changes in  

  Mean:               0.024017
  Variance:           1.29176
  Minimum:            4.17402e-05
  Maximum:            1.26015



  MAIN_pi_REGRESSION_ncit:  Nonlinear effect (P-spline) of ncountrys

  Acceptance rate:    90.46 %

  Relative Changes in  

  Mean:               0.0498115
  Variance:           0.058491
  Minimum:            0.0522758
  Maximum:            0.0698111



  MAIN_pi_REGRESSION_ncit: Variance of nonlinear effect of ncountrys

  Acceptance rate:    100 %

  Relative Changes in  

  Mean:               0.111804
  Variance:           0.419708
  Minimum:            0.0902093
  Maximum:            0.00037303



  MAIN_pi_REGRESSION_ncit:  Nonlinear effect (P-spline) of nclaimss

  Acceptance rate:    99.6 %

  Relative Changes in  

  Mean:               0.329552
  Variance:           0.10654
  Minimum:            0.0944214
  Maximum:            0.365406



  MAIN_pi_REGRESSION_ncit: Variance of nonlinear effect of nclaimss

  Acceptance rate:    100 %

  Relative Changes in  

  Mean:               0.0566256
  Variance:           0.442644
  Minimum:            2.46876e-11
  Maximum:            0.548022


  ITERATION: 9000
  ITERATION: 10000
  ITERATION: 11000

  MAIN_lambda_REGRESSION_ncit: linear effects

  Acceptance rate:    98.5 %

  Relative Changes in  

  Mean:               0.00133357
  Variance:           0.0342229
  Minimum:            0
  Maximum:            0



  MAIN_lambda_REGRESSION_ncit: linear effects with ssvs prior

  Acceptance rate:    63.49 %

  Relative Changes in  

  Mean:               0.00739528
  Variance:           0.0114464
  Minimum:            0.00411826
  Maximum:            0.111991



  MAIN_lambda_REGRESSION_ncit: variance of linear effects with ssvs prior

  Acceptance rate:    100 %

  Relative Changes in  

  Mean:               0.122466
  Variance:           0.256641
  Minimum:            0.0744295
  Maximum:            0.216854



  MAIN_lambda_REGRESSION_ncit:  Nonlinear effect (P-spline) of years

  Acceptance rate:    86.37 %

  Relative Changes in  

  Mean:               0.0158506
  Variance:           0.0684643
  Minimum:            0.179072
  Maximum:            0.0807753



  MAIN_lambda_REGRESSION_ncit: Variance of nonlinear effect of years

  Acceptance rate:    100 %

  Relative Changes in  

  Mean:               0.267692
  Variance:           0.327943
  Minimum:            0.461252
  Maximum:            5.04573e-06



  MAIN_lambda_REGRESSION_ncit:  Nonlinear effect (P-spline) of ncountrys

  Acceptance rate:    69.57 %

  Relative Changes in  

  Mean:               0.0132054
  Variance:           0.0455147
  Minimum:            0.013286
  Maximum:            0.0881925



  MAIN_lambda_REGRESSION_ncit: Variance of nonlinear effect of ncountrys

  Acceptance rate:    100 %

  Relative Changes in  

  Mean:               0.0185304
  Variance:           0.157689
  Minimum:            0.161988
  Maximum:            0.186351



  MAIN_lambda_REGRESSION_ncit:  Nonlinear effect (P-spline) of nclaimss

  Acceptance rate:    87.07 %

  Relative Changes in  

  Mean:               0.0104146
  Variance:           0.0356235
  Minimum:            0.0857202
  Maximum:            0.0585253



  MAIN_lambda_REGRESSION_ncit: Variance of nonlinear effect of nclaimss

  Acceptance rate:    100 %

  Relative Changes in  

  Mean:               0.00191169
  Variance:           0.059809
  Minimum:            0
  Maximum:            0



  MAIN_pi_REGRESSION_ncit: linear effects

  Acceptance rate:    99.22 %

  Relative Changes in  

  Mean:               0.285411
  Variance:           0.00280175
  Minimum:            0
  Maximum:            0.0390827



  MAIN_pi_REGRESSION_ncit: linear effects with ssvs prior

  Acceptance rate:    51.08 %

  Relative Changes in  

  Mean:               0.0155807
  Variance:           0.0706926
  Minimum:            0.200154
  Maximum:            0.041945



  MAIN_pi_REGRESSION_ncit: variance of linear effects with ssvs prior

  Acceptance rate:    100 %

  Relative Changes in  

  Mean:               0.0721427
  Variance:           0.103793
  Minimum:            0.0560413
  Maximum:            0.129291



  MAIN_pi_REGRESSION_ncit:  Nonlinear effect (P-spline) of years

  Acceptance rate:    95.4 %

  Relative Changes in  

  Mean:               0.015584
  Variance:           0.0260563
  Minimum:            0.0244721
  Maximum:            0



  MAIN_pi_REGRESSION_ncit: Variance of nonlinear effect of years

  Acceptance rate:    100 %

  Relative Changes in  

  Mean:               0.0570411
  Variance:           0.0907587
  Minimum:            0.182859
  Maximum:            7.41229e-06



  MAIN_pi_REGRESSION_ncit:  Nonlinear effect (P-spline) of ncountrys

  Acceptance rate:    90.51 %

  Relative Changes in  

  Mean:               0.0284813
  Variance:           0.0245785
  Minimum:            0.0383104
  Maximum:            0.0682561



  MAIN_pi_REGRESSION_ncit: Variance of nonlinear effect of ncountrys

  Acceptance rate:    100 %

  Relative Changes in  

  Mean:               0.0017255
  Variance:           0.153156
  Minimum:            0
  Maximum:            0



  MAIN_pi_REGRESSION_ncit:  Nonlinear effect (P-spline) of nclaimss

  Acceptance rate:    99.64 %

  Relative Changes in  

  Mean:               0.202499
  Variance:           0.0499075
  Minimum:            0.162158
  Maximum:            0.193732



  MAIN_pi_REGRESSION_ncit: Variance of nonlinear effect of nclaimss

  Acceptance rate:    100 %

  Relative Changes in  

  Mean:               183.691
  Variance:           565003
  Minimum:            0.622072
  Maximum:            1302.74


  ITERATION: 12000

SIMULATION TERMINATED

SIMULATION RUN TIME: 2 minutes 29 seconds


ESTIMATION RESULTS:


MCMCREG OBJECT m8: MAIN lambda REGRESSION_ncit



  MAIN_lambda_REGRESSION_ncit: linear effects


    Variable  mean           Std. Dev.      2.5% quant.    median         97.5% quant.   
    const     0.856929       0.090218       0.661142       0.86196        1.02132        

    Acceptance rate:    98.5 %

    Results for fixed effects are also stored in file
    /home/mcarlan/VarSel/patent/results/score_batches_zip_ssvs_alpha0.05/predict8/lambda_MAIN_lambda_REGRESSION_ncit_LinearEffects.res


  MAIN_lambda_REGRESSION_ncit: linear effects with ssvs prior


    Variable  mean           Std. Dev.      2.5% quant.    median         97.5% quant.   
    years     -0.00116253    0.0300696      -0.0649558     -0.000403763   0.071624       
    ncountrys -0.184253      0.115423       -0.423998      -0.177054      0.00583662     
    nclaimss  0.112077       0.0302393      0.0509872      0.113751       0.163761       
    ustwin    0.0722435      0.0280301      0.0170703      0.071859       0.127632       
    opp       0.171359       0.0138327      0.144124       0.171509       0.198027       
    biopharm  0.136107       0.0181764      0.101436       0.136159       0.172043       
    patus     0.0952605      0.0150657      0.0668467      0.0946781      0.126289       
    patgsgr   -0.0625166     0.0191512      -0.101024      -0.0623247     -0.0249734     

    Acceptance rate:    63.49 %

    Results for fixed effects are also stored in file
    /home/mcarlan/VarSel/patent/results/score_batches_zip_ssvs_alpha0.05/predict8/lambda_MAIN_lambda_REGRESSION_ncit_LinearEffects_ssvs.res


    Variance parameters:

  MAIN_lambda_REGRESSION_ncit: variance of linear effects with ssvs prior


    Variable  mean           Std. Dev.      2.5% quant.    median         97.5% quant.   
    years     0.113805       1.82633        1.41897e-06    0.000485295    0.161586       
    ncountrys 2.5302         8.44974        0.000142565    0.128833       23.4048        
    nclaimss  0.787074       1.82436        0.000719777    0.110178       6.58234        
    ustwin    0.370127       3.8263         0.000427431    0.0050815      0.899447       
    opp       1.87478        9.14311        0.00419893     0.016089       29.8734        
    biopharm  1.44181        9.09365        0.00285683     0.0125217      15.72          
    patus     1.64537        15.1028        0.00137758     0.00777402     9.79868        
    patgsgr   0.794888       8.39047        0.000460673    0.00490552     0.583411       


    Results for linear effects variance parameters are also stored in file
    /home/mcarlan/VarSel/patent/results/score_batches_zip_ssvs_alpha0.05/predict8/lambda_MAIN_lambda_REGRESSION_ncit_LinearEffects_ssvs_var.res


    Inclusion probabilities:

    Variable  mean           Std. Dev.      2.5% quant.    median         97.5% quant.   
    years     0.064          0.244753       0              0              1              
    ncountrys 0.646          0.478209       0              1              1              
    nclaimss  0.838          0.368451       0              1              1              
    ustwin    0.065          0.246526       0              0              1              
    opp       0.196          0.396969       0              0              1              
    biopharm  0.166          0.372081       0              0              1              
    patus     0.09           0.286182       0              0              1              
    patgsgr   0.052          0.222027       0              0              1              


    Results for delta parameters are also stored in file
    /home/mcarlan/VarSel/patent/results/score_batches_zip_ssvs_alpha0.05/predict8/lambda_MAIN_lambda_REGRESSION_ncit_LinearEffects_ssvs_delta.res


    Rao-Blackwellised inclusion probabilities:

    Variable  mean           Std. Dev.      2.5% quant.    median         97.5% quant.   
    years     0.0581931      0.204257       0.000458665    0.00670485     1              
    ncountrys 0.638532       0.468267       0.00104559     1              1              
    nclaimss  0.841323       0.350813       0.00194551     1              1              
    ustwin    0.0665536      0.217567       0.000597768    0.00807771     1              
    opp       0.203713       0.370721       0.00099479     0.0170893      1              
    biopharm  0.161946       0.336996       0.000863696    0.013476       1              
    patus     0.0936615      0.260896       0.00062808     0.0100007      1              
    patgsgr   0.0555204      0.197172       0.000494428    0.00710491     1              


    Results for Rao-Blackwellised inclusion probabilities are also stored in file
    /home/mcarlan/VarSel/patent/results/score_batches_zip_ssvs_alpha0.05/predict8/lambda_MAIN_lambda_REGRESSION_ncit_LinearEffects_ssvs_delta.res


    Inclusion probability parameter omega:

    Mean:           0.310249
    Std. dev.:      0.18158
    2.5% Quantile:  0.0213601
    10% Quantile:   0.0804169
    50% Quantile:   0.292689
    90% Quantile:   0.550414
    97.5% Quantile: 0.702795


    Results for linear effects omega parameters are also stored in file
    /home/mcarlan/VarSel/patent/results/score_batches_zip_ssvs_alpha0.05/predict8/lambda_MAIN_lambda_REGRESSION_ncit_LinearEffects_ssvs_omega.res


  MAIN_lambda_REGRESSION_ncit:  Nonlinear effect (P-spline) of years

    Acceptance rate:    86.36 %

    Estimated parameters are stored in file
    /home/mcarlan/VarSel/patent/results/score_batches_zip_ssvs_alpha0.05/predict8/lambda_MAIN_lambda_REGRESSION_ncit_nonlinear_pspline_effect_of_years_param.res

    Function estimates are stored in file
    /home/mcarlan/VarSel/patent/results/score_batches_zip_ssvs_alpha0.05/predict8/lambda_MAIN_lambda_REGRESSION_ncit_nonlinear_pspline_effect_of_years.res

    Mean effects evaluated at years=-0.0134161827578266 with value -0.0254090634605102

    Scaling factor to blow up pointwise 95 percent credible intervals
    to obtain simultaneous credible intervals: 1.80539

    Scaling factor to blow up pointwise 80 percent credible intervals
    to obtain simultaneous credible intervals: 1.45536



  MAIN_lambda_REGRESSION_ncit: Variance of nonlinear effect of years

    Acceptance rate:    100 %

    Mean:           0.0386537
    Std. dev.:      0.0378349
    2.5% Quantile:  0.000701186
    10% Quantile:   0.0048047
    50% Quantile:   0.0282298
    90% Quantile:   0.0825411
    97.5% Quantile: 0.133313

    Results for the variance component are also stored in file
    /home/mcarlan/VarSel/patent/results/score_batches_zip_ssvs_alpha0.05/predict8/lambda_MAIN_lambda_REGRESSION_ncit_variance_of_nonlinear_pspline_effect_of_years.res


    Inclusion probability:


    Variable  mean           Std. Dev.      2.5% quant.    median         97.5% quant.   
    years     0.983          0.129271       1              1              1              

    Results for the inclusion probabilities are also stored in file
    /home/mcarlan/VarSel/patent/results/score_batches_zip_ssvs_alpha0.05/predict8/lambda_MAIN_lambda_REGRESSION_ncit_variance_of_nonlinear_pspline_effect_of_years_delta.res


    Rao-Blackwellised inclusion probability:


    Variable  mean           Std. Dev.      2.5% quant.    median         97.5% quant.   
    years     0.984227       0.117234       0.999254       1              1              

    Results for the Rao-Blackwellised inclusion probabilities are also stored in file
    /home/mcarlan/VarSel/patent/results/score_batches_zip_ssvs_alpha0.05/predict8/lambda_MAIN_lambda_REGRESSION_ncit_variance_of_nonlinear_pspline_effect_of_years_delta_prob.res


    Variance hyperparameter psi2: 

    Mean:           0.119584
    Std. dev.:      0.061996
    2.5% Quantile:  0.0470736
    10% Quantile:   0.0610126
    50% Quantile:   0.104879
    90% Quantile:   0.190724
    97.5% Quantile: 0.29848


    Results for psi2 are also stored in file
    /home/mcarlan/VarSel/patent/results/score_batches_zip_ssvs_alpha0.05/predict8/lambda_MAIN_lambda_REGRESSION_ncit_variance_of_nonlinear_pspline_effect_of_years_psi2.res


    Inclusion probability parameter omega:

    Mean:           0.671586
    Std. dev.:      0.238176
    2.5% Quantile:  0.153142
    10% Quantile:   0.303898
    50% Quantile:   0.716083
    90% Quantile:   0.9478
    97.5% Quantile: 0.986884


    Results for the inclusion probability parameter omega are also stored in file
    /home/mcarlan/VarSel/patent/results/score_batches_zip_ssvs_alpha0.05/predict8/lambda_MAIN_lambda_REGRESSION_ncit_variance_of_nonlinear_pspline_effect_of_years_omega.res



  MAIN_lambda_REGRESSION_ncit:  Nonlinear effect (P-spline) of ncountrys

    Acceptance rate:    69.58 %

    Estimated parameters are stored in file
    /home/mcarlan/VarSel/patent/results/score_batches_zip_ssvs_alpha0.05/predict8/lambda_MAIN_lambda_REGRESSION_ncit_nonlinear_pspline_effect_of_ncountrys_param.res

    Function estimates are stored in file
    /home/mcarlan/VarSel/patent/results/score_batches_zip_ssvs_alpha0.05/predict8/lambda_MAIN_lambda_REGRESSION_ncit_nonlinear_pspline_effect_of_ncountrys.res

    Mean effects evaluated at ncountrys=0.0560748548266889 with value 0.148033388161471

    Scaling factor to blow up pointwise 95 percent credible intervals
    to obtain simultaneous credible intervals: 1.77321

    Scaling factor to blow up pointwise 80 percent credible intervals
    to obtain simultaneous credible intervals: 1.44883



  MAIN_lambda_REGRESSION_ncit: Variance of nonlinear effect of ncountrys

    Acceptance rate:    100 %

    Mean:           0.362684
    Std. dev.:      0.275139
    2.5% Quantile:  0.0473217
    10% Quantile:   0.0823282
    50% Quantile:   0.294559
    90% Quantile:   0.726782
    97.5% Quantile: 1.04864

    Results for the variance component are also stored in file
    /home/mcarlan/VarSel/patent/results/score_batches_zip_ssvs_alpha0.05/predict8/lambda_MAIN_lambda_REGRESSION_ncit_variance_of_nonlinear_pspline_effect_of_ncountrys.res


    Inclusion probability:


    Variable  mean           Std. Dev.      2.5% quant.    median         97.5% quant.   
    ncountrys 1              0              1              1              1              

    Results for the inclusion probabilities are also stored in file
    /home/mcarlan/VarSel/patent/results/score_batches_zip_ssvs_alpha0.05/predict8/lambda_MAIN_lambda_REGRESSION_ncit_variance_of_nonlinear_pspline_effect_of_ncountrys_delta.res


    Rao-Blackwellised inclusion probability:


    Variable  mean           Std. Dev.      2.5% quant.    median         97.5% quant.   
    ncountrys 1              0              1              1              1              

    Results for the Rao-Blackwellised inclusion probabilities are also stored in file
    /home/mcarlan/VarSel/patent/results/score_batches_zip_ssvs_alpha0.05/predict8/lambda_MAIN_lambda_REGRESSION_ncit_variance_of_nonlinear_pspline_effect_of_ncountrys_delta_prob.res


    Variance hyperparameter psi2: 

    Mean:           0.15383
    Std. dev.:      0.0826267
    2.5% Quantile:  0.0595273
    10% Quantile:   0.074695
    50% Quantile:   0.133261
    90% Quantile:   0.253823
    97.5% Quantile: 0.373003


    Results for psi2 are also stored in file
    /home/mcarlan/VarSel/patent/results/score_batches_zip_ssvs_alpha0.05/predict8/lambda_MAIN_lambda_REGRESSION_ncit_variance_of_nonlinear_pspline_effect_of_ncountrys_psi2.res


    Inclusion probability parameter omega:

    Mean:           0.667493
    Std. dev.:      0.23714
    2.5% Quantile:  0.154787
    10% Quantile:   0.315635
    50% Quantile:   0.704516
    90% Quantile:   0.950408
    97.5% Quantile: 0.988798


    Results for the inclusion probability parameter omega are also stored in file
    /home/mcarlan/VarSel/patent/results/score_batches_zip_ssvs_alpha0.05/predict8/lambda_MAIN_lambda_REGRESSION_ncit_variance_of_nonlinear_pspline_effect_of_ncountrys_omega.res



  MAIN_lambda_REGRESSION_ncit:  Nonlinear effect (P-spline) of nclaimss

    Acceptance rate:    87.08 %

    Estimated parameters are stored in file
    /home/mcarlan/VarSel/patent/results/score_batches_zip_ssvs_alpha0.05/predict8/lambda_MAIN_lambda_REGRESSION_ncit_nonlinear_pspline_effect_of_nclaimss_param.res

    Function estimates are stored in file
    /home/mcarlan/VarSel/patent/results/score_batches_zip_ssvs_alpha0.05/predict8/lambda_MAIN_lambda_REGRESSION_ncit_nonlinear_pspline_effect_of_nclaimss.res

    Mean effects evaluated at nclaimss=-0.0401618394422281 with value 0.0275988732773251

    Scaling factor to blow up pointwise 95 percent credible intervals
    to obtain simultaneous credible intervals: 1.90178

    Scaling factor to blow up pointwise 80 percent credible intervals
    to obtain simultaneous credible intervals: 1.52344



  MAIN_lambda_REGRESSION_ncit: Variance of nonlinear effect of nclaimss

    Acceptance rate:    100 %

    Mean:           0.0165192
    Std. dev.:      0.0177413
    2.5% Quantile:  0.00245986
    10% Quantile:   0.00412811
    50% Quantile:   0.011268
    90% Quantile:   0.0330823
    97.5% Quantile: 0.0602484

    Results for the variance component are also stored in file
    /home/mcarlan/VarSel/patent/results/score_batches_zip_ssvs_alpha0.05/predict8/lambda_MAIN_lambda_REGRESSION_ncit_variance_of_nonlinear_pspline_effect_of_nclaimss.res


    Inclusion probability:


    Variable  mean           Std. Dev.      2.5% quant.    median         97.5% quant.   
    nclaimss  1              0              1              1              1              

    Results for the inclusion probabilities are also stored in file
    /home/mcarlan/VarSel/patent/results/score_batches_zip_ssvs_alpha0.05/predict8/lambda_MAIN_lambda_REGRESSION_ncit_variance_of_nonlinear_pspline_effect_of_nclaimss_delta.res


    Rao-Blackwellised inclusion probability:


    Variable  mean           Std. Dev.      2.5% quant.    median         97.5% quant.   
    nclaimss  0.999999       1.72966e-05    1              1              1              

    Results for the Rao-Blackwellised inclusion probabilities are also stored in file
    /home/mcarlan/VarSel/patent/results/score_batches_zip_ssvs_alpha0.05/predict8/lambda_MAIN_lambda_REGRESSION_ncit_variance_of_nonlinear_pspline_effect_of_nclaimss_delta_prob.res


    Variance hyperparameter psi2: 

    Mean:           0.112026
    Std. dev.:      0.0527666
    2.5% Quantile:  0.0476846
    10% Quantile:   0.0608013
    50% Quantile:   0.099987
    90% Quantile:   0.180994
    97.5% Quantile: 0.254316


    Results for psi2 are also stored in file
    /home/mcarlan/VarSel/patent/results/score_batches_zip_ssvs_alpha0.05/predict8/lambda_MAIN_lambda_REGRESSION_ncit_variance_of_nonlinear_pspline_effect_of_nclaimss_psi2.res


    Inclusion probability parameter omega:

    Mean:           0.672343
    Std. dev.:      0.232915
    2.5% Quantile:  0.15379
    10% Quantile:   0.330997
    50% Quantile:   0.71198
    90% Quantile:   0.943736
    97.5% Quantile: 0.984417


    Results for the inclusion probability parameter omega are also stored in file
    /home/mcarlan/VarSel/patent/results/score_batches_zip_ssvs_alpha0.05/predict8/lambda_MAIN_lambda_REGRESSION_ncit_variance_of_nonlinear_pspline_effect_of_nclaimss_omega.res


  PREDICTED VALUES: 

    Results for the predictor, mean are stored in file
    /home/mcarlan/VarSel/patent/results/score_batches_zip_ssvs_alpha0.05/predict8/lambda_MAIN_lambda_REGRESSION_ncit_predict.res


  ESTIMATION RESULT FOR THE DEVIANCE: 

    Mean:           15578.834
    Std. Dev:       17.626519
    2p5% Quantile:  15546.83
    10% Quantile:   15556.745
    50% Quantile:   15578.154
    90% Quantile:   15601.385
    97p5% Quantile: 15614.709


    Results for the DIC are stored in file
    /home/mcarlan/VarSel/patent/results/score_batches_zip_ssvs_alpha0.05/predict8/lambda_MAIN_lambda_REGRESSION_ncit_predict_DIC.res

  ESTIMATION RESULTS FOR THE DIC: 

    Deviance(bar_mu):           15518.807
    pD:                         60.027485
    DIC:                        15638.862


    Results for the WAIC are stored in file
    /home/mcarlan/VarSel/patent/results/score_batches_zip_ssvs_alpha0.05/predict8/lambda_MAIN_lambda_REGRESSION_ncit_predict_WAIC.res

  ESTIMATION RESULTS FOR THE WAIC: 

    l_pd:                       15436.456
    p_d:                        154.318
    WAIC:                       15745.092



MCMCREG OBJECT m8: MAIN pi REGRESSION_ncit



  MAIN_pi_REGRESSION_ncit: linear effects


    Variable  mean           Std. Dev.      2.5% quant.    median         97.5% quant.   
    const     0.0211398      0.142875       -0.269441      0.0276922      0.2985         

    Acceptance rate:    99.22 %

    Results for fixed effects are also stored in file
    /home/mcarlan/VarSel/patent/results/score_batches_zip_ssvs_alpha0.05/predict8/pi_MAIN_pi_REGRESSION_ncit_LinearEffects.res


  MAIN_pi_REGRESSION_ncit: linear effects with ssvs prior


    Variable  mean           Std. Dev.      2.5% quant.    median         97.5% quant.   
    years     0.446615       0.0881474      0.277122       0.447228       0.631403       
    ncountrys 0.073292       0.110997       -0.0701226     0.0336518      0.35853        
    nclaimss  -0.00767396    0.0251907      -0.0711011     -0.00213122    0.0347077      
    ustwin    0.0293856      0.0594424      -0.0798053     0.020026       0.163273       
    opp       -0.110351      0.0433715      -0.194491      -0.111236      -0.0206279     
    biopharm  0.0729595      0.0524756      -0.0183036     0.0716993      0.179545       
    patus     0.274877       0.04826        0.181876       0.275108       0.368307       
    patgsgr   0.191213       0.0571482      0.0759778      0.193033       0.30451        

    Acceptance rate:    51.08 %

    Results for fixed effects are also stored in file
    /home/mcarlan/VarSel/patent/results/score_batches_zip_ssvs_alpha0.05/predict8/pi_MAIN_pi_REGRESSION_ncit_LinearEffects_ssvs.res


    Variance parameters:

  MAIN_pi_REGRESSION_ncit: variance of linear effects with ssvs prior


    Variable  mean           Std. Dev.      2.5% quant.    median         97.5% quant.   
    years     3.13334        6.27798        0.0508619      1.04304        17.4475        
    ncountrys 0.994944       4.32651        8.5823e-06     0.00198292     11.4884        
    nclaimss  0.0980556      0.973637       8.4773e-07     0.000191226    0.273177       
    ustwin    0.729967       7.61601        2.08471e-05    0.003087       0.866195       
    opp       1.74087        13.2434        0.000812042    0.00889726     12.7679        
    biopharm  0.775186       5.04635        5.2969e-05     0.00571621     5.87778        
    patus     8.33495        26.1498        0.00855847     0.0908964      84.1099        
    patgsgr   3.94524        16.326         0.00336484     0.0206875      50.6761        


    Results for linear effects variance parameters are also stored in file
    /home/mcarlan/VarSel/patent/results/score_batches_zip_ssvs_alpha0.05/predict8/pi_MAIN_pi_REGRESSION_ncit_LinearEffects_ssvs_var.res


    Inclusion probabilities:

    Variable  mean           Std. Dev.      2.5% quant.    median         97.5% quant.   
    years     1              0              1              1              1              
    ncountrys 0.312          0.46331        0              0              1              
    nclaimss  0.123          0.328437       0              0              1              
    ustwin    0.065          0.246526       0              0              1              
    opp       0.131          0.3374         0              0              1              
    biopharm  0.098          0.297315       0              0              1              
    patus     0.535          0.498773       0              1              1              
    patgsgr   0.328          0.469485       0              0              1              


    Results for delta parameters are also stored in file
    /home/mcarlan/VarSel/patent/results/score_batches_zip_ssvs_alpha0.05/predict8/pi_MAIN_pi_REGRESSION_ncit_LinearEffects_ssvs_delta.res


    Rao-Blackwellised inclusion probabilities:

    Variable  mean           Std. Dev.      2.5% quant.    median         97.5% quant.   
    years     0.998098       0.03991        1              1              1              
    ncountrys 0.308348       0.441657       0.00100143     0.0170999      1              
    nclaimss  0.12211        0.302197       0.000946911    0.00973874     1              
    ustwin    0.0682115      0.220544       0.000874089    0.00835857     1              
    opp       0.135787       0.306177       0.00144252     0.0140649      1              
    biopharm  0.0989442      0.265635       0.00113574     0.0100027      1              
    patus     0.536157       0.472919       0.00225625     0.828273       1              
    patgsgr   0.330821       0.440967       0.00166605     0.0354464      1              


    Results for Rao-Blackwellised inclusion probabilities are also stored in file
    /home/mcarlan/VarSel/patent/results/score_batches_zip_ssvs_alpha0.05/predict8/pi_MAIN_pi_REGRESSION_ncit_LinearEffects_ssvs_delta.res


    Inclusion probability parameter omega:

    Mean:           0.354911
    Std. dev.:      0.18794
    2.5% Quantile:  0.0626682
    10% Quantile:   0.124172
    50% Quantile:   0.336717
    90% Quantile:   0.618276
    97.5% Quantile: 0.760497


    Results for linear effects omega parameters are also stored in file
    /home/mcarlan/VarSel/patent/results/score_batches_zip_ssvs_alpha0.05/predict8/pi_MAIN_pi_REGRESSION_ncit_LinearEffects_ssvs_omega.res


  MAIN_pi_REGRESSION_ncit:  Nonlinear effect (P-spline) of years

    Acceptance rate:    95.4 %

    Estimated parameters are stored in file
    /home/mcarlan/VarSel/patent/results/score_batches_zip_ssvs_alpha0.05/predict8/pi_MAIN_pi_REGRESSION_ncit_nonlinear_pspline_effect_of_years_param.res

    Function estimates are stored in file
    /home/mcarlan/VarSel/patent/results/score_batches_zip_ssvs_alpha0.05/predict8/pi_MAIN_pi_REGRESSION_ncit_nonlinear_pspline_effect_of_years.res

    Mean effects evaluated at years=-0.0134161827578266 with value -0.439912093481536

    Scaling factor to blow up pointwise 95 percent credible intervals
    to obtain simultaneous credible intervals: 1.83912

    Scaling factor to blow up pointwise 80 percent credible intervals
    to obtain simultaneous credible intervals: 1.49203



  MAIN_pi_REGRESSION_ncit: Variance of nonlinear effect of years

    Acceptance rate:    100 %

    Mean:           0.0247548
    Std. dev.:      0.029713
    2.5% Quantile:  0.00171369
    10% Quantile:   0.00385724
    50% Quantile:   0.0152253
    90% Quantile:   0.0548809
    97.5% Quantile: 0.1074

    Results for the variance component are also stored in file
    /home/mcarlan/VarSel/patent/results/score_batches_zip_ssvs_alpha0.05/predict8/pi_MAIN_pi_REGRESSION_ncit_variance_of_nonlinear_pspline_effect_of_years.res


    Inclusion probability:


    Variable  mean           Std. Dev.      2.5% quant.    median         97.5% quant.   
    years     0.997          0.05469        1              1              1              

    Results for the inclusion probabilities are also stored in file
    /home/mcarlan/VarSel/patent/results/score_batches_zip_ssvs_alpha0.05/predict8/pi_MAIN_pi_REGRESSION_ncit_variance_of_nonlinear_pspline_effect_of_years_delta.res


    Rao-Blackwellised inclusion probability:


    Variable  mean           Std. Dev.      2.5% quant.    median         97.5% quant.   
    years     0.995996       0.0552977      1              1              1              

    Results for the Rao-Blackwellised inclusion probabilities are also stored in file
    /home/mcarlan/VarSel/patent/results/score_batches_zip_ssvs_alpha0.05/predict8/pi_MAIN_pi_REGRESSION_ncit_variance_of_nonlinear_pspline_effect_of_years_delta_prob.res


    Variance hyperparameter psi2: 

    Mean:           0.115384
    Std. dev.:      0.0630107
    2.5% Quantile:  0.0474823
    10% Quantile:   0.0597626
    50% Quantile:   0.101495
    90% Quantile:   0.186485
    97.5% Quantile: 0.249243


    Results for psi2 are also stored in file
    /home/mcarlan/VarSel/patent/results/score_batches_zip_ssvs_alpha0.05/predict8/pi_MAIN_pi_REGRESSION_ncit_variance_of_nonlinear_pspline_effect_of_years_psi2.res


    Inclusion probability parameter omega:

    Mean:           0.673201
    Std. dev.:      0.233784
    2.5% Quantile:  0.154038
    10% Quantile:   0.332735
    50% Quantile:   0.710709
    90% Quantile:   0.956336
    97.5% Quantile: 0.989908


    Results for the inclusion probability parameter omega are also stored in file
    /home/mcarlan/VarSel/patent/results/score_batches_zip_ssvs_alpha0.05/predict8/pi_MAIN_pi_REGRESSION_ncit_variance_of_nonlinear_pspline_effect_of_years_omega.res



  MAIN_pi_REGRESSION_ncit:  Nonlinear effect (P-spline) of ncountrys

    Acceptance rate:    90.51 %

    Estimated parameters are stored in file
    /home/mcarlan/VarSel/patent/results/score_batches_zip_ssvs_alpha0.05/predict8/pi_MAIN_pi_REGRESSION_ncit_nonlinear_pspline_effect_of_ncountrys_param.res

    Function estimates are stored in file
    /home/mcarlan/VarSel/patent/results/score_batches_zip_ssvs_alpha0.05/predict8/pi_MAIN_pi_REGRESSION_ncit_nonlinear_pspline_effect_of_ncountrys.res

    Mean effects evaluated at ncountrys=0.0560748548266889 with value -0.0724422368807574

    Scaling factor to blow up pointwise 95 percent credible intervals
    to obtain simultaneous credible intervals: 1.85085

    Scaling factor to blow up pointwise 80 percent credible intervals
    to obtain simultaneous credible intervals: 1.45409



  MAIN_pi_REGRESSION_ncit: Variance of nonlinear effect of ncountrys

    Acceptance rate:    100 %

    Mean:           0.393351
    Std. dev.:      0.334026
    2.5% Quantile:  0.0190515
    10% Quantile:   0.0542805
    50% Quantile:   0.310288
    90% Quantile:   0.85249
    97.5% Quantile: 1.23764

    Results for the variance component are also stored in file
    /home/mcarlan/VarSel/patent/results/score_batches_zip_ssvs_alpha0.05/predict8/pi_MAIN_pi_REGRESSION_ncit_variance_of_nonlinear_pspline_effect_of_ncountrys.res


    Inclusion probability:


    Variable  mean           Std. Dev.      2.5% quant.    median         97.5% quant.   
    ncountrys 1              0              1              1              1              

    Results for the inclusion probabilities are also stored in file
    /home/mcarlan/VarSel/patent/results/score_batches_zip_ssvs_alpha0.05/predict8/pi_MAIN_pi_REGRESSION_ncit_variance_of_nonlinear_pspline_effect_of_ncountrys_delta.res


    Rao-Blackwellised inclusion probability:


    Variable  mean           Std. Dev.      2.5% quant.    median         97.5% quant.   
    ncountrys 1              0              1              1              1              

    Results for the Rao-Blackwellised inclusion probabilities are also stored in file
    /home/mcarlan/VarSel/patent/results/score_batches_zip_ssvs_alpha0.05/predict8/pi_MAIN_pi_REGRESSION_ncit_variance_of_nonlinear_pspline_effect_of_ncountrys_delta_prob.res


    Variance hyperparameter psi2: 

    Mean:           0.151565
    Std. dev.:      0.0862522
    2.5% Quantile:  0.0570012
    10% Quantile:   0.0743371
    50% Quantile:   0.129121
    90% Quantile:   0.257884
    97.5% Quantile: 0.375919


    Results for psi2 are also stored in file
    /home/mcarlan/VarSel/patent/results/score_batches_zip_ssvs_alpha0.05/predict8/pi_MAIN_pi_REGRESSION_ncit_variance_of_nonlinear_pspline_effect_of_ncountrys_psi2.res


    Inclusion probability parameter omega:

    Mean:           0.663865
    Std. dev.:      0.233573
    2.5% Quantile:  0.146162
    10% Quantile:   0.32356
    50% Quantile:   0.705958
    90% Quantile:   0.943369
    97.5% Quantile: 0.986908


    Results for the inclusion probability parameter omega are also stored in file
    /home/mcarlan/VarSel/patent/results/score_batches_zip_ssvs_alpha0.05/predict8/pi_MAIN_pi_REGRESSION_ncit_variance_of_nonlinear_pspline_effect_of_ncountrys_omega.res



  MAIN_pi_REGRESSION_ncit:  Nonlinear effect (P-spline) of nclaimss

    Acceptance rate:    99.64 %

    Estimated parameters are stored in file
    /home/mcarlan/VarSel/patent/results/score_batches_zip_ssvs_alpha0.05/predict8/pi_MAIN_pi_REGRESSION_ncit_nonlinear_pspline_effect_of_nclaimss_param.res

    Function estimates are stored in file
    /home/mcarlan/VarSel/patent/results/score_batches_zip_ssvs_alpha0.05/predict8/pi_MAIN_pi_REGRESSION_ncit_nonlinear_pspline_effect_of_nclaimss.res

    Mean effects evaluated at nclaimss=-0.0401618394422281 with value 0.000280853441490008

    Scaling factor to blow up pointwise 95 percent credible intervals
    to obtain simultaneous credible intervals: 1.98555

    Scaling factor to blow up pointwise 80 percent credible intervals
    to obtain simultaneous credible intervals: 1.67959



  MAIN_pi_REGRESSION_ncit: Variance of nonlinear effect of nclaimss

    Acceptance rate:    100 %

    Mean:           8.92735e-05
    Std. dev.:      0.000533301
    2.5% Quantile:  5.42435e-08
    10% Quantile:   6.01688e-07
    50% Quantile:   1.54763e-05
    90% Quantile:   0.000117188
    97.5% Quantile: 0.000539195

    Results for the variance component are also stored in file
    /home/mcarlan/VarSel/patent/results/score_batches_zip_ssvs_alpha0.05/predict8/pi_MAIN_pi_REGRESSION_ncit_variance_of_nonlinear_pspline_effect_of_nclaimss.res


    Inclusion probability:


    Variable  mean           Std. Dev.      2.5% quant.    median         97.5% quant.   
    nclaimss  0.068          0.251746       0              0              1              

    Results for the inclusion probabilities are also stored in file
    /home/mcarlan/VarSel/patent/results/score_batches_zip_ssvs_alpha0.05/predict8/pi_MAIN_pi_REGRESSION_ncit_variance_of_nonlinear_pspline_effect_of_nclaimss_delta.res


    Rao-Blackwellised inclusion probability:


    Variable  mean           Std. Dev.      2.5% quant.    median         97.5% quant.   
    nclaimss  0.0631395      0.180713       0.000353999    0.011813       0.920393       

    Results for the Rao-Blackwellised inclusion probabilities are also stored in file
    /home/mcarlan/VarSel/patent/results/score_batches_zip_ssvs_alpha0.05/predict8/pi_MAIN_pi_REGRESSION_ncit_variance_of_nonlinear_pspline_effect_of_nclaimss_delta_prob.res


    Variance hyperparameter psi2: 

    Mean:           0.120606
    Std. dev.:      0.0721444
    2.5% Quantile:  0.0473119
    10% Quantile:   0.0635599
    50% Quantile:   0.103993
    90% Quantile:   0.193511
    97.5% Quantile: 0.335735


    Results for psi2 are also stored in file
    /home/mcarlan/VarSel/patent/results/score_batches_zip_ssvs_alpha0.05/predict8/pi_MAIN_pi_REGRESSION_ncit_variance_of_nonlinear_pspline_effect_of_nclaimss_psi2.res


    Inclusion probability parameter omega:

    Mean:           0.359725
    Std. dev.:      0.259614
    2.5% Quantile:  0.0134099
    10% Quantile:   0.0466812
    50% Quantile:   0.313633
    90% Quantile:   0.754724
    97.5% Quantile: 0.919655


    Results for the inclusion probability parameter omega are also stored in file
    /home/mcarlan/VarSel/patent/results/score_batches_zip_ssvs_alpha0.05/predict8/pi_MAIN_pi_REGRESSION_ncit_variance_of_nonlinear_pspline_effect_of_nclaimss_omega.res


  FILES FOR VISUALIZING RESULTS:

    STATA DO-FILE

    /home/mcarlan/VarSel/patent/results/score_batches_zip_ssvs_alpha0.05/predict8/lambda_stata.do

    R-FILE

    /home/mcarlan/VarSel/patent/results/score_batches_zip_ssvs_alpha0.05/predict8/lambda_R.r

> m8.getsample

Storing sampled parameters...
Sampled parameters are stored in file(s):

/home/mcarlan/VarSel/patent/results/score_batches_zip_ssvs_alpha0.05/predict8/pi_MAIN_pi_REGRESSION_ncit_LinearEffects_sample.raw

/home/mcarlan/VarSel/patent/results/score_batches_zip_ssvs_alpha0.05/predict8/pi_MAIN_pi_REGRESSION_ncit_LinearEffects_ssvs_sample.raw

/home/mcarlan/VarSel/patent/results/score_batches_zip_ssvs_alpha0.05/predict8/pi_MAIN_pi_REGRESSION_ncit_LinearEffects_ssvs_var_sample.raw
/home/mcarlan/VarSel/patent/results/score_batches_zip_ssvs_alpha0.05/predict8/pi_MAIN_pi_REGRESSION_ncit_LinearEffects_ssvs_delta_sample.raw
/home/mcarlan/VarSel/patent/results/score_batches_zip_ssvs_alpha0.05/predict8/pi_MAIN_pi_REGRESSION_ncit_LinearEffects_ssvs_omega_sample.raw

/home/mcarlan/VarSel/patent/results/score_batches_zip_ssvs_alpha0.05/predict8/pi_MAIN_pi_REGRESSION_ncit_nonlinear_pspline_effect_of_years_sample.raw

/home/mcarlan/VarSel/patent/results/score_batches_zip_ssvs_alpha0.05/predict8/pi_MAIN_pi_REGRESSION_ncit_variance_of_nonlinear_pspline_effect_of_years_sample.raw
/home/mcarlan/VarSel/patent/results/score_batches_zip_ssvs_alpha0.05/predict8/pi_MAIN_pi_REGRESSION_ncit_variance_of_nonlinear_pspline_effect_of_years_delta_sample.raw
/home/mcarlan/VarSel/patent/results/score_batches_zip_ssvs_alpha0.05/predict8/pi_MAIN_pi_REGRESSION_ncit_variance_of_nonlinear_pspline_effect_of_years_omega_sample.raw
/home/mcarlan/VarSel/patent/results/score_batches_zip_ssvs_alpha0.05/predict8/pi_MAIN_pi_REGRESSION_ncit_variance_of_nonlinear_pspline_effect_of_years_psi2_sample.raw

/home/mcarlan/VarSel/patent/results/score_batches_zip_ssvs_alpha0.05/predict8/pi_MAIN_pi_REGRESSION_ncit_nonlinear_pspline_effect_of_ncountrys_sample.raw

/home/mcarlan/VarSel/patent/results/score_batches_zip_ssvs_alpha0.05/predict8/pi_MAIN_pi_REGRESSION_ncit_variance_of_nonlinear_pspline_effect_of_ncountrys_sample.raw
/home/mcarlan/VarSel/patent/results/score_batches_zip_ssvs_alpha0.05/predict8/pi_MAIN_pi_REGRESSION_ncit_variance_of_nonlinear_pspline_effect_of_ncountrys_delta_sample.raw
/home/mcarlan/VarSel/patent/results/score_batches_zip_ssvs_alpha0.05/predict8/pi_MAIN_pi_REGRESSION_ncit_variance_of_nonlinear_pspline_effect_of_ncountrys_omega_sample.raw
/home/mcarlan/VarSel/patent/results/score_batches_zip_ssvs_alpha0.05/predict8/pi_MAIN_pi_REGRESSION_ncit_variance_of_nonlinear_pspline_effect_of_ncountrys_psi2_sample.raw

/home/mcarlan/VarSel/patent/results/score_batches_zip_ssvs_alpha0.05/predict8/pi_MAIN_pi_REGRESSION_ncit_nonlinear_pspline_effect_of_nclaimss_sample.raw

/home/mcarlan/VarSel/patent/results/score_batches_zip_ssvs_alpha0.05/predict8/pi_MAIN_pi_REGRESSION_ncit_variance_of_nonlinear_pspline_effect_of_nclaimss_sample.raw
/home/mcarlan/VarSel/patent/results/score_batches_zip_ssvs_alpha0.05/predict8/pi_MAIN_pi_REGRESSION_ncit_variance_of_nonlinear_pspline_effect_of_nclaimss_delta_sample.raw
/home/mcarlan/VarSel/patent/results/score_batches_zip_ssvs_alpha0.05/predict8/pi_MAIN_pi_REGRESSION_ncit_variance_of_nonlinear_pspline_effect_of_nclaimss_omega_sample.raw
/home/mcarlan/VarSel/patent/results/score_batches_zip_ssvs_alpha0.05/predict8/pi_MAIN_pi_REGRESSION_ncit_variance_of_nonlinear_pspline_effect_of_nclaimss_psi2_sample.raw

/home/mcarlan/VarSel/patent/results/score_batches_zip_ssvs_alpha0.05/predict8/lambda_MAIN_lambda_REGRESSION_ncit_LinearEffects_sample.raw

/home/mcarlan/VarSel/patent/results/score_batches_zip_ssvs_alpha0.05/predict8/lambda_MAIN_lambda_REGRESSION_ncit_LinearEffects_ssvs_sample.raw

/home/mcarlan/VarSel/patent/results/score_batches_zip_ssvs_alpha0.05/predict8/lambda_MAIN_lambda_REGRESSION_ncit_LinearEffects_ssvs_var_sample.raw
/home/mcarlan/VarSel/patent/results/score_batches_zip_ssvs_alpha0.05/predict8/lambda_MAIN_lambda_REGRESSION_ncit_LinearEffects_ssvs_delta_sample.raw
/home/mcarlan/VarSel/patent/results/score_batches_zip_ssvs_alpha0.05/predict8/lambda_MAIN_lambda_REGRESSION_ncit_LinearEffects_ssvs_omega_sample.raw

/home/mcarlan/VarSel/patent/results/score_batches_zip_ssvs_alpha0.05/predict8/lambda_MAIN_lambda_REGRESSION_ncit_nonlinear_pspline_effect_of_years_sample.raw

/home/mcarlan/VarSel/patent/results/score_batches_zip_ssvs_alpha0.05/predict8/lambda_MAIN_lambda_REGRESSION_ncit_variance_of_nonlinear_pspline_effect_of_years_sample.raw
/home/mcarlan/VarSel/patent/results/score_batches_zip_ssvs_alpha0.05/predict8/lambda_MAIN_lambda_REGRESSION_ncit_variance_of_nonlinear_pspline_effect_of_years_delta_sample.raw
/home/mcarlan/VarSel/patent/results/score_batches_zip_ssvs_alpha0.05/predict8/lambda_MAIN_lambda_REGRESSION_ncit_variance_of_nonlinear_pspline_effect_of_years_omega_sample.raw
/home/mcarlan/VarSel/patent/results/score_batches_zip_ssvs_alpha0.05/predict8/lambda_MAIN_lambda_REGRESSION_ncit_variance_of_nonlinear_pspline_effect_of_years_psi2_sample.raw

/home/mcarlan/VarSel/patent/results/score_batches_zip_ssvs_alpha0.05/predict8/lambda_MAIN_lambda_REGRESSION_ncit_nonlinear_pspline_effect_of_ncountrys_sample.raw

/home/mcarlan/VarSel/patent/results/score_batches_zip_ssvs_alpha0.05/predict8/lambda_MAIN_lambda_REGRESSION_ncit_variance_of_nonlinear_pspline_effect_of_ncountrys_sample.raw
/home/mcarlan/VarSel/patent/results/score_batches_zip_ssvs_alpha0.05/predict8/lambda_MAIN_lambda_REGRESSION_ncit_variance_of_nonlinear_pspline_effect_of_ncountrys_delta_sample.raw
/home/mcarlan/VarSel/patent/results/score_batches_zip_ssvs_alpha0.05/predict8/lambda_MAIN_lambda_REGRESSION_ncit_variance_of_nonlinear_pspline_effect_of_ncountrys_omega_sample.raw
/home/mcarlan/VarSel/patent/results/score_batches_zip_ssvs_alpha0.05/predict8/lambda_MAIN_lambda_REGRESSION_ncit_variance_of_nonlinear_pspline_effect_of_ncountrys_psi2_sample.raw

/home/mcarlan/VarSel/patent/results/score_batches_zip_ssvs_alpha0.05/predict8/lambda_MAIN_lambda_REGRESSION_ncit_nonlinear_pspline_effect_of_nclaimss_sample.raw

/home/mcarlan/VarSel/patent/results/score_batches_zip_ssvs_alpha0.05/predict8/lambda_MAIN_lambda_REGRESSION_ncit_variance_of_nonlinear_pspline_effect_of_nclaimss_sample.raw
/home/mcarlan/VarSel/patent/results/score_batches_zip_ssvs_alpha0.05/predict8/lambda_MAIN_lambda_REGRESSION_ncit_variance_of_nonlinear_pspline_effect_of_nclaimss_delta_sample.raw
/home/mcarlan/VarSel/patent/results/score_batches_zip_ssvs_alpha0.05/predict8/lambda_MAIN_lambda_REGRESSION_ncit_variance_of_nonlinear_pspline_effect_of_nclaimss_omega_sample.raw
/home/mcarlan/VarSel/patent/results/score_batches_zip_ssvs_alpha0.05/predict8/lambda_MAIN_lambda_REGRESSION_ncit_variance_of_nonlinear_pspline_effect_of_nclaimss_psi2_sample.raw

File for convenient visualization of 
sampling paths using the Windows version of BayesX is stored in

/home/mcarlan/VarSel/patent/results/score_batches_zip_ssvs_alpha0.05/predict8/lambda_samples.prg


> m8.autocor

Computing autocorrelation functions...
Autocorrelations are stored in file(s):

/home/mcarlan/VarSel/patent/results/score_batches_zip_ssvs_alpha0.05/predict8/pi_MAIN_pi_REGRESSION_ncit_LinearEffects_autocor.raw
/home/mcarlan/VarSel/patent/results/score_batches_zip_ssvs_alpha0.05/predict8/pi_MAIN_pi_REGRESSION_ncit_LinearEffects_ssvs_autocor.raw
/home/mcarlan/VarSel/patent/results/score_batches_zip_ssvs_alpha0.05/predict8/pi_MAIN_pi_REGRESSION_ncit_LinearEffects_ssvs_var_autocor.raw
/home/mcarlan/VarSel/patent/results/score_batches_zip_ssvs_alpha0.05/predict8/pi_MAIN_pi_REGRESSION_ncit_nonlinear_pspline_effect_of_years_autocor.raw
/home/mcarlan/VarSel/patent/results/score_batches_zip_ssvs_alpha0.05/predict8/pi_MAIN_pi_REGRESSION_ncit_variance_of_nonlinear_pspline_effect_of_years_autocor.raw
/home/mcarlan/VarSel/patent/results/score_batches_zip_ssvs_alpha0.05/predict8/pi_MAIN_pi_REGRESSION_ncit_nonlinear_pspline_effect_of_ncountrys_autocor.raw
/home/mcarlan/VarSel/patent/results/score_batches_zip_ssvs_alpha0.05/predict8/pi_MAIN_pi_REGRESSION_ncit_variance_of_nonlinear_pspline_effect_of_ncountrys_autocor.raw
/home/mcarlan/VarSel/patent/results/score_batches_zip_ssvs_alpha0.05/predict8/pi_MAIN_pi_REGRESSION_ncit_nonlinear_pspline_effect_of_nclaimss_autocor.raw
/home/mcarlan/VarSel/patent/results/score_batches_zip_ssvs_alpha0.05/predict8/pi_MAIN_pi_REGRESSION_ncit_variance_of_nonlinear_pspline_effect_of_nclaimss_autocor.raw
/home/mcarlan/VarSel/patent/results/score_batches_zip_ssvs_alpha0.05/predict8/lambda_MAIN_lambda_REGRESSION_ncit_LinearEffects_autocor.raw
/home/mcarlan/VarSel/patent/results/score_batches_zip_ssvs_alpha0.05/predict8/lambda_MAIN_lambda_REGRESSION_ncit_LinearEffects_ssvs_autocor.raw
/home/mcarlan/VarSel/patent/results/score_batches_zip_ssvs_alpha0.05/predict8/lambda_MAIN_lambda_REGRESSION_ncit_LinearEffects_ssvs_var_autocor.raw
/home/mcarlan/VarSel/patent/results/score_batches_zip_ssvs_alpha0.05/predict8/lambda_MAIN_lambda_REGRESSION_ncit_nonlinear_pspline_effect_of_years_autocor.raw
/home/mcarlan/VarSel/patent/results/score_batches_zip_ssvs_alpha0.05/predict8/lambda_MAIN_lambda_REGRESSION_ncit_variance_of_nonlinear_pspline_effect_of_years_autocor.raw
/home/mcarlan/VarSel/patent/results/score_batches_zip_ssvs_alpha0.05/predict8/lambda_MAIN_lambda_REGRESSION_ncit_nonlinear_pspline_effect_of_ncountrys_autocor.raw
/home/mcarlan/VarSel/patent/results/score_batches_zip_ssvs_alpha0.05/predict8/lambda_MAIN_lambda_REGRESSION_ncit_variance_of_nonlinear_pspline_effect_of_ncountrys_autocor.raw
/home/mcarlan/VarSel/patent/results/score_batches_zip_ssvs_alpha0.05/predict8/lambda_MAIN_lambda_REGRESSION_ncit_nonlinear_pspline_effect_of_nclaimss_autocor.raw
/home/mcarlan/VarSel/patent/results/score_batches_zip_ssvs_alpha0.05/predict8/lambda_MAIN_lambda_REGRESSION_ncit_variance_of_nonlinear_pspline_effect_of_nclaimss_autocor.raw
File for convenient computation and visualization of 
autocorrelations using the Windows version of BayesX is stored in

/home/mcarlan/VarSel/patent/results/score_batches_zip_ssvs_alpha0.05/predict8/lambda_autocor.prg

> drop m8

> drop d

> logclose

