> dataset d

> d.infile using ./data//patent.raw

NOTE: 33 variables with 4805 observations read from file
./data//patent.raw

> delimiter=;

> mcmcreg m6

> m6.outfile = /home/mcarlan/VarSel/patent/results/score_batches_zip_ssvs_alpha0.05/predict6/pi

> m6.hregress ncit = const + years(ssvs, gig, v1 = 5, v2 = 26.2575033798087, r = 0.000108329287060479,nocenter,ssvsupdate=gibbs)+ ncountrys(ssvs, gig, v1 = 5, v2 = 41.1532985596849, r = 0.000108329287060479,nocenter,ssvsupdate=gibbs)+ nclaimss(ssvs, gig, v1 = 5, v2 = 9.62367510691154, r = 0.000108329287060479,nocenter,ssvsupdate=gibbs)+ ustwin(ssvs, gig, v1 = 5, v2 = 206.623720063346, r = 0.000108329287060479,nocenter,ssvsupdate=gibbs)+ opp(ssvs, gig, v1 = 5, v2 = 206.623720063346, r = 0.000108329287060479,nocenter,ssvsupdate=gibbs)+ biopharm(ssvs, gig, v1 = 5, v2 = 206.623720063346, r = 0.000108329287060479,nocenter,ssvsupdate=gibbs)+ patus(ssvs, gig, v1 = 5, v2 = 206.623720063346, r = 0.000108329287060479,nocenter,ssvsupdate=gibbs)+ patgsgr(ssvs, gig, v1 = 5, v2 = 206.623720063346, r = 0.000108329287060479,nocenter,ssvsupdate=gibbs)+ years(pspline, prior = ssvs, v1 = 5, v2 = 0.511880109122076,r = 0.000342239043010924,ssvsupdate=gibbs, centermethod=nullspace)+ ncountrys(pspline, prior = ssvs, v1 = 5, v2 = 0.51823046838236,r = 0.000340535716254245,ssvsupdate=gibbs, centermethod=nullspace)+ nclaimss(pspline, prior = ssvs, v1 = 5, v2 = 0.509178060973639,r = 0.000343733536850348,ssvsupdate=gibbs, centermethod=nullspace) weight w6, family=zip iterations=12000 burnin=2000 step=10 equationtype=pi using d

> m6.outfile = /home/mcarlan/VarSel/patent/results/score_batches_zip_ssvs_alpha0.05/predict6/lambda

> m6.hregress ncit = const + years(ssvs, gig,  prior=ssvs, v1 = 5, v2 = 26.2575033798087, r = 0.000108329287060479,nocenter,ssvsupdate=gibbs)+ ncountrys(ssvs, gig,  prior=ssvs, v1 = 5, v2 = 41.1532985596849, r = 0.000108329287060479,nocenter,ssvsupdate=gibbs)+ nclaimss(ssvs, gig,  prior=ssvs, v1 = 5, v2 = 9.62367510691154, r = 0.000108329287060479,nocenter,ssvsupdate=gibbs)+ ustwin(ssvs, gig,  prior=ssvs, v1 = 5, v2 = 206.623720063346, r = 0.000108329287060479,nocenter,ssvsupdate=gibbs)+ opp(ssvs, gig,  prior=ssvs, v1 = 5, v2 = 206.623720063346, r = 0.000108329287060479,nocenter,ssvsupdate=gibbs)+ biopharm(ssvs, gig,  prior=ssvs, v1 = 5, v2 = 206.623720063346, r = 0.000108329287060479,nocenter,ssvsupdate=gibbs)+ patus(ssvs, gig,  prior=ssvs, v1 = 5, v2 = 206.623720063346, r = 0.000108329287060479,nocenter,ssvsupdate=gibbs)+ patgsgr(ssvs, gig,  prior=ssvs, v1 = 5, v2 = 206.623720063346, r = 0.000108329287060479,nocenter,ssvsupdate=gibbs)+ years(pspline, prior = ssvs, v1 = 5, v2 = 0.511880109122076,r = 0.000342239043010924,ssvsupdate=gibbs, centermethod=nullspace)+ ncountrys(pspline, prior = ssvs, v1 = 5, v2 = 0.51823046838236,r = 0.000340535716254245,ssvsupdate=gibbs, centermethod=nullspace)+ nclaimss(pspline, prior = ssvs, v1 = 5, v2 = 0.509178060973639,r = 0.000343733536850348,ssvsupdate=gibbs, centermethod=nullspace) weight w6,family=zip predict = light setseed=126 equationtype=lambda using d


MCMCREG OBJECT m6: MAIN lambda REGRESSION_ncit

GENERAL OPTIONS:

  Number of iterations:  12000
  Burn-in period:        2000
  Thinning parameter:    10
  Saveestimation:        disabled



RESPONSE DISTRIBUTION:

  Family: ZIP
  Number of observations: 4805
  Number of observations with positive weights: 4328

  Response function (lambda): exponential
  Response function (pi): logistic distribution function


OPTIONS FOR ESTIMATION:

  Hyperparameters for SSVS priors of linear effects:

    Variable    v1       v2       r        
    years       5        26.3     0.000108
    ncountrys   5        41.2     0.000108
    nclaimss    5        9.62     0.000108
    ustwin      5        207      0.000108
    opp         5        207      0.000108
    biopharm    5        207      0.000108
    patus       5        207      0.000108
    patgsgr     5        207      0.000108

  MAIN_lambda_REGRESSION_ncit:  Nonlinear effect (P-spline) of years

  Prior: second order random walk
  Number of knots: 20
  First knot: -2.8483428
  Last knot: 1.5525191
  Knot distance: 0.23162431
  Degree of Splines: 3
  centered sampling
  B-spline basis may be created e.g. in STATA by: 
  bspline , xvar(x) generate(Bs) power(3) knots(-2.8483428(0.23162431)1.5525191) 
  where x contains the values for which the basis functions should be created

  IG prior for psi2 
  Hyperparameter v1 for prior: 5
  Hyperparameter v2 for prior: 0.511880109122076
  Parameter r for spike: 0.000342239043010924

  Prior inclusion probability omega
  Parameter a_omega: 1
  Parameter b_omega: 1

  MAIN_lambda_REGRESSION_ncit:  Nonlinear effect (P-spline) of ncountrys

  Prior: second order random walk
  Number of knots: 20
  First knot: -1.6819324
  Last knot: 2.279559
  Knot distance: 0.20849955
  Degree of Splines: 3
  centered sampling
  B-spline basis may be created e.g. in STATA by: 
  bspline , xvar(x) generate(Bs) power(3) knots(-1.6819324(0.20849955)2.279559) 
  where x contains the values for which the basis functions should be created

  IG prior for psi2 
  Hyperparameter v1 for prior: 5
  Hyperparameter v2 for prior: 0.51823046838236
  Parameter r for spike: 0.000340535716254245

  Prior inclusion probability omega
  Parameter a_omega: 1
  Parameter b_omega: 1

  MAIN_lambda_REGRESSION_ncit:  Nonlinear effect (P-spline) of nclaimss

  Prior: second order random walk
  Number of knots: 20
  First knot: -1.4533633
  Last knot: 4.6938785
  Knot distance: 0.32353904
  Degree of Splines: 3
  centered sampling
  B-spline basis may be created e.g. in STATA by: 
  bspline , xvar(x) generate(Bs) power(3) knots(-1.4533633(0.32353904)4.6938785) 
  where x contains the values for which the basis functions should be created

  IG prior for psi2 
  Hyperparameter v1 for prior: 5
  Hyperparameter v2 for prior: 0.509178060973639
  Parameter r for spike: 0.000343733536850348

  Prior inclusion probability omega
  Parameter a_omega: 1
  Parameter b_omega: 1



MCMCREG OBJECT m6: MAIN pi REGRESSION_ncit

RESPONSE DISTRIBUTION:

  Family: ZIP_pi
  Number of observations: 4805
  Number of observations with positive weights: 4328

  Response function (pi): logistic distribution function


OPTIONS FOR ESTIMATION:

  Hyperparameters for SSVS priors of linear effects:

    Variable    v1       v2       r        
    years       5        26.3     0.000108
    ncountrys   5        41.2     0.000108
    nclaimss    5        9.62     0.000108
    ustwin      5        207      0.000108
    opp         5        207      0.000108
    biopharm    5        207      0.000108
    patus       5        207      0.000108
    patgsgr     5        207      0.000108

  MAIN_pi_REGRESSION_ncit:  Nonlinear effect (P-spline) of years

  Prior: second order random walk
  Number of knots: 20
  First knot: -2.8483428
  Last knot: 1.5525191
  Knot distance: 0.23162431
  Degree of Splines: 3
  centered sampling
  B-spline basis may be created e.g. in STATA by: 
  bspline , xvar(x) generate(Bs) power(3) knots(-2.8483428(0.23162431)1.5525191) 
  where x contains the values for which the basis functions should be created

  IG prior for psi2 
  Hyperparameter v1 for prior: 5
  Hyperparameter v2 for prior: 0.511880109122076
  Parameter r for spike: 0.000342239043010924

  Prior inclusion probability omega
  Parameter a_omega: 1
  Parameter b_omega: 1

  MAIN_pi_REGRESSION_ncit:  Nonlinear effect (P-spline) of ncountrys

  Prior: second order random walk
  Number of knots: 20
  First knot: -1.6819324
  Last knot: 2.279559
  Knot distance: 0.20849955
  Degree of Splines: 3
  centered sampling
  B-spline basis may be created e.g. in STATA by: 
  bspline , xvar(x) generate(Bs) power(3) knots(-1.6819324(0.20849955)2.279559) 
  where x contains the values for which the basis functions should be created

  IG prior for psi2 
  Hyperparameter v1 for prior: 5
  Hyperparameter v2 for prior: 0.51823046838236
  Parameter r for spike: 0.000340535716254245

  Prior inclusion probability omega
  Parameter a_omega: 1
  Parameter b_omega: 1

  MAIN_pi_REGRESSION_ncit:  Nonlinear effect (P-spline) of nclaimss

  Prior: second order random walk
  Number of knots: 20
  First knot: -1.4533633
  Last knot: 4.6938785
  Knot distance: 0.32353904
  Degree of Splines: 3
  centered sampling
  B-spline basis may be created e.g. in STATA by: 
  bspline , xvar(x) generate(Bs) power(3) knots(-1.4533633(0.32353904)4.6938785) 
  where x contains the values for which the basis functions should be created

  IG prior for psi2 
  Hyperparameter v1 for prior: 5
  Hyperparameter v2 for prior: 0.509178060973639
  Parameter r for spike: 0.000343733536850348

  Prior inclusion probability omega
  Parameter a_omega: 1
  Parameter b_omega: 1


MCMC SIMULATION STARTED

  COMPUTING STARTING VALUES (MAY TAKE SOME TIME)
  ITERATION: 1

  APPROXIMATE RUN TIME: 2 minutes 20 seconds

  ITERATION: 1000
  ITERATION: 2000
  ITERATION: 3000
  ITERATION: 4000
  ITERATION: 5000

  MAIN_lambda_REGRESSION_ncit: linear effects

  Acceptance rate:    97.99 %

  Relative Changes in  

  Mean:               0.171722
  Variance:           1.79769e+308
  Minimum:            1.79769e+308
  Maximum:            1.79769e+308



  MAIN_lambda_REGRESSION_ncit: linear effects with ssvs prior

  Acceptance rate:    57.21 %

  Relative Changes in  

  Mean:               0.419898
  Variance:           1.79769e+308
  Minimum:            1.79769e+308
  Maximum:            1.79769e+308



  MAIN_lambda_REGRESSION_ncit: variance of linear effects with ssvs prior

  Acceptance rate:    100 %

  Relative Changes in  

  Mean:               1.79769e+308
  Variance:           1.79769e+308
  Minimum:            1.79769e+308
  Maximum:            1.79769e+308



  MAIN_lambda_REGRESSION_ncit:  Nonlinear effect (P-spline) of years

  Acceptance rate:    86.29 %

  Relative Changes in  

  Mean:               0.260681
  Variance:           1.79769e+308
  Minimum:            1.79769e+308
  Maximum:            1.79769e+308



  MAIN_lambda_REGRESSION_ncit: Variance of nonlinear effect of years

  Acceptance rate:    100 %

  Relative Changes in  

  Mean:               1.79769e+308
  Variance:           1.79769e+308
  Minimum:            1.79769e+308
  Maximum:            1.79769e+308



  MAIN_lambda_REGRESSION_ncit:  Nonlinear effect (P-spline) of ncountrys

  Acceptance rate:    83.33 %

  Relative Changes in  

  Mean:               0.459285
  Variance:           1.79769e+308
  Minimum:            1.79769e+308
  Maximum:            1.79769e+308



  MAIN_lambda_REGRESSION_ncit: Variance of nonlinear effect of ncountrys

  Acceptance rate:    100 %

  Relative Changes in  

  Mean:               1.79769e+308
  Variance:           1.79769e+308
  Minimum:            1.79769e+308
  Maximum:            1.79769e+308



  MAIN_lambda_REGRESSION_ncit:  Nonlinear effect (P-spline) of nclaimss

  Acceptance rate:    85.36 %

  Relative Changes in  

  Mean:               0.460673
  Variance:           1.79769e+308
  Minimum:            1.79769e+308
  Maximum:            1.79769e+308



  MAIN_lambda_REGRESSION_ncit: Variance of nonlinear effect of nclaimss

  Acceptance rate:    100 %

  Relative Changes in  

  Mean:               1.79769e+308
  Variance:           1.79769e+308
  Minimum:            1.79769e+308
  Maximum:            1.79769e+308



  MAIN_pi_REGRESSION_ncit: linear effects

  Acceptance rate:    99.49 %

  Relative Changes in  

  Mean:               0.207121
  Variance:           1.79769e+308
  Minimum:            1.79769e+308
  Maximum:            1.79769e+308



  MAIN_pi_REGRESSION_ncit: linear effects with ssvs prior

  Acceptance rate:    51.02 %

  Relative Changes in  

  Mean:               1.33631
  Variance:           1.79769e+308
  Minimum:            1.79769e+308
  Maximum:            1.79769e+308



  MAIN_pi_REGRESSION_ncit: variance of linear effects with ssvs prior

  Acceptance rate:    100 %

  Relative Changes in  

  Mean:               1.79769e+308
  Variance:           1.79769e+308
  Minimum:            1.79769e+308
  Maximum:            1.79769e+308



  MAIN_pi_REGRESSION_ncit:  Nonlinear effect (P-spline) of years

  Acceptance rate:    92.03 %

  Relative Changes in  

  Mean:               0.903975
  Variance:           1.79769e+308
  Minimum:            1.79769e+308
  Maximum:            1.79769e+308



  MAIN_pi_REGRESSION_ncit: Variance of nonlinear effect of years

  Acceptance rate:    100 %

  Relative Changes in  

  Mean:               1.79769e+308
  Variance:           1.79769e+308
  Minimum:            1.79769e+308
  Maximum:            1.79769e+308



  MAIN_pi_REGRESSION_ncit:  Nonlinear effect (P-spline) of ncountrys

  Acceptance rate:    98.97 %

  Relative Changes in  

  Mean:               0.986753
  Variance:           1.79769e+308
  Minimum:            1.79769e+308
  Maximum:            1.79769e+308



  MAIN_pi_REGRESSION_ncit: Variance of nonlinear effect of ncountrys

  Acceptance rate:    100 %

  Relative Changes in  

  Mean:               1.79769e+308
  Variance:           1.79769e+308
  Minimum:            1.79769e+308
  Maximum:            1.79769e+308



  MAIN_pi_REGRESSION_ncit:  Nonlinear effect (P-spline) of nclaimss

  Acceptance rate:    99.66 %

  Relative Changes in  

  Mean:               0.992979
  Variance:           1.79769e+308
  Minimum:            1.79769e+308
  Maximum:            1.79769e+308



  MAIN_pi_REGRESSION_ncit: Variance of nonlinear effect of nclaimss

  Acceptance rate:    100 %

  Relative Changes in  

  Mean:               1.79769e+308
  Variance:           1.79769e+308
  Minimum:            1.79769e+308
  Maximum:            1.79769e+308


  ITERATION: 6000
  ITERATION: 7000
  ITERATION: 8000

  MAIN_lambda_REGRESSION_ncit: linear effects

  Acceptance rate:    98.14 %

  Relative Changes in  

  Mean:               0.000432693
  Variance:           0.103606
  Minimum:            0.119585
  Maximum:            0



  MAIN_lambda_REGRESSION_ncit: linear effects with ssvs prior

  Acceptance rate:    57.21 %

  Relative Changes in  

  Mean:               0.00911881
  Variance:           0.0566027
  Minimum:            0.0983034
  Maximum:            0.00644439



  MAIN_lambda_REGRESSION_ncit: variance of linear effects with ssvs prior

  Acceptance rate:    100 %

  Relative Changes in  

  Mean:               0.240729
  Variance:           0.325113
  Minimum:            0.215081
  Maximum:            0.390531



  MAIN_lambda_REGRESSION_ncit:  Nonlinear effect (P-spline) of years

  Acceptance rate:    86.6 %

  Relative Changes in  

  Mean:               0.00994623
  Variance:           0.0746205
  Minimum:            0.108768
  Maximum:            0.102685



  MAIN_lambda_REGRESSION_ncit: Variance of nonlinear effect of years

  Acceptance rate:    100 %

  Relative Changes in  

  Mean:               0.0420381
  Variance:           0.379826
  Minimum:            4.94924e-05
  Maximum:            0.213377



  MAIN_lambda_REGRESSION_ncit:  Nonlinear effect (P-spline) of ncountrys

  Acceptance rate:    83.05 %

  Relative Changes in  

  Mean:               0.0127119
  Variance:           0.0456916
  Minimum:            0.0912064
  Maximum:            0.0768284



  MAIN_lambda_REGRESSION_ncit: Variance of nonlinear effect of ncountrys

  Acceptance rate:    100 %

  Relative Changes in  

  Mean:               0.008062
  Variance:           0.106604
  Minimum:            0.0440786
  Maximum:            4.37511e-05



  MAIN_lambda_REGRESSION_ncit:  Nonlinear effect (P-spline) of nclaimss

  Acceptance rate:    85.45 %

  Relative Changes in  

  Mean:               0.012172
  Variance:           0.061603
  Minimum:            0.130194
  Maximum:            0.11596



  MAIN_lambda_REGRESSION_ncit: Variance of nonlinear effect of nclaimss

  Acceptance rate:    100 %

  Relative Changes in  

  Mean:               0.0155715
  Variance:           0.216881
  Minimum:            0.448982
  Maximum:            0.124406



  MAIN_pi_REGRESSION_ncit: linear effects

  Acceptance rate:    99.42 %

  Relative Changes in  

  Mean:               0.0227608
  Variance:           0.0546232
  Minimum:            0.147887
  Maximum:            0



  MAIN_pi_REGRESSION_ncit: linear effects with ssvs prior

  Acceptance rate:    50.93 %

  Relative Changes in  

  Mean:               0.0100407
  Variance:           0.0509936
  Minimum:            0.18436
  Maximum:            0.122233



  MAIN_pi_REGRESSION_ncit: variance of linear effects with ssvs prior

  Acceptance rate:    100 %

  Relative Changes in  

  Mean:               0.175975
  Variance:           1.55568
  Minimum:            0.329798
  Maximum:            1.46474



  MAIN_pi_REGRESSION_ncit:  Nonlinear effect (P-spline) of years

  Acceptance rate:    92.33 %

  Relative Changes in  

  Mean:               0.0243951
  Variance:           0.0440702
  Minimum:            0.073617
  Maximum:            0.107282



  MAIN_pi_REGRESSION_ncit: Variance of nonlinear effect of years

  Acceptance rate:    100 %

  Relative Changes in  

  Mean:               0.0454507
  Variance:           0.209182
  Minimum:            0
  Maximum:            0



  MAIN_pi_REGRESSION_ncit:  Nonlinear effect (P-spline) of ncountrys

  Acceptance rate:    99.17 %

  Relative Changes in  

  Mean:               0.389359
  Variance:           0.381469
  Minimum:            0
  Maximum:            0.0552678



  MAIN_pi_REGRESSION_ncit: Variance of nonlinear effect of ncountrys

  Acceptance rate:    100 %

  Relative Changes in  

  Mean:               0.17002
  Variance:           0.42551
  Minimum:            0
  Maximum:            0



  MAIN_pi_REGRESSION_ncit:  Nonlinear effect (P-spline) of nclaimss

  Acceptance rate:    99.67 %

  Relative Changes in  

  Mean:               0.350689
  Variance:           0.160077
  Minimum:            0.356176
  Maximum:            0.435979



  MAIN_pi_REGRESSION_ncit: Variance of nonlinear effect of nclaimss

  Acceptance rate:    100 %

  Relative Changes in  

  Mean:               9.48308
  Variance:           544.757
  Minimum:            0.778196
  Maximum:            37.7986


  ITERATION: 9000
  ITERATION: 10000
  ITERATION: 11000

  MAIN_lambda_REGRESSION_ncit: linear effects

  Acceptance rate:    98.19 %

  Relative Changes in  

  Mean:               0.00122751
  Variance:           0.0927011
  Minimum:            0
  Maximum:            0



  MAIN_lambda_REGRESSION_ncit: linear effects with ssvs prior

  Acceptance rate:    58 %

  Relative Changes in  

  Mean:               0.0218452
  Variance:           0.049482
  Minimum:            0.0552394
  Maximum:            0.077719



  MAIN_lambda_REGRESSION_ncit: variance of linear effects with ssvs prior

  Acceptance rate:    100 %

  Relative Changes in  

  Mean:               0.105101
  Variance:           0.151785
  Minimum:            0.000188638
  Maximum:            0.343652



  MAIN_lambda_REGRESSION_ncit:  Nonlinear effect (P-spline) of years

  Acceptance rate:    86.77 %

  Relative Changes in  

  Mean:               0.0164538
  Variance:           0.0207439
  Minimum:            0.017345
  Maximum:            0.199648



  MAIN_lambda_REGRESSION_ncit: Variance of nonlinear effect of years

  Acceptance rate:    100 %

  Relative Changes in  

  Mean:               0.00862662
  Variance:           0.209096
  Minimum:            0.0225859
  Maximum:            0.299939



  MAIN_lambda_REGRESSION_ncit:  Nonlinear effect (P-spline) of ncountrys

  Acceptance rate:    82.85 %

  Relative Changes in  

  Mean:               0.0245557
  Variance:           0.0332811
  Minimum:            0.0869458
  Maximum:            0.162106



  MAIN_lambda_REGRESSION_ncit: Variance of nonlinear effect of ncountrys

  Acceptance rate:    100 %

  Relative Changes in  

  Mean:               0.00530725
  Variance:           0.0796918
  Minimum:            0
  Maximum:            0



  MAIN_lambda_REGRESSION_ncit:  Nonlinear effect (P-spline) of nclaimss

  Acceptance rate:    85.75 %

  Relative Changes in  

  Mean:               0.0220742
  Variance:           0.0399105
  Minimum:            0.0763743
  Maximum:            0.0757082



  MAIN_lambda_REGRESSION_ncit: Variance of nonlinear effect of nclaimss

  Acceptance rate:    100 %

  Relative Changes in  

  Mean:               0.0211091
  Variance:           0.121234
  Minimum:            0
  Maximum:            0



  MAIN_pi_REGRESSION_ncit: linear effects

  Acceptance rate:    99.29 %

  Relative Changes in  

  Mean:               0.00588861
  Variance:           0.0431252
  Minimum:            0.0354292
  Maximum:            0



  MAIN_pi_REGRESSION_ncit: linear effects with ssvs prior

  Acceptance rate:    51.01 %

  Relative Changes in  

  Mean:               0.00526877
  Variance:           0.0299888
  Minimum:            0.0451859
  Maximum:            0.0204131



  MAIN_pi_REGRESSION_ncit: variance of linear effects with ssvs prior

  Acceptance rate:    100 %

  Relative Changes in  

  Mean:               0.0912976
  Variance:           0.273762
  Minimum:            4.12583e-05
  Maximum:            0.334867



  MAIN_pi_REGRESSION_ncit:  Nonlinear effect (P-spline) of years

  Acceptance rate:    92.32 %

  Relative Changes in  

  Mean:               0.00799993
  Variance:           0.0239751
  Minimum:            0.0190494
  Maximum:            0.0309265



  MAIN_pi_REGRESSION_ncit: Variance of nonlinear effect of years

  Acceptance rate:    100 %

  Relative Changes in  

  Mean:               0.0204045
  Variance:           0.12513
  Minimum:            0.183552
  Maximum:            0.000222762



  MAIN_pi_REGRESSION_ncit:  Nonlinear effect (P-spline) of ncountrys

  Acceptance rate:    99.03 %

  Relative Changes in  

  Mean:               0.123921
  Variance:           0.0646833
  Minimum:            0.0359441
  Maximum:            0.135342



  MAIN_pi_REGRESSION_ncit: Variance of nonlinear effect of ncountrys

  Acceptance rate:    100 %

  Relative Changes in  

  Mean:               0.191183
  Variance:           0.298937
  Minimum:            0
  Maximum:            0



  MAIN_pi_REGRESSION_ncit:  Nonlinear effect (P-spline) of nclaimss

  Acceptance rate:    99.67 %

  Relative Changes in  

  Mean:               0.240864
  Variance:           0.0467434
  Minimum:            0.0324155
  Maximum:            0.00276342



  MAIN_pi_REGRESSION_ncit: Variance of nonlinear effect of nclaimss

  Acceptance rate:    100 %

  Relative Changes in  

  Mean:               0.186723
  Variance:           0.312943
  Minimum:            0
  Maximum:            0


  ITERATION: 12000

SIMULATION TERMINATED

SIMULATION RUN TIME: 2 minutes 27 seconds


ESTIMATION RESULTS:


MCMCREG OBJECT m6: MAIN lambda REGRESSION_ncit



  MAIN_lambda_REGRESSION_ncit: linear effects


    Variable  mean           Std. Dev.      2.5% quant.    median         97.5% quant.   
    const     0.861843       0.0696454      0.713559       0.866863       0.987508       

    Acceptance rate:    98.19 %

    Results for fixed effects are also stored in file
    /home/mcarlan/VarSel/patent/results/score_batches_zip_ssvs_alpha0.05/predict6/lambda_MAIN_lambda_REGRESSION_ncit_LinearEffects.res


  MAIN_lambda_REGRESSION_ncit: linear effects with ssvs prior


    Variable  mean           Std. Dev.      2.5% quant.    median         97.5% quant.   
    years     -0.00244118    0.0291293      -0.0672335     -0.00024699    0.0582867      
    ncountrys -0.0610808     0.0554778      -0.181791      -0.0533686     0.0199008      
    nclaimss  0.0623836      0.0384037      -0.00473326    0.0625294      0.132711       
    ustwin    0.0689875      0.0285533      0.0135039      0.0692838      0.125781       
    opp       0.159013       0.0145888      0.130891       0.158942       0.186617       
    biopharm  0.138882       0.0189458      0.100954       0.138693       0.1764         
    patus     0.0982753      0.0153846      0.0679465      0.0985496      0.128507       
    patgsgr   -0.0725427     0.0186256      -0.109671      -0.0725527     -0.0363017     

    Acceptance rate:    57.99 %

    Results for fixed effects are also stored in file
    /home/mcarlan/VarSel/patent/results/score_batches_zip_ssvs_alpha0.05/predict6/lambda_MAIN_lambda_REGRESSION_ncit_LinearEffects_ssvs.res


    Variance parameters:

  MAIN_lambda_REGRESSION_ncit: variance of linear effects with ssvs prior


    Variable  mean           Std. Dev.      2.5% quant.    median         97.5% quant.   
    years     0.0622818      1.18745        2.19073e-06    0.000388872    0.0154119      
    ncountrys 0.403504       2.74488        1.27696e-05    0.00200823     4.80376        
    nclaimss  0.325215       1.26737        2.11466e-05    0.00162971     3.74298        
    ustwin    0.291372       4.10688        0.000344655    0.00481014     0.226128       
    opp       1.49055        9.58389        0.00322091     0.0141917      18.3155        
    biopharm  1.18318        8.53968        0.00278421     0.0115697      8.76693        
    patus     0.478271       5.13471        0.00146562     0.00762197     1.46731        
    patgsgr   0.213089       2.6879         0.000714536    0.00526002     0.190541       


    Results for linear effects variance parameters are also stored in file
    /home/mcarlan/VarSel/patent/results/score_batches_zip_ssvs_alpha0.05/predict6/lambda_MAIN_lambda_REGRESSION_ncit_LinearEffects_ssvs_var.res


    Inclusion probabilities:

    Variable  mean           Std. Dev.      2.5% quant.    median         97.5% quant.   
    years     0.038          0.191196       0              0              1              
    ncountrys 0.148          0.3551         0              0              1              
    nclaimss  0.405          0.490892       0              0              1              
    ustwin    0.044          0.205095       0              0              1              
    opp       0.121          0.326127       0              0              1              
    biopharm  0.105          0.306553       0              0              1              
    patus     0.061          0.23933        0              0              1              
    patgsgr   0.045          0.207304       0              0              1              


    Results for delta parameters are also stored in file
    /home/mcarlan/VarSel/patent/results/score_batches_zip_ssvs_alpha0.05/predict6/lambda_MAIN_lambda_REGRESSION_ncit_LinearEffects_ssvs_delta.res


    Rao-Blackwellised inclusion probabilities:

    Variable  mean           Std. Dev.      2.5% quant.    median         97.5% quant.   
    years     0.0387011      0.173807       0.000107176    0.00328764     1              
    ncountrys 0.150832       0.34004        0.000129137    0.00496062     1              
    nclaimss  0.402439       0.476395       0.000200487    0.026473       1              
    ustwin    0.0377241      0.165564       9.79246e-05    0.0037965      0.999991       
    opp       0.116796       0.296689       0.000189924    0.00688921     1              
    biopharm  0.102963       0.28243        0.000161999    0.00574812     1              
    patus     0.0606682      0.215029       0.000150909    0.00452741     1              
    patgsgr   0.0381569      0.166235       0.000106958    0.00385353     0.95069        


    Results for Rao-Blackwellised inclusion probabilities are also stored in file
    /home/mcarlan/VarSel/patent/results/score_batches_zip_ssvs_alpha0.05/predict6/lambda_MAIN_lambda_REGRESSION_ncit_LinearEffects_ssvs_delta.res


    Inclusion probability parameter omega:

    Mean:           0.199311
    Std. dev.:      0.151987
    2.5% Quantile:  0.00959865
    10% Quantile:   0.0269144
    50% Quantile:   0.163996
    90% Quantile:   0.409862
    97.5% Quantile: 0.570302


    Results for linear effects omega parameters are also stored in file
    /home/mcarlan/VarSel/patent/results/score_batches_zip_ssvs_alpha0.05/predict6/lambda_MAIN_lambda_REGRESSION_ncit_LinearEffects_ssvs_omega.res


  MAIN_lambda_REGRESSION_ncit:  Nonlinear effect (P-spline) of years

    Acceptance rate:    86.78 %

    Estimated parameters are stored in file
    /home/mcarlan/VarSel/patent/results/score_batches_zip_ssvs_alpha0.05/predict6/lambda_MAIN_lambda_REGRESSION_ncit_nonlinear_pspline_effect_of_years_param.res

    Function estimates are stored in file
    /home/mcarlan/VarSel/patent/results/score_batches_zip_ssvs_alpha0.05/predict6/lambda_MAIN_lambda_REGRESSION_ncit_nonlinear_pspline_effect_of_years.res

    Mean effects evaluated at years=-0.0134161827578266 with value 0.00809388680422288

    Scaling factor to blow up pointwise 95 percent credible intervals
    to obtain simultaneous credible intervals: 1.82448

    Scaling factor to blow up pointwise 80 percent credible intervals
    to obtain simultaneous credible intervals: 1.49769



  MAIN_lambda_REGRESSION_ncit: Variance of nonlinear effect of years

    Acceptance rate:    100 %

    Mean:           0.0278093
    Std. dev.:      0.0312743
    2.5% Quantile:  0.00262079
    10% Quantile:   0.00561671
    50% Quantile:   0.0196067
    90% Quantile:   0.0554859
    97.5% Quantile: 0.0977699

    Results for the variance component are also stored in file
    /home/mcarlan/VarSel/patent/results/score_batches_zip_ssvs_alpha0.05/predict6/lambda_MAIN_lambda_REGRESSION_ncit_variance_of_nonlinear_pspline_effect_of_years.res


    Inclusion probability:


    Variable  mean           Std. Dev.      2.5% quant.    median         97.5% quant.   
    years     1              0              1              1              1              

    Results for the inclusion probabilities are also stored in file
    /home/mcarlan/VarSel/patent/results/score_batches_zip_ssvs_alpha0.05/predict6/lambda_MAIN_lambda_REGRESSION_ncit_variance_of_nonlinear_pspline_effect_of_years_delta.res


    Rao-Blackwellised inclusion probability:


    Variable  mean           Std. Dev.      2.5% quant.    median         97.5% quant.   
    years     0.999998       4.02006e-05    1              1              1              

    Results for the Rao-Blackwellised inclusion probabilities are also stored in file
    /home/mcarlan/VarSel/patent/results/score_batches_zip_ssvs_alpha0.05/predict6/lambda_MAIN_lambda_REGRESSION_ncit_variance_of_nonlinear_pspline_effect_of_years_delta_prob.res


    Variance hyperparameter psi2: 

    Mean:           0.11975
    Std. dev.:      0.0649534
    2.5% Quantile:  0.0479693
    10% Quantile:   0.0616699
    50% Quantile:   0.103748
    90% Quantile:   0.186129
    97.5% Quantile: 0.297757


    Results for psi2 are also stored in file
    /home/mcarlan/VarSel/patent/results/score_batches_zip_ssvs_alpha0.05/predict6/lambda_MAIN_lambda_REGRESSION_ncit_variance_of_nonlinear_pspline_effect_of_years_psi2.res


    Inclusion probability parameter omega:

    Mean:           0.667711
    Std. dev.:      0.227127
    2.5% Quantile:  0.180392
    10% Quantile:   0.3388
    50% Quantile:   0.697533
    90% Quantile:   0.944399
    97.5% Quantile: 0.986789


    Results for the inclusion probability parameter omega are also stored in file
    /home/mcarlan/VarSel/patent/results/score_batches_zip_ssvs_alpha0.05/predict6/lambda_MAIN_lambda_REGRESSION_ncit_variance_of_nonlinear_pspline_effect_of_years_omega.res



  MAIN_lambda_REGRESSION_ncit:  Nonlinear effect (P-spline) of ncountrys

    Acceptance rate:    82.85 %

    Estimated parameters are stored in file
    /home/mcarlan/VarSel/patent/results/score_batches_zip_ssvs_alpha0.05/predict6/lambda_MAIN_lambda_REGRESSION_ncit_nonlinear_pspline_effect_of_ncountrys_param.res

    Function estimates are stored in file
    /home/mcarlan/VarSel/patent/results/score_batches_zip_ssvs_alpha0.05/predict6/lambda_MAIN_lambda_REGRESSION_ncit_nonlinear_pspline_effect_of_ncountrys.res

    Mean effects evaluated at ncountrys=0.0560748548266889 with value 0.100557986431084

    Scaling factor to blow up pointwise 95 percent credible intervals
    to obtain simultaneous credible intervals: 1.79557

    Scaling factor to blow up pointwise 80 percent credible intervals
    to obtain simultaneous credible intervals: 1.48994



  MAIN_lambda_REGRESSION_ncit: Variance of nonlinear effect of ncountrys

    Acceptance rate:    100 %

    Mean:           0.0369822
    Std. dev.:      0.0321421
    2.5% Quantile:  0.00664087
    10% Quantile:   0.0109446
    50% Quantile:   0.0278029
    90% Quantile:   0.0712373
    97.5% Quantile: 0.124566

    Results for the variance component are also stored in file
    /home/mcarlan/VarSel/patent/results/score_batches_zip_ssvs_alpha0.05/predict6/lambda_MAIN_lambda_REGRESSION_ncit_variance_of_nonlinear_pspline_effect_of_ncountrys.res


    Inclusion probability:


    Variable  mean           Std. Dev.      2.5% quant.    median         97.5% quant.   
    ncountrys 1              0              1              1              1              

    Results for the inclusion probabilities are also stored in file
    /home/mcarlan/VarSel/patent/results/score_batches_zip_ssvs_alpha0.05/predict6/lambda_MAIN_lambda_REGRESSION_ncit_variance_of_nonlinear_pspline_effect_of_ncountrys_delta.res


    Rao-Blackwellised inclusion probability:


    Variable  mean           Std. Dev.      2.5% quant.    median         97.5% quant.   
    ncountrys 1              0              1              1              1              

    Results for the Rao-Blackwellised inclusion probabilities are also stored in file
    /home/mcarlan/VarSel/patent/results/score_batches_zip_ssvs_alpha0.05/predict6/lambda_MAIN_lambda_REGRESSION_ncit_variance_of_nonlinear_pspline_effect_of_ncountrys_delta_prob.res


    Variance hyperparameter psi2: 

    Mean:           0.119774
    Std. dev.:      0.0633304
    2.5% Quantile:  0.0486857
    10% Quantile:   0.0649745
    50% Quantile:   0.10453
    90% Quantile:   0.188517
    97.5% Quantile: 0.28811


    Results for psi2 are also stored in file
    /home/mcarlan/VarSel/patent/results/score_batches_zip_ssvs_alpha0.05/predict6/lambda_MAIN_lambda_REGRESSION_ncit_variance_of_nonlinear_pspline_effect_of_ncountrys_psi2.res


    Inclusion probability parameter omega:

    Mean:           0.668927
    Std. dev.:      0.2352
    2.5% Quantile:  0.175128
    10% Quantile:   0.311193
    50% Quantile:   0.714302
    90% Quantile:   0.947933
    97.5% Quantile: 0.990291


    Results for the inclusion probability parameter omega are also stored in file
    /home/mcarlan/VarSel/patent/results/score_batches_zip_ssvs_alpha0.05/predict6/lambda_MAIN_lambda_REGRESSION_ncit_variance_of_nonlinear_pspline_effect_of_ncountrys_omega.res



  MAIN_lambda_REGRESSION_ncit:  Nonlinear effect (P-spline) of nclaimss

    Acceptance rate:    85.75 %

    Estimated parameters are stored in file
    /home/mcarlan/VarSel/patent/results/score_batches_zip_ssvs_alpha0.05/predict6/lambda_MAIN_lambda_REGRESSION_ncit_nonlinear_pspline_effect_of_nclaimss_param.res

    Function estimates are stored in file
    /home/mcarlan/VarSel/patent/results/score_batches_zip_ssvs_alpha0.05/predict6/lambda_MAIN_lambda_REGRESSION_ncit_nonlinear_pspline_effect_of_nclaimss.res

    Mean effects evaluated at nclaimss=-0.0401618394422281 with value 0.030579378444158

    Scaling factor to blow up pointwise 95 percent credible intervals
    to obtain simultaneous credible intervals: 1.85889

    Scaling factor to blow up pointwise 80 percent credible intervals
    to obtain simultaneous credible intervals: 1.54212



  MAIN_lambda_REGRESSION_ncit: Variance of nonlinear effect of nclaimss

    Acceptance rate:    100 %

    Mean:           0.0187319
    Std. dev.:      0.0164762
    2.5% Quantile:  0.00336413
    10% Quantile:   0.0051773
    50% Quantile:   0.013753
    90% Quantile:   0.0372211
    97.5% Quantile: 0.0640931

    Results for the variance component are also stored in file
    /home/mcarlan/VarSel/patent/results/score_batches_zip_ssvs_alpha0.05/predict6/lambda_MAIN_lambda_REGRESSION_ncit_variance_of_nonlinear_pspline_effect_of_nclaimss.res


    Inclusion probability:


    Variable  mean           Std. Dev.      2.5% quant.    median         97.5% quant.   
    nclaimss  1              0              1              1              1              

    Results for the inclusion probabilities are also stored in file
    /home/mcarlan/VarSel/patent/results/score_batches_zip_ssvs_alpha0.05/predict6/lambda_MAIN_lambda_REGRESSION_ncit_variance_of_nonlinear_pspline_effect_of_nclaimss_delta.res


    Rao-Blackwellised inclusion probability:


    Variable  mean           Std. Dev.      2.5% quant.    median         97.5% quant.   
    nclaimss  0.999993       0.000201598    1              1              1              

    Results for the Rao-Blackwellised inclusion probabilities are also stored in file
    /home/mcarlan/VarSel/patent/results/score_batches_zip_ssvs_alpha0.05/predict6/lambda_MAIN_lambda_REGRESSION_ncit_variance_of_nonlinear_pspline_effect_of_nclaimss_delta_prob.res


    Variance hyperparameter psi2: 

    Mean:           0.117967
    Std. dev.:      0.0638263
    2.5% Quantile:  0.0476891
    10% Quantile:   0.0599005
    50% Quantile:   0.101562
    90% Quantile:   0.18873
    97.5% Quantile: 0.290878


    Results for psi2 are also stored in file
    /home/mcarlan/VarSel/patent/results/score_batches_zip_ssvs_alpha0.05/predict6/lambda_MAIN_lambda_REGRESSION_ncit_variance_of_nonlinear_pspline_effect_of_nclaimss_psi2.res


    Inclusion probability parameter omega:

    Mean:           0.669609
    Std. dev.:      0.230485
    2.5% Quantile:  0.177886
    10% Quantile:   0.333588
    50% Quantile:   0.713898
    90% Quantile:   0.940868
    97.5% Quantile: 0.986608


    Results for the inclusion probability parameter omega are also stored in file
    /home/mcarlan/VarSel/patent/results/score_batches_zip_ssvs_alpha0.05/predict6/lambda_MAIN_lambda_REGRESSION_ncit_variance_of_nonlinear_pspline_effect_of_nclaimss_omega.res


  PREDICTED VALUES: 

    Results for the predictor, mean are stored in file
    /home/mcarlan/VarSel/patent/results/score_batches_zip_ssvs_alpha0.05/predict6/lambda_MAIN_lambda_REGRESSION_ncit_predict.res


  ESTIMATION RESULT FOR THE DEVIANCE: 

    Mean:           15318.164
    Std. Dev:       13.107434
    2p5% Quantile:  15292.847
    10% Quantile:   15301.224
    50% Quantile:   15318.061
    90% Quantile:   15335.222
    97p5% Quantile: 15344.334


    Results for the DIC are stored in file
    /home/mcarlan/VarSel/patent/results/score_batches_zip_ssvs_alpha0.05/predict6/lambda_MAIN_lambda_REGRESSION_ncit_predict_DIC.res

  ESTIMATION RESULTS FOR THE DIC: 

    Deviance(bar_mu):           15271.016
    pD:                         47.147898
    DIC:                        15365.312


    Results for the WAIC are stored in file
    /home/mcarlan/VarSel/patent/results/score_batches_zip_ssvs_alpha0.05/predict6/lambda_MAIN_lambda_REGRESSION_ncit_predict_WAIC.res

  ESTIMATION RESULTS FOR THE WAIC: 

    l_pd:                       15208.207
    p_d:                        115.50795
    WAIC:                       15439.223



MCMCREG OBJECT m6: MAIN pi REGRESSION_ncit



  MAIN_pi_REGRESSION_ncit: linear effects


    Variable  mean           Std. Dev.      2.5% quant.    median         97.5% quant.   
    const     -0.234964      0.0864898      -0.402626      -0.234775      -0.058842      

    Acceptance rate:    99.29 %

    Results for fixed effects are also stored in file
    /home/mcarlan/VarSel/patent/results/score_batches_zip_ssvs_alpha0.05/predict6/pi_MAIN_pi_REGRESSION_ncit_LinearEffects.res


  MAIN_pi_REGRESSION_ncit: linear effects with ssvs prior


    Variable  mean           Std. Dev.      2.5% quant.    median         97.5% quant.   
    years     0.416598       0.101694       0.226556       0.415426       0.644973       
    ncountrys 0.230443       0.061899       0.108245       0.232307       0.354267       
    nclaimss  -0.000712573   0.0213706      -0.0475778     -0.000184184   0.0457392      
    ustwin    0.0259083      0.0588232      -0.0872135     0.0158262      0.162536       
    opp       -0.101308      0.0439176      -0.182843      -0.101084      -0.0164253     
    biopharm  0.0783548      0.0543256      -0.0117499     0.0775129      0.195995       
    patus     0.246856       0.0462574      0.158405       0.246733       0.338972       
    patgsgr   0.149672       0.0558798      0.0339717      0.153432       0.25174        

    Acceptance rate:    51.02 %

    Results for fixed effects are also stored in file
    /home/mcarlan/VarSel/patent/results/score_batches_zip_ssvs_alpha0.05/predict6/pi_MAIN_pi_REGRESSION_ncit_LinearEffects_ssvs.res


    Variance parameters:

  MAIN_pi_REGRESSION_ncit: variance of linear effects with ssvs prior


    Variable  mean           Std. Dev.      2.5% quant.    median         97.5% quant.   
    years     3.30198        5.95876        0.0409859      0.978417       20.5566        
    ncountrys 3.28638        8.45924        0.00400569     0.429023       23.8729        
    nclaimss  0.0307896      0.450257       5.81352e-07    0.000190915    0.0903674      
    ustwin    0.612873       7.91288        1.52136e-05    0.0027408      0.355668       
    opp       2.14121        15.6617        0.00078207     0.00846631     23.8134        
    biopharm  1.3259         8.73297        5.3851e-05     0.00635223     16.2274        
    patus     6.52801        29.5305        0.00688842     0.0542339      55.1218        
    patgsgr   3.48682        17.7215        0.0013464      0.0138747      41.4791        


    Results for linear effects variance parameters are also stored in file
    /home/mcarlan/VarSel/patent/results/score_batches_zip_ssvs_alpha0.05/predict6/pi_MAIN_pi_REGRESSION_ncit_LinearEffects_ssvs_var.res


    Inclusion probabilities:

    Variable  mean           Std. Dev.      2.5% quant.    median         97.5% quant.   
    years     0.997          0.05469        1              1              1              
    ncountrys 0.895          0.306553       0              1              1              
    nclaimss  0.087          0.281835       0              0              1              
    ustwin    0.058          0.233743       0              0              1              
    opp       0.155          0.361905       0              0              1              
    biopharm  0.14           0.346987       0              0              1              
    patus     0.499          0.499999       0              0              1              
    patgsgr   0.248          0.431852       0              0              1              


    Results for delta parameters are also stored in file
    /home/mcarlan/VarSel/patent/results/score_batches_zip_ssvs_alpha0.05/predict6/pi_MAIN_pi_REGRESSION_ncit_LinearEffects_ssvs_delta.res


    Rao-Blackwellised inclusion probabilities:

    Variable  mean           Std. Dev.      2.5% quant.    median         97.5% quant.   
    years     0.996846       0.0532583      1              1              1              
    ncountrys 0.896558       0.286837       0.013163       1              1              
    nclaimss  0.0905649      0.244381       0.00156802     0.011836       1              
    ustwin    0.0591383      0.191155       0.00148863     0.0103519      1              
    opp       0.153591       0.32369        0.00199828     0.0168643      1              
    biopharm  0.138524       0.315249       0.00185972     0.0145884      1              
    patus     0.505115       0.468557       0.0036667      0.313376       1              
    patgsgr   0.252034       0.401311       0.00235285     0.0250872      1              


    Results for Rao-Blackwellised inclusion probabilities are also stored in file
    /home/mcarlan/VarSel/patent/results/score_batches_zip_ssvs_alpha0.05/predict6/pi_MAIN_pi_REGRESSION_ncit_LinearEffects_ssvs_delta.res


    Inclusion probability parameter omega:

    Mean:           0.40413
    Std. dev.:      0.184029
    2.5% Quantile:  0.0859646
    10% Quantile:   0.168061
    50% Quantile:   0.390702
    90% Quantile:   0.661639
    97.5% Quantile: 0.758283


    Results for linear effects omega parameters are also stored in file
    /home/mcarlan/VarSel/patent/results/score_batches_zip_ssvs_alpha0.05/predict6/pi_MAIN_pi_REGRESSION_ncit_LinearEffects_ssvs_omega.res


  MAIN_pi_REGRESSION_ncit:  Nonlinear effect (P-spline) of years

    Acceptance rate:    92.33 %

    Estimated parameters are stored in file
    /home/mcarlan/VarSel/patent/results/score_batches_zip_ssvs_alpha0.05/predict6/pi_MAIN_pi_REGRESSION_ncit_nonlinear_pspline_effect_of_years_param.res

    Function estimates are stored in file
    /home/mcarlan/VarSel/patent/results/score_batches_zip_ssvs_alpha0.05/predict6/pi_MAIN_pi_REGRESSION_ncit_nonlinear_pspline_effect_of_years.res

    Mean effects evaluated at years=-0.0134161827578266 with value -0.692953251298446

    Scaling factor to blow up pointwise 95 percent credible intervals
    to obtain simultaneous credible intervals: 1.80293

    Scaling factor to blow up pointwise 80 percent credible intervals
    to obtain simultaneous credible intervals: 1.52989



  MAIN_pi_REGRESSION_ncit: Variance of nonlinear effect of years

    Acceptance rate:    100 %

    Mean:           0.0709235
    Std. dev.:      0.059229
    2.5% Quantile:  0.0100756
    10% Quantile:   0.0191514
    50% Quantile:   0.0559847
    90% Quantile:   0.138334
    97.5% Quantile: 0.223389

    Results for the variance component are also stored in file
    /home/mcarlan/VarSel/patent/results/score_batches_zip_ssvs_alpha0.05/predict6/pi_MAIN_pi_REGRESSION_ncit_variance_of_nonlinear_pspline_effect_of_years.res


    Inclusion probability:


    Variable  mean           Std. Dev.      2.5% quant.    median         97.5% quant.   
    years     1              0              1              1              1              

    Results for the inclusion probabilities are also stored in file
    /home/mcarlan/VarSel/patent/results/score_batches_zip_ssvs_alpha0.05/predict6/pi_MAIN_pi_REGRESSION_ncit_variance_of_nonlinear_pspline_effect_of_years_delta.res


    Rao-Blackwellised inclusion probability:


    Variable  mean           Std. Dev.      2.5% quant.    median         97.5% quant.   
    years     1              0              1              1              1              

    Results for the Rao-Blackwellised inclusion probabilities are also stored in file
    /home/mcarlan/VarSel/patent/results/score_batches_zip_ssvs_alpha0.05/predict6/pi_MAIN_pi_REGRESSION_ncit_variance_of_nonlinear_pspline_effect_of_years_delta_prob.res


    Variance hyperparameter psi2: 

    Mean:           0.125417
    Std. dev.:      0.0687205
    2.5% Quantile:  0.0503247
    10% Quantile:   0.0651864
    50% Quantile:   0.106863
    90% Quantile:   0.211018
    97.5% Quantile: 0.289166


    Results for psi2 are also stored in file
    /home/mcarlan/VarSel/patent/results/score_batches_zip_ssvs_alpha0.05/predict6/pi_MAIN_pi_REGRESSION_ncit_variance_of_nonlinear_pspline_effect_of_years_psi2.res


    Inclusion probability parameter omega:

    Mean:           0.671706
    Std. dev.:      0.236722
    2.5% Quantile:  0.147445
    10% Quantile:   0.312293
    50% Quantile:   0.707702
    90% Quantile:   0.953138
    97.5% Quantile: 0.990223


    Results for the inclusion probability parameter omega are also stored in file
    /home/mcarlan/VarSel/patent/results/score_batches_zip_ssvs_alpha0.05/predict6/pi_MAIN_pi_REGRESSION_ncit_variance_of_nonlinear_pspline_effect_of_years_omega.res



  MAIN_pi_REGRESSION_ncit:  Nonlinear effect (P-spline) of ncountrys

    Acceptance rate:    99.03 %

    Estimated parameters are stored in file
    /home/mcarlan/VarSel/patent/results/score_batches_zip_ssvs_alpha0.05/predict6/pi_MAIN_pi_REGRESSION_ncit_nonlinear_pspline_effect_of_ncountrys_param.res

    Function estimates are stored in file
    /home/mcarlan/VarSel/patent/results/score_batches_zip_ssvs_alpha0.05/predict6/pi_MAIN_pi_REGRESSION_ncit_nonlinear_pspline_effect_of_ncountrys.res

    Mean effects evaluated at ncountrys=0.0560748548266889 with value 0.00923999884411595

    Scaling factor to blow up pointwise 95 percent credible intervals
    to obtain simultaneous credible intervals: 1.89865

    Scaling factor to blow up pointwise 80 percent credible intervals
    to obtain simultaneous credible intervals: 2.09529



  MAIN_pi_REGRESSION_ncit: Variance of nonlinear effect of ncountrys

    Acceptance rate:    100 %

    Mean:           0.00137868
    Std. dev.:      0.00644361
    2.5% Quantile:  3.11403e-07
    10% Quantile:   2.16101e-06
    50% Quantile:   2.71733e-05
    90% Quantile:   0.00151866
    97.5% Quantile: 0.0159466

    Results for the variance component are also stored in file
    /home/mcarlan/VarSel/patent/results/score_batches_zip_ssvs_alpha0.05/predict6/pi_MAIN_pi_REGRESSION_ncit_variance_of_nonlinear_pspline_effect_of_ncountrys.res


    Inclusion probability:


    Variable  mean           Std. Dev.      2.5% quant.    median         97.5% quant.   
    ncountrys 0.164          0.370276       0              0              1              

    Results for the inclusion probabilities are also stored in file
    /home/mcarlan/VarSel/patent/results/score_batches_zip_ssvs_alpha0.05/predict6/pi_MAIN_pi_REGRESSION_ncit_variance_of_nonlinear_pspline_effect_of_ncountrys_delta.res


    Rao-Blackwellised inclusion probability:


    Variable  mean           Std. Dev.      2.5% quant.    median         97.5% quant.   
    ncountrys 0.16416        0.332784       0.000326326    0.0149021      1              

    Results for the Rao-Blackwellised inclusion probabilities are also stored in file
    /home/mcarlan/VarSel/patent/results/score_batches_zip_ssvs_alpha0.05/predict6/pi_MAIN_pi_REGRESSION_ncit_variance_of_nonlinear_pspline_effect_of_ncountrys_delta_prob.res


    Variance hyperparameter psi2: 

    Mean:           0.128678
    Std. dev.:      0.073748
    2.5% Quantile:  0.0491372
    10% Quantile:   0.0647999
    50% Quantile:   0.111483
    90% Quantile:   0.207476
    97.5% Quantile: 0.31952


    Results for psi2 are also stored in file
    /home/mcarlan/VarSel/patent/results/score_batches_zip_ssvs_alpha0.05/predict6/pi_MAIN_pi_REGRESSION_ncit_variance_of_nonlinear_pspline_effect_of_ncountrys_psi2.res


    Inclusion probability parameter omega:

    Mean:           0.391343
    Std. dev.:      0.269892
    2.5% Quantile:  0.0158842
    10% Quantile:   0.0598363
    50% Quantile:   0.349483
    90% Quantile:   0.80052
    97.5% Quantile: 0.943265


    Results for the inclusion probability parameter omega are also stored in file
    /home/mcarlan/VarSel/patent/results/score_batches_zip_ssvs_alpha0.05/predict6/pi_MAIN_pi_REGRESSION_ncit_variance_of_nonlinear_pspline_effect_of_ncountrys_omega.res



  MAIN_pi_REGRESSION_ncit:  Nonlinear effect (P-spline) of nclaimss

    Acceptance rate:    99.67 %

    Estimated parameters are stored in file
    /home/mcarlan/VarSel/patent/results/score_batches_zip_ssvs_alpha0.05/predict6/pi_MAIN_pi_REGRESSION_ncit_nonlinear_pspline_effect_of_nclaimss_param.res

    Function estimates are stored in file
    /home/mcarlan/VarSel/patent/results/score_batches_zip_ssvs_alpha0.05/predict6/pi_MAIN_pi_REGRESSION_ncit_nonlinear_pspline_effect_of_nclaimss.res

    Mean effects evaluated at nclaimss=-0.0401618394422281 with value -0.00305021056363743

    Scaling factor to blow up pointwise 95 percent credible intervals
    to obtain simultaneous credible intervals: 1.90305

    Scaling factor to blow up pointwise 80 percent credible intervals
    to obtain simultaneous credible intervals: 1.72397



  MAIN_pi_REGRESSION_ncit: Variance of nonlinear effect of nclaimss

    Acceptance rate:    100 %

    Mean:           5.87007e-05
    Std. dev.:      0.000251593
    2.5% Quantile:  8.00522e-08
    10% Quantile:   7.93486e-07
    50% Quantile:   1.61751e-05
    90% Quantile:   0.000113004
    97.5% Quantile: 0.000331804

    Results for the variance component are also stored in file
    /home/mcarlan/VarSel/patent/results/score_batches_zip_ssvs_alpha0.05/predict6/pi_MAIN_pi_REGRESSION_ncit_variance_of_nonlinear_pspline_effect_of_nclaimss.res


    Inclusion probability:


    Variable  mean           Std. Dev.      2.5% quant.    median         97.5% quant.   
    nclaimss  0.05           0.217945       0              0              1              

    Results for the inclusion probabilities are also stored in file
    /home/mcarlan/VarSel/patent/results/score_batches_zip_ssvs_alpha0.05/predict6/pi_MAIN_pi_REGRESSION_ncit_variance_of_nonlinear_pspline_effect_of_nclaimss_delta.res


    Rao-Blackwellised inclusion probability:


    Variable  mean           Std. Dev.      2.5% quant.    median         97.5% quant.   
    nclaimss  0.0504498      0.146786       0.000446086    0.0121608      0.473349       

    Results for the Rao-Blackwellised inclusion probabilities are also stored in file
    /home/mcarlan/VarSel/patent/results/score_batches_zip_ssvs_alpha0.05/predict6/pi_MAIN_pi_REGRESSION_ncit_variance_of_nonlinear_pspline_effect_of_nclaimss_delta_prob.res


    Variance hyperparameter psi2: 

    Mean:           0.125069
    Std. dev.:      0.0674111
    2.5% Quantile:  0.0467845
    10% Quantile:   0.0644764
    50% Quantile:   0.108809
    90% Quantile:   0.199673
    97.5% Quantile: 0.305442


    Results for psi2 are also stored in file
    /home/mcarlan/VarSel/patent/results/score_batches_zip_ssvs_alpha0.05/predict6/pi_MAIN_pi_REGRESSION_ncit_variance_of_nonlinear_pspline_effect_of_nclaimss_psi2.res


    Inclusion probability parameter omega:

    Mean:           0.344624
    Std. dev.:      0.240397
    2.5% Quantile:  0.0137641
    10% Quantile:   0.0543848
    50% Quantile:   0.299564
    90% Quantile:   0.702538
    97.5% Quantile: 0.881312


    Results for the inclusion probability parameter omega are also stored in file
    /home/mcarlan/VarSel/patent/results/score_batches_zip_ssvs_alpha0.05/predict6/pi_MAIN_pi_REGRESSION_ncit_variance_of_nonlinear_pspline_effect_of_nclaimss_omega.res


  FILES FOR VISUALIZING RESULTS:

    STATA DO-FILE

    /home/mcarlan/VarSel/patent/results/score_batches_zip_ssvs_alpha0.05/predict6/lambda_stata.do

    R-FILE

    /home/mcarlan/VarSel/patent/results/score_batches_zip_ssvs_alpha0.05/predict6/lambda_R.r

> m6.getsample

Storing sampled parameters...
Sampled parameters are stored in file(s):

/home/mcarlan/VarSel/patent/results/score_batches_zip_ssvs_alpha0.05/predict6/pi_MAIN_pi_REGRESSION_ncit_LinearEffects_sample.raw

/home/mcarlan/VarSel/patent/results/score_batches_zip_ssvs_alpha0.05/predict6/pi_MAIN_pi_REGRESSION_ncit_LinearEffects_ssvs_sample.raw

/home/mcarlan/VarSel/patent/results/score_batches_zip_ssvs_alpha0.05/predict6/pi_MAIN_pi_REGRESSION_ncit_LinearEffects_ssvs_var_sample.raw
/home/mcarlan/VarSel/patent/results/score_batches_zip_ssvs_alpha0.05/predict6/pi_MAIN_pi_REGRESSION_ncit_LinearEffects_ssvs_delta_sample.raw
/home/mcarlan/VarSel/patent/results/score_batches_zip_ssvs_alpha0.05/predict6/pi_MAIN_pi_REGRESSION_ncit_LinearEffects_ssvs_omega_sample.raw

/home/mcarlan/VarSel/patent/results/score_batches_zip_ssvs_alpha0.05/predict6/pi_MAIN_pi_REGRESSION_ncit_nonlinear_pspline_effect_of_years_sample.raw

/home/mcarlan/VarSel/patent/results/score_batches_zip_ssvs_alpha0.05/predict6/pi_MAIN_pi_REGRESSION_ncit_variance_of_nonlinear_pspline_effect_of_years_sample.raw
/home/mcarlan/VarSel/patent/results/score_batches_zip_ssvs_alpha0.05/predict6/pi_MAIN_pi_REGRESSION_ncit_variance_of_nonlinear_pspline_effect_of_years_delta_sample.raw
/home/mcarlan/VarSel/patent/results/score_batches_zip_ssvs_alpha0.05/predict6/pi_MAIN_pi_REGRESSION_ncit_variance_of_nonlinear_pspline_effect_of_years_omega_sample.raw
/home/mcarlan/VarSel/patent/results/score_batches_zip_ssvs_alpha0.05/predict6/pi_MAIN_pi_REGRESSION_ncit_variance_of_nonlinear_pspline_effect_of_years_psi2_sample.raw

/home/mcarlan/VarSel/patent/results/score_batches_zip_ssvs_alpha0.05/predict6/pi_MAIN_pi_REGRESSION_ncit_nonlinear_pspline_effect_of_ncountrys_sample.raw

/home/mcarlan/VarSel/patent/results/score_batches_zip_ssvs_alpha0.05/predict6/pi_MAIN_pi_REGRESSION_ncit_variance_of_nonlinear_pspline_effect_of_ncountrys_sample.raw
/home/mcarlan/VarSel/patent/results/score_batches_zip_ssvs_alpha0.05/predict6/pi_MAIN_pi_REGRESSION_ncit_variance_of_nonlinear_pspline_effect_of_ncountrys_delta_sample.raw
/home/mcarlan/VarSel/patent/results/score_batches_zip_ssvs_alpha0.05/predict6/pi_MAIN_pi_REGRESSION_ncit_variance_of_nonlinear_pspline_effect_of_ncountrys_omega_sample.raw
/home/mcarlan/VarSel/patent/results/score_batches_zip_ssvs_alpha0.05/predict6/pi_MAIN_pi_REGRESSION_ncit_variance_of_nonlinear_pspline_effect_of_ncountrys_psi2_sample.raw

/home/mcarlan/VarSel/patent/results/score_batches_zip_ssvs_alpha0.05/predict6/pi_MAIN_pi_REGRESSION_ncit_nonlinear_pspline_effect_of_nclaimss_sample.raw

/home/mcarlan/VarSel/patent/results/score_batches_zip_ssvs_alpha0.05/predict6/pi_MAIN_pi_REGRESSION_ncit_variance_of_nonlinear_pspline_effect_of_nclaimss_sample.raw
/home/mcarlan/VarSel/patent/results/score_batches_zip_ssvs_alpha0.05/predict6/pi_MAIN_pi_REGRESSION_ncit_variance_of_nonlinear_pspline_effect_of_nclaimss_delta_sample.raw
/home/mcarlan/VarSel/patent/results/score_batches_zip_ssvs_alpha0.05/predict6/pi_MAIN_pi_REGRESSION_ncit_variance_of_nonlinear_pspline_effect_of_nclaimss_omega_sample.raw
/home/mcarlan/VarSel/patent/results/score_batches_zip_ssvs_alpha0.05/predict6/pi_MAIN_pi_REGRESSION_ncit_variance_of_nonlinear_pspline_effect_of_nclaimss_psi2_sample.raw

/home/mcarlan/VarSel/patent/results/score_batches_zip_ssvs_alpha0.05/predict6/lambda_MAIN_lambda_REGRESSION_ncit_LinearEffects_sample.raw

/home/mcarlan/VarSel/patent/results/score_batches_zip_ssvs_alpha0.05/predict6/lambda_MAIN_lambda_REGRESSION_ncit_LinearEffects_ssvs_sample.raw

/home/mcarlan/VarSel/patent/results/score_batches_zip_ssvs_alpha0.05/predict6/lambda_MAIN_lambda_REGRESSION_ncit_LinearEffects_ssvs_var_sample.raw
/home/mcarlan/VarSel/patent/results/score_batches_zip_ssvs_alpha0.05/predict6/lambda_MAIN_lambda_REGRESSION_ncit_LinearEffects_ssvs_delta_sample.raw
/home/mcarlan/VarSel/patent/results/score_batches_zip_ssvs_alpha0.05/predict6/lambda_MAIN_lambda_REGRESSION_ncit_LinearEffects_ssvs_omega_sample.raw

/home/mcarlan/VarSel/patent/results/score_batches_zip_ssvs_alpha0.05/predict6/lambda_MAIN_lambda_REGRESSION_ncit_nonlinear_pspline_effect_of_years_sample.raw

/home/mcarlan/VarSel/patent/results/score_batches_zip_ssvs_alpha0.05/predict6/lambda_MAIN_lambda_REGRESSION_ncit_variance_of_nonlinear_pspline_effect_of_years_sample.raw
/home/mcarlan/VarSel/patent/results/score_batches_zip_ssvs_alpha0.05/predict6/lambda_MAIN_lambda_REGRESSION_ncit_variance_of_nonlinear_pspline_effect_of_years_delta_sample.raw
/home/mcarlan/VarSel/patent/results/score_batches_zip_ssvs_alpha0.05/predict6/lambda_MAIN_lambda_REGRESSION_ncit_variance_of_nonlinear_pspline_effect_of_years_omega_sample.raw
/home/mcarlan/VarSel/patent/results/score_batches_zip_ssvs_alpha0.05/predict6/lambda_MAIN_lambda_REGRESSION_ncit_variance_of_nonlinear_pspline_effect_of_years_psi2_sample.raw

/home/mcarlan/VarSel/patent/results/score_batches_zip_ssvs_alpha0.05/predict6/lambda_MAIN_lambda_REGRESSION_ncit_nonlinear_pspline_effect_of_ncountrys_sample.raw

/home/mcarlan/VarSel/patent/results/score_batches_zip_ssvs_alpha0.05/predict6/lambda_MAIN_lambda_REGRESSION_ncit_variance_of_nonlinear_pspline_effect_of_ncountrys_sample.raw
/home/mcarlan/VarSel/patent/results/score_batches_zip_ssvs_alpha0.05/predict6/lambda_MAIN_lambda_REGRESSION_ncit_variance_of_nonlinear_pspline_effect_of_ncountrys_delta_sample.raw
/home/mcarlan/VarSel/patent/results/score_batches_zip_ssvs_alpha0.05/predict6/lambda_MAIN_lambda_REGRESSION_ncit_variance_of_nonlinear_pspline_effect_of_ncountrys_omega_sample.raw
/home/mcarlan/VarSel/patent/results/score_batches_zip_ssvs_alpha0.05/predict6/lambda_MAIN_lambda_REGRESSION_ncit_variance_of_nonlinear_pspline_effect_of_ncountrys_psi2_sample.raw

/home/mcarlan/VarSel/patent/results/score_batches_zip_ssvs_alpha0.05/predict6/lambda_MAIN_lambda_REGRESSION_ncit_nonlinear_pspline_effect_of_nclaimss_sample.raw

/home/mcarlan/VarSel/patent/results/score_batches_zip_ssvs_alpha0.05/predict6/lambda_MAIN_lambda_REGRESSION_ncit_variance_of_nonlinear_pspline_effect_of_nclaimss_sample.raw
/home/mcarlan/VarSel/patent/results/score_batches_zip_ssvs_alpha0.05/predict6/lambda_MAIN_lambda_REGRESSION_ncit_variance_of_nonlinear_pspline_effect_of_nclaimss_delta_sample.raw
/home/mcarlan/VarSel/patent/results/score_batches_zip_ssvs_alpha0.05/predict6/lambda_MAIN_lambda_REGRESSION_ncit_variance_of_nonlinear_pspline_effect_of_nclaimss_omega_sample.raw
/home/mcarlan/VarSel/patent/results/score_batches_zip_ssvs_alpha0.05/predict6/lambda_MAIN_lambda_REGRESSION_ncit_variance_of_nonlinear_pspline_effect_of_nclaimss_psi2_sample.raw

File for convenient visualization of 
sampling paths using the Windows version of BayesX is stored in

/home/mcarlan/VarSel/patent/results/score_batches_zip_ssvs_alpha0.05/predict6/lambda_samples.prg


> m6.autocor

Computing autocorrelation functions...
Autocorrelations are stored in file(s):

/home/mcarlan/VarSel/patent/results/score_batches_zip_ssvs_alpha0.05/predict6/pi_MAIN_pi_REGRESSION_ncit_LinearEffects_autocor.raw
/home/mcarlan/VarSel/patent/results/score_batches_zip_ssvs_alpha0.05/predict6/pi_MAIN_pi_REGRESSION_ncit_LinearEffects_ssvs_autocor.raw
/home/mcarlan/VarSel/patent/results/score_batches_zip_ssvs_alpha0.05/predict6/pi_MAIN_pi_REGRESSION_ncit_LinearEffects_ssvs_var_autocor.raw
/home/mcarlan/VarSel/patent/results/score_batches_zip_ssvs_alpha0.05/predict6/pi_MAIN_pi_REGRESSION_ncit_nonlinear_pspline_effect_of_years_autocor.raw
/home/mcarlan/VarSel/patent/results/score_batches_zip_ssvs_alpha0.05/predict6/pi_MAIN_pi_REGRESSION_ncit_variance_of_nonlinear_pspline_effect_of_years_autocor.raw
/home/mcarlan/VarSel/patent/results/score_batches_zip_ssvs_alpha0.05/predict6/pi_MAIN_pi_REGRESSION_ncit_nonlinear_pspline_effect_of_ncountrys_autocor.raw
/home/mcarlan/VarSel/patent/results/score_batches_zip_ssvs_alpha0.05/predict6/pi_MAIN_pi_REGRESSION_ncit_variance_of_nonlinear_pspline_effect_of_ncountrys_autocor.raw
/home/mcarlan/VarSel/patent/results/score_batches_zip_ssvs_alpha0.05/predict6/pi_MAIN_pi_REGRESSION_ncit_nonlinear_pspline_effect_of_nclaimss_autocor.raw
/home/mcarlan/VarSel/patent/results/score_batches_zip_ssvs_alpha0.05/predict6/pi_MAIN_pi_REGRESSION_ncit_variance_of_nonlinear_pspline_effect_of_nclaimss_autocor.raw
/home/mcarlan/VarSel/patent/results/score_batches_zip_ssvs_alpha0.05/predict6/lambda_MAIN_lambda_REGRESSION_ncit_LinearEffects_autocor.raw
/home/mcarlan/VarSel/patent/results/score_batches_zip_ssvs_alpha0.05/predict6/lambda_MAIN_lambda_REGRESSION_ncit_LinearEffects_ssvs_autocor.raw
/home/mcarlan/VarSel/patent/results/score_batches_zip_ssvs_alpha0.05/predict6/lambda_MAIN_lambda_REGRESSION_ncit_LinearEffects_ssvs_var_autocor.raw
/home/mcarlan/VarSel/patent/results/score_batches_zip_ssvs_alpha0.05/predict6/lambda_MAIN_lambda_REGRESSION_ncit_nonlinear_pspline_effect_of_years_autocor.raw
/home/mcarlan/VarSel/patent/results/score_batches_zip_ssvs_alpha0.05/predict6/lambda_MAIN_lambda_REGRESSION_ncit_variance_of_nonlinear_pspline_effect_of_years_autocor.raw
/home/mcarlan/VarSel/patent/results/score_batches_zip_ssvs_alpha0.05/predict6/lambda_MAIN_lambda_REGRESSION_ncit_nonlinear_pspline_effect_of_ncountrys_autocor.raw
/home/mcarlan/VarSel/patent/results/score_batches_zip_ssvs_alpha0.05/predict6/lambda_MAIN_lambda_REGRESSION_ncit_variance_of_nonlinear_pspline_effect_of_ncountrys_autocor.raw
/home/mcarlan/VarSel/patent/results/score_batches_zip_ssvs_alpha0.05/predict6/lambda_MAIN_lambda_REGRESSION_ncit_nonlinear_pspline_effect_of_nclaimss_autocor.raw
/home/mcarlan/VarSel/patent/results/score_batches_zip_ssvs_alpha0.05/predict6/lambda_MAIN_lambda_REGRESSION_ncit_variance_of_nonlinear_pspline_effect_of_nclaimss_autocor.raw
File for convenient computation and visualization of 
autocorrelations using the Windows version of BayesX is stored in

/home/mcarlan/VarSel/patent/results/score_batches_zip_ssvs_alpha0.05/predict6/lambda_autocor.prg

> drop m6

> drop d

> logclose

