> dataset d

> d.infile using ./data//patent.raw

NOTE: 33 variables with 4805 observations read from file
./data//patent.raw

> d.drop if nclaims >50

NOTE: 0 observations dropped
> delimiter=;

> mcmcreg m7

> m7.outfile = ./results/score_batches_zip/predict7/pi

> m7.hregress ncit = const + nclaims+ opp+ biopharm + patgsgr + ncountrys(pspline, a=0.0001, b=0.0001)+ years(pspline, a=0.0001, b=0.0001) weight w7, family=zip iterations=12000 burnin=2000 step=10 equationtype=pi using d

> m7.outfile = ./results/score_batches_zip/predict7/lambda

> m7.hregress ncit = const + opp+ biopharm + patgsgr + ncountrys(pspline, a=0.0001, b=0.0001)+ years(pspline, a=0.0001, b=0.0001)+ nclaimss(pspline, a=0.0001, b=0.0001) weight w7,setseed=7123 family=zip predict = light equationtype=lambda using d


MCMCREG OBJECT m7: MAIN lambda REGRESSION_ncit

GENERAL OPTIONS:

  Number of iterations:  12000
  Burn-in period:        2000
  Thinning parameter:    10
  Saveestimation:        disabled



RESPONSE DISTRIBUTION:

  Family: ZIP
  Number of observations: 4805
  Number of observations with positive weights: 4324

  Response function (lambda): exponential
  Response function (pi): logistic distribution function


OPTIONS FOR ESTIMATION:

  MAIN_lambda_REGRESSION_ncit:  Nonlinear effect (P-spline) of ncountrys

  Prior: second order random walk
  Number of knots: 20
  First knot: -1.6819324
  Last knot: 2.279559
  Knot distance: 0.20849955
  Degree of Splines: 3
  centered sampling
  B-spline basis may be created e.g. in STATA by: 
  bspline , xvar(x) generate(Bs) power(3) knots(-1.6819324(0.20849955)2.279559) 
  where x contains the values for which the basis functions should be created

  Inverse gamma prior
  Hyperprior a for variance parameter: 0.0001
  Hyperprior b for variance parameter: 0.0001

  MAIN_lambda_REGRESSION_ncit:  Nonlinear effect (P-spline) of years

  Prior: second order random walk
  Number of knots: 20
  First knot: -2.8483428
  Last knot: 1.5525191
  Knot distance: 0.23162431
  Degree of Splines: 3
  centered sampling
  B-spline basis may be created e.g. in STATA by: 
  bspline , xvar(x) generate(Bs) power(3) knots(-2.8483428(0.23162431)1.5525191) 
  where x contains the values for which the basis functions should be created

  Inverse gamma prior
  Hyperprior a for variance parameter: 0.0001
  Hyperprior b for variance parameter: 0.0001

  MAIN_lambda_REGRESSION_ncit:  Nonlinear effect (P-spline) of nclaimss

  Prior: second order random walk
  Number of knots: 20
  First knot: -1.4533633
  Last knot: 4.6938785
  Knot distance: 0.32353904
  Degree of Splines: 3
  centered sampling
  B-spline basis may be created e.g. in STATA by: 
  bspline , xvar(x) generate(Bs) power(3) knots(-1.4533633(0.32353904)4.6938785) 
  where x contains the values for which the basis functions should be created

  Inverse gamma prior
  Hyperprior a for variance parameter: 0.0001
  Hyperprior b for variance parameter: 0.0001



MCMCREG OBJECT m7: MAIN pi REGRESSION_ncit

RESPONSE DISTRIBUTION:

  Family: ZIP_pi
  Number of observations: 4805
  Number of observations with positive weights: 4324

  Response function (pi): logistic distribution function


OPTIONS FOR ESTIMATION:

  MAIN_pi_REGRESSION_ncit:  Nonlinear effect (P-spline) of ncountrys

  Prior: second order random walk
  Number of knots: 20
  First knot: -1.6819324
  Last knot: 2.279559
  Knot distance: 0.20849955
  Degree of Splines: 3
  centered sampling
  B-spline basis may be created e.g. in STATA by: 
  bspline , xvar(x) generate(Bs) power(3) knots(-1.6819324(0.20849955)2.279559) 
  where x contains the values for which the basis functions should be created

  Inverse gamma prior
  Hyperprior a for variance parameter: 0.0001
  Hyperprior b for variance parameter: 0.0001

  MAIN_pi_REGRESSION_ncit:  Nonlinear effect (P-spline) of years

  Prior: second order random walk
  Number of knots: 20
  First knot: -2.8483428
  Last knot: 1.5525191
  Knot distance: 0.23162431
  Degree of Splines: 3
  centered sampling
  B-spline basis may be created e.g. in STATA by: 
  bspline , xvar(x) generate(Bs) power(3) knots(-2.8483428(0.23162431)1.5525191) 
  where x contains the values for which the basis functions should be created

  Inverse gamma prior
  Hyperprior a for variance parameter: 0.0001
  Hyperprior b for variance parameter: 0.0001


MCMC SIMULATION STARTED

  COMPUTING STARTING VALUES (MAY TAKE SOME TIME)
  ITERATION: 1

  APPROXIMATE RUN TIME: 1 minute 1 seconds

  ITERATION: 1000
  ITERATION: 2000
  ITERATION: 3000
  ITERATION: 4000
  ITERATION: 5000

  MAIN_lambda_REGRESSION_ncit: linear effects

  Acceptance rate:    93.1 %

  Relative Changes in  

  Mean:               0.00423166
  Variance:           1.79769e+308
  Minimum:            1.79769e+308
  Maximum:            1.79769e+308



  MAIN_lambda_REGRESSION_ncit:  Nonlinear effect (P-spline) of ncountrys

  Acceptance rate:    79.45 %

  Relative Changes in  

  Mean:               0.0945516
  Variance:           1.79769e+308
  Minimum:            1.79769e+308
  Maximum:            1.79769e+308



  MAIN_lambda_REGRESSION_ncit: Variance of nonlinear effect of ncountrys

  Acceptance rate:    100 %

  Relative Changes in  

  Mean:               1.79769e+308
  Variance:           1.79769e+308
  Minimum:            1.79769e+308
  Maximum:            1.79769e+308



  MAIN_lambda_REGRESSION_ncit:  Nonlinear effect (P-spline) of years

  Acceptance rate:    85.32 %

  Relative Changes in  

  Mean:               0.2728
  Variance:           1.79769e+308
  Minimum:            1.79769e+308
  Maximum:            1.79769e+308



  MAIN_lambda_REGRESSION_ncit: Variance of nonlinear effect of years

  Acceptance rate:    100 %

  Relative Changes in  

  Mean:               1.79769e+308
  Variance:           1.79769e+308
  Minimum:            1.79769e+308
  Maximum:            1.79769e+308



  MAIN_lambda_REGRESSION_ncit:  Nonlinear effect (P-spline) of nclaimss

  Acceptance rate:    88.49 %

  Relative Changes in  

  Mean:               0.142003
  Variance:           1.79769e+308
  Minimum:            1.79769e+308
  Maximum:            1.79769e+308



  MAIN_lambda_REGRESSION_ncit: Variance of nonlinear effect of nclaimss

  Acceptance rate:    100 %

  Relative Changes in  

  Mean:               1.79769e+308
  Variance:           1.79769e+308
  Minimum:            1.79769e+308
  Maximum:            1.79769e+308



  MAIN_pi_REGRESSION_ncit: linear effects

  Acceptance rate:    97.62 %

  Relative Changes in  

  Mean:               0.0595566
  Variance:           1.79769e+308
  Minimum:            1.79769e+308
  Maximum:            1.79769e+308



  MAIN_pi_REGRESSION_ncit:  Nonlinear effect (P-spline) of ncountrys

  Acceptance rate:    94.88 %

  Relative Changes in  

  Mean:               0.223167
  Variance:           1.79769e+308
  Minimum:            1.79769e+308
  Maximum:            1.79769e+308



  MAIN_pi_REGRESSION_ncit: Variance of nonlinear effect of ncountrys

  Acceptance rate:    100 %

  Relative Changes in  

  Mean:               1.79769e+308
  Variance:           1.79769e+308
  Minimum:            1.79769e+308
  Maximum:            1.79769e+308



  MAIN_pi_REGRESSION_ncit:  Nonlinear effect (P-spline) of years

  Acceptance rate:    95.27 %

  Relative Changes in  

  Mean:               0.118616
  Variance:           1.79769e+308
  Minimum:            1.79769e+308
  Maximum:            1.79769e+308



  MAIN_pi_REGRESSION_ncit: Variance of nonlinear effect of years

  Acceptance rate:    100 %

  Relative Changes in  

  Mean:               1.79769e+308
  Variance:           1.79769e+308
  Minimum:            1.79769e+308
  Maximum:            1.79769e+308


  ITERATION: 6000
  ITERATION: 7000
  ITERATION: 8000

  MAIN_lambda_REGRESSION_ncit: linear effects

  Acceptance rate:    93.38 %

  Relative Changes in  

  Mean:               0.00079072
  Variance:           0.015072
  Minimum:            0.0204326
  Maximum:            0.00123936



  MAIN_lambda_REGRESSION_ncit:  Nonlinear effect (P-spline) of ncountrys

  Acceptance rate:    79.19 %

  Relative Changes in  

  Mean:               0.0202712
  Variance:           0.0402235
  Minimum:            0.0978731
  Maximum:            0.188719



  MAIN_lambda_REGRESSION_ncit: Variance of nonlinear effect of ncountrys

  Acceptance rate:    100 %

  Relative Changes in  

  Mean:               0.0727218
  Variance:           0.232665
  Minimum:            0.0012164
  Maximum:            0.35229



  MAIN_lambda_REGRESSION_ncit:  Nonlinear effect (P-spline) of years

  Acceptance rate:    85.05 %

  Relative Changes in  

  Mean:               0.0386813
  Variance:           0.0759074
  Minimum:            0.0977384
  Maximum:            0.129613



  MAIN_lambda_REGRESSION_ncit: Variance of nonlinear effect of years

  Acceptance rate:    100 %

  Relative Changes in  

  Mean:               0.187281
  Variance:           0.31437
  Minimum:            0.0620293
  Maximum:            5.58388e-06



  MAIN_lambda_REGRESSION_ncit:  Nonlinear effect (P-spline) of nclaimss

  Acceptance rate:    88.91 %

  Relative Changes in  

  Mean:               0.00659976
  Variance:           0.0175133
  Minimum:            0.104019
  Maximum:            0.0597868



  MAIN_lambda_REGRESSION_ncit: Variance of nonlinear effect of nclaimss

  Acceptance rate:    100 %

  Relative Changes in  

  Mean:               0.00903168
  Variance:           0.0291077
  Minimum:            6.83579e-06
  Maximum:            0.473772



  MAIN_pi_REGRESSION_ncit: linear effects

  Acceptance rate:    97.75 %

  Relative Changes in  

  Mean:               0.00712721
  Variance:           0.160921
  Minimum:            0.0583218
  Maximum:            0.0373678



  MAIN_pi_REGRESSION_ncit:  Nonlinear effect (P-spline) of ncountrys

  Acceptance rate:    94.61 %

  Relative Changes in  

  Mean:               0.0377063
  Variance:           0.120007
  Minimum:            0.072247
  Maximum:            0.349714



  MAIN_pi_REGRESSION_ncit: Variance of nonlinear effect of ncountrys

  Acceptance rate:    100 %

  Relative Changes in  

  Mean:               0.174459
  Variance:           1.25869
  Minimum:            0.262926
  Maximum:            1.96722



  MAIN_pi_REGRESSION_ncit:  Nonlinear effect (P-spline) of years

  Acceptance rate:    94.75 %

  Relative Changes in  

  Mean:               0.00745245
  Variance:           0.0368802
  Minimum:            0.303442
  Maximum:            0.0924465



  MAIN_pi_REGRESSION_ncit: Variance of nonlinear effect of years

  Acceptance rate:    100 %

  Relative Changes in  

  Mean:               0.000714713
  Variance:           0.193839
  Minimum:            0
  Maximum:            0


  ITERATION: 9000
  ITERATION: 10000
  ITERATION: 11000

  MAIN_lambda_REGRESSION_ncit: linear effects

  Acceptance rate:    93.11 %

  Relative Changes in  

  Mean:               0.000840656
  Variance:           0.0599731
  Minimum:            0.00106507
  Maximum:            0.0112845



  MAIN_lambda_REGRESSION_ncit:  Nonlinear effect (P-spline) of ncountrys

  Acceptance rate:    79.1 %

  Relative Changes in  

  Mean:               0.0087202
  Variance:           0.0458864
  Minimum:            0.0112312
  Maximum:            0.00919848



  MAIN_lambda_REGRESSION_ncit: Variance of nonlinear effect of ncountrys

  Acceptance rate:    100 %

  Relative Changes in  

  Mean:               0.0440548
  Variance:           0.203104
  Minimum:            0.00139549
  Maximum:            0.678297



  MAIN_lambda_REGRESSION_ncit:  Nonlinear effect (P-spline) of years

  Acceptance rate:    85.6 %

  Relative Changes in  

  Mean:               0.021213
  Variance:           0.048835
  Minimum:            0.0865006
  Maximum:            0.0903291



  MAIN_lambda_REGRESSION_ncit: Variance of nonlinear effect of years

  Acceptance rate:    100 %

  Relative Changes in  

  Mean:               0.810753
  Variance:           9.18892
  Minimum:            0.121204
  Maximum:            3.73677



  MAIN_lambda_REGRESSION_ncit:  Nonlinear effect (P-spline) of nclaimss

  Acceptance rate:    88.98 %

  Relative Changes in  

  Mean:               0.00305371
  Variance:           0.0479898
  Minimum:            0.0565277
  Maximum:            0.0278392



  MAIN_lambda_REGRESSION_ncit: Variance of nonlinear effect of nclaimss

  Acceptance rate:    100 %

  Relative Changes in  

  Mean:               0.0165267
  Variance:           0.12114
  Minimum:            0.115035
  Maximum:            1.87552e-06



  MAIN_pi_REGRESSION_ncit: linear effects

  Acceptance rate:    97.72 %

  Relative Changes in  

  Mean:               0.00216991
  Variance:           0.0114766
  Minimum:            0
  Maximum:            0.0379455



  MAIN_pi_REGRESSION_ncit:  Nonlinear effect (P-spline) of ncountrys

  Acceptance rate:    94.91 %

  Relative Changes in  

  Mean:               0.0235856
  Variance:           0.0755647
  Minimum:            0.0615614
  Maximum:            0.0382022



  MAIN_pi_REGRESSION_ncit: Variance of nonlinear effect of ncountrys

  Acceptance rate:    100 %

  Relative Changes in  

  Mean:               0.270434
  Variance:           0.521626
  Minimum:            8.90881e-06
  Maximum:            0.383357



  MAIN_pi_REGRESSION_ncit:  Nonlinear effect (P-spline) of years

  Acceptance rate:    94.68 %

  Relative Changes in  

  Mean:               0.00824633
  Variance:           0.0433504
  Minimum:            0.0191005
  Maximum:            0.0945847



  MAIN_pi_REGRESSION_ncit: Variance of nonlinear effect of years

  Acceptance rate:    100 %

  Relative Changes in  

  Mean:               0.0253189
  Variance:           0.124935
  Minimum:            0.200156
  Maximum:            3.61272e-05


  ITERATION: 12000

SIMULATION TERMINATED

SIMULATION RUN TIME: 1 minute 5 seconds


ESTIMATION RESULTS:


MCMCREG OBJECT m7: MAIN lambda REGRESSION_ncit



  MAIN_lambda_REGRESSION_ncit: linear effects


    Variable  mean           Std. Dev.      2.5% quant.    median         97.5% quant.   
    const     1.07263        0.0432476      0.989113       1.07332        1.15637        
    opp       0.16337        0.0138797      0.138179       0.163809       0.192117       
    biopharm  0.132279       0.0186352      0.0971829      0.131461       0.169864       
    patgsgr   -0.12438       0.0167505      -0.157458      -0.124425      -0.0927931     

    Acceptance rate:    93.11 %

    Results for fixed effects are also stored in file
    ./results/score_batches_zip/predict7/lambda_MAIN_lambda_REGRESSION_ncit_LinearEffects.res


  MAIN_lambda_REGRESSION_ncit:  Nonlinear effect (P-spline) of ncountrys

    Acceptance rate:    79.1 %

    Estimated parameters are stored in file
    ./results/score_batches_zip/predict7/lambda_MAIN_lambda_REGRESSION_ncit_nonlinear_pspline_effect_of_ncountrys_param.res

    Function estimates are stored in file
    ./results/score_batches_zip/predict7/lambda_MAIN_lambda_REGRESSION_ncit_nonlinear_pspline_effect_of_ncountrys.res

    Mean effects evaluated at ncountrys=0.0560748548266889 with value 0.12398689603612

    Scaling factor to blow up pointwise 95 percent credible intervals
    to obtain simultaneous credible intervals: 1.86211

    Scaling factor to blow up pointwise 80 percent credible intervals
    to obtain simultaneous credible intervals: 1.52022



  MAIN_lambda_REGRESSION_ncit: Variance of nonlinear effect of ncountrys

    Acceptance rate:    100 %

    Mean:           0.071715
    Std. dev.:      0.0664194
    2.5% Quantile:  0.0113861
    10% Quantile:   0.0193904
    50% Quantile:   0.0509574
    90% Quantile:   0.144411
    97.5% Quantile: 0.24563

    Results for the variance component are also stored in file
    ./results/score_batches_zip/predict7/lambda_MAIN_lambda_REGRESSION_ncit_variance_of_nonlinear_pspline_effect_of_ncountrys.res



  MAIN_lambda_REGRESSION_ncit:  Nonlinear effect (P-spline) of years

    Acceptance rate:    85.6 %

    Estimated parameters are stored in file
    ./results/score_batches_zip/predict7/lambda_MAIN_lambda_REGRESSION_ncit_nonlinear_pspline_effect_of_years_param.res

    Function estimates are stored in file
    ./results/score_batches_zip/predict7/lambda_MAIN_lambda_REGRESSION_ncit_nonlinear_pspline_effect_of_years.res

    Mean effects evaluated at years=-0.0134161827578266 with value -0.0256674703357652

    Scaling factor to blow up pointwise 95 percent credible intervals
    to obtain simultaneous credible intervals: 1.88846

    Scaling factor to blow up pointwise 80 percent credible intervals
    to obtain simultaneous credible intervals: 1.53928



  MAIN_lambda_REGRESSION_ncit: Variance of nonlinear effect of years

    Acceptance rate:    100 %

    Mean:           0.0383494
    Std. dev.:      0.0371948
    2.5% Quantile:  0.00070629
    10% Quantile:   0.00472105
    50% Quantile:   0.0294596
    90% Quantile:   0.0794745
    97.5% Quantile: 0.139836

    Results for the variance component are also stored in file
    ./results/score_batches_zip/predict7/lambda_MAIN_lambda_REGRESSION_ncit_variance_of_nonlinear_pspline_effect_of_years.res



  MAIN_lambda_REGRESSION_ncit:  Nonlinear effect (P-spline) of nclaimss

    Acceptance rate:    88.98 %

    Estimated parameters are stored in file
    ./results/score_batches_zip/predict7/lambda_MAIN_lambda_REGRESSION_ncit_nonlinear_pspline_effect_of_nclaimss_param.res

    Function estimates are stored in file
    ./results/score_batches_zip/predict7/lambda_MAIN_lambda_REGRESSION_ncit_nonlinear_pspline_effect_of_nclaimss.res

    Mean effects evaluated at nclaimss=-0.0401618394422281 with value -0.256138609662118

    Scaling factor to blow up pointwise 95 percent credible intervals
    to obtain simultaneous credible intervals: 1.8741

    Scaling factor to blow up pointwise 80 percent credible intervals
    to obtain simultaneous credible intervals: 1.56422



  MAIN_lambda_REGRESSION_ncit: Variance of nonlinear effect of nclaimss

    Acceptance rate:    100 %

    Mean:           0.00637864
    Std. dev.:      0.00627043
    2.5% Quantile:  0.00094095
    10% Quantile:   0.00155801
    50% Quantile:   0.00454297
    90% Quantile:   0.012873
    97.5% Quantile: 0.0228574

    Results for the variance component are also stored in file
    ./results/score_batches_zip/predict7/lambda_MAIN_lambda_REGRESSION_ncit_variance_of_nonlinear_pspline_effect_of_nclaimss.res


  PREDICTED VALUES: 

    Results for the predictor, mean are stored in file
    ./results/score_batches_zip/predict7/lambda_MAIN_lambda_REGRESSION_ncit_predict.res


  ESTIMATION RESULT FOR THE DEVIANCE: 

    Mean:           15671.789
    Std. Dev:       15.516523
    2p5% Quantile:  15643.482
    10% Quantile:   15652.446
    50% Quantile:   15671.026
    90% Quantile:   15692.277
    97p5% Quantile: 15704.401


    Results for the DIC are stored in file
    ./results/score_batches_zip/predict7/lambda_MAIN_lambda_REGRESSION_ncit_predict_DIC.res

  ESTIMATION RESULTS FOR THE DIC: 

    Deviance(bar_mu):           15623.943
    pD:                         47.84596
    DIC:                        15719.635


    Results for the WAIC are stored in file
    ./results/score_batches_zip/predict7/lambda_MAIN_lambda_REGRESSION_ncit_predict_WAIC.res

  ESTIMATION RESULTS FOR THE WAIC: 

    l_pd:                       15552.749
    p_d:                        125.98799
    WAIC:                       15804.725



MCMCREG OBJECT m7: MAIN pi REGRESSION_ncit



  MAIN_pi_REGRESSION_ncit: linear effects


    Variable  mean           Std. Dev.      2.5% quant.    median         97.5% quant.   
    const     -0.646726      0.106892       -0.859923      -0.643421      -0.423535      
    nclaims   0.00262787     0.00449552     -0.00626565    0.00269625     0.0113696      
    opp       -0.134364      0.0429333      -0.214396      -0.134727      -0.0469882     
    biopharm  0.126715       0.0548434      0.0230298      0.127928       0.233093       
    patgsgr   0.0160536      0.0503991      -0.0835542     0.017052       0.11306        

    Acceptance rate:    97.72 %

    Results for fixed effects are also stored in file
    ./results/score_batches_zip/predict7/pi_MAIN_pi_REGRESSION_ncit_LinearEffects.res


  MAIN_pi_REGRESSION_ncit:  Nonlinear effect (P-spline) of ncountrys

    Acceptance rate:    94.91 %

    Estimated parameters are stored in file
    ./results/score_batches_zip/predict7/pi_MAIN_pi_REGRESSION_ncit_nonlinear_pspline_effect_of_ncountrys_param.res

    Function estimates are stored in file
    ./results/score_batches_zip/predict7/pi_MAIN_pi_REGRESSION_ncit_nonlinear_pspline_effect_of_ncountrys.res

    Mean effects evaluated at ncountrys=0.0560748548266889 with value 0.0733358240356404

    Scaling factor to blow up pointwise 95 percent credible intervals
    to obtain simultaneous credible intervals: 1.87652

    Scaling factor to blow up pointwise 80 percent credible intervals
    to obtain simultaneous credible intervals: 1.56325



  MAIN_pi_REGRESSION_ncit: Variance of nonlinear effect of ncountrys

    Acceptance rate:    100 %

    Mean:           0.0346157
    Std. dev.:      0.0835076
    2.5% Quantile:  0.000130806
    10% Quantile:   0.000483506
    50% Quantile:   0.00894266
    90% Quantile:   0.0832134
    97.5% Quantile: 0.244338

    Results for the variance component are also stored in file
    ./results/score_batches_zip/predict7/pi_MAIN_pi_REGRESSION_ncit_variance_of_nonlinear_pspline_effect_of_ncountrys.res



  MAIN_pi_REGRESSION_ncit:  Nonlinear effect (P-spline) of years

    Acceptance rate:    94.68 %

    Estimated parameters are stored in file
    ./results/score_batches_zip/predict7/pi_MAIN_pi_REGRESSION_ncit_nonlinear_pspline_effect_of_years_param.res

    Function estimates are stored in file
    ./results/score_batches_zip/predict7/pi_MAIN_pi_REGRESSION_ncit_nonlinear_pspline_effect_of_years.res

    Mean effects evaluated at years=-0.0134161827578266 with value -0.217295114483528

    Scaling factor to blow up pointwise 95 percent credible intervals
    to obtain simultaneous credible intervals: 1.84882

    Scaling factor to blow up pointwise 80 percent credible intervals
    to obtain simultaneous credible intervals: 1.50118



  MAIN_pi_REGRESSION_ncit: Variance of nonlinear effect of years

    Acceptance rate:    100 %

    Mean:           0.0240148
    Std. dev.:      0.0260947
    2.5% Quantile:  0.00230343
    10% Quantile:   0.00523815
    50% Quantile:   0.0163081
    90% Quantile:   0.0492821
    97.5% Quantile: 0.0882113

    Results for the variance component are also stored in file
    ./results/score_batches_zip/predict7/pi_MAIN_pi_REGRESSION_ncit_variance_of_nonlinear_pspline_effect_of_years.res


  FILES FOR VISUALIZING RESULTS:

    STATA DO-FILE

    ./results/score_batches_zip/predict7/lambda_stata.do

    R-FILE

    ./results/score_batches_zip/predict7/lambda_R.r

> m7.getsample

Storing sampled parameters...
Sampled parameters are stored in file(s):

./results/score_batches_zip/predict7/pi_MAIN_pi_REGRESSION_ncit_LinearEffects_sample.raw

./results/score_batches_zip/predict7/pi_MAIN_pi_REGRESSION_ncit_nonlinear_pspline_effect_of_ncountrys_sample.raw

./results/score_batches_zip/predict7/pi_MAIN_pi_REGRESSION_ncit_variance_of_nonlinear_pspline_effect_of_ncountrys_sample.raw

./results/score_batches_zip/predict7/pi_MAIN_pi_REGRESSION_ncit_nonlinear_pspline_effect_of_years_sample.raw

./results/score_batches_zip/predict7/pi_MAIN_pi_REGRESSION_ncit_variance_of_nonlinear_pspline_effect_of_years_sample.raw

./results/score_batches_zip/predict7/lambda_MAIN_lambda_REGRESSION_ncit_LinearEffects_sample.raw

./results/score_batches_zip/predict7/lambda_MAIN_lambda_REGRESSION_ncit_nonlinear_pspline_effect_of_ncountrys_sample.raw

./results/score_batches_zip/predict7/lambda_MAIN_lambda_REGRESSION_ncit_variance_of_nonlinear_pspline_effect_of_ncountrys_sample.raw

./results/score_batches_zip/predict7/lambda_MAIN_lambda_REGRESSION_ncit_nonlinear_pspline_effect_of_years_sample.raw

./results/score_batches_zip/predict7/lambda_MAIN_lambda_REGRESSION_ncit_variance_of_nonlinear_pspline_effect_of_years_sample.raw

./results/score_batches_zip/predict7/lambda_MAIN_lambda_REGRESSION_ncit_nonlinear_pspline_effect_of_nclaimss_sample.raw

./results/score_batches_zip/predict7/lambda_MAIN_lambda_REGRESSION_ncit_variance_of_nonlinear_pspline_effect_of_nclaimss_sample.raw

File for convenient visualization of 
sampling paths using the Windows version of BayesX is stored in

./results/score_batches_zip/predict7/lambda_samples.prg


> m7.autocor

Computing autocorrelation functions...
Autocorrelations are stored in file(s):

./results/score_batches_zip/predict7/pi_MAIN_pi_REGRESSION_ncit_LinearEffects_autocor.raw
./results/score_batches_zip/predict7/pi_MAIN_pi_REGRESSION_ncit_nonlinear_pspline_effect_of_ncountrys_autocor.raw
./results/score_batches_zip/predict7/pi_MAIN_pi_REGRESSION_ncit_variance_of_nonlinear_pspline_effect_of_ncountrys_autocor.raw
./results/score_batches_zip/predict7/pi_MAIN_pi_REGRESSION_ncit_nonlinear_pspline_effect_of_years_autocor.raw
./results/score_batches_zip/predict7/pi_MAIN_pi_REGRESSION_ncit_variance_of_nonlinear_pspline_effect_of_years_autocor.raw
./results/score_batches_zip/predict7/lambda_MAIN_lambda_REGRESSION_ncit_LinearEffects_autocor.raw
./results/score_batches_zip/predict7/lambda_MAIN_lambda_REGRESSION_ncit_nonlinear_pspline_effect_of_ncountrys_autocor.raw
./results/score_batches_zip/predict7/lambda_MAIN_lambda_REGRESSION_ncit_variance_of_nonlinear_pspline_effect_of_ncountrys_autocor.raw
./results/score_batches_zip/predict7/lambda_MAIN_lambda_REGRESSION_ncit_nonlinear_pspline_effect_of_years_autocor.raw
./results/score_batches_zip/predict7/lambda_MAIN_lambda_REGRESSION_ncit_variance_of_nonlinear_pspline_effect_of_years_autocor.raw
./results/score_batches_zip/predict7/lambda_MAIN_lambda_REGRESSION_ncit_nonlinear_pspline_effect_of_nclaimss_autocor.raw
./results/score_batches_zip/predict7/lambda_MAIN_lambda_REGRESSION_ncit_variance_of_nonlinear_pspline_effect_of_nclaimss_autocor.raw
File for convenient computation and visualization of 
autocorrelations using the Windows version of BayesX is stored in

./results/score_batches_zip/predict7/lambda_autocor.prg

> drop m7

> drop d

> logclose

