> dataset d

> d.infile using ./data//patent.raw

NOTE: 33 variables with 4805 observations read from file
./data//patent.raw

> d.drop if nclaims >50

NOTE: 0 observations dropped
> delimiter=;

> mcmcreg m4

> m4.outfile = ./results/score_batches_zip/predict4/pi

> m4.hregress ncit = const + nclaims+ opp+ biopharm + patgsgr + ncountrys(pspline, a=0.0001, b=0.0001)+ years(pspline, a=0.0001, b=0.0001) weight w4, family=zip iterations=12000 burnin=2000 step=10 equationtype=pi using d

> m4.outfile = ./results/score_batches_zip/predict4/lambda

> m4.hregress ncit = const + opp+ biopharm + patgsgr + ncountrys(pspline, a=0.0001, b=0.0001)+ years(pspline, a=0.0001, b=0.0001)+ nclaimss(pspline, a=0.0001, b=0.0001) weight w4,setseed=4123 family=zip predict = light equationtype=lambda using d


MCMCREG OBJECT m4: MAIN lambda REGRESSION_ncit

GENERAL OPTIONS:

  Number of iterations:  12000
  Burn-in period:        2000
  Thinning parameter:    10
  Saveestimation:        disabled



RESPONSE DISTRIBUTION:

  Family: ZIP
  Number of observations: 4805
  Number of observations with positive weights: 4322

  Response function (lambda): exponential
  Response function (pi): logistic distribution function


OPTIONS FOR ESTIMATION:

  MAIN_lambda_REGRESSION_ncit:  Nonlinear effect (P-spline) of ncountrys

  Prior: second order random walk
  Number of knots: 20
  First knot: -1.6819324
  Last knot: 2.279559
  Knot distance: 0.20849955
  Degree of Splines: 3
  centered sampling
  B-spline basis may be created e.g. in STATA by: 
  bspline , xvar(x) generate(Bs) power(3) knots(-1.6819324(0.20849955)2.279559) 
  where x contains the values for which the basis functions should be created

  Inverse gamma prior
  Hyperprior a for variance parameter: 0.0001
  Hyperprior b for variance parameter: 0.0001

  MAIN_lambda_REGRESSION_ncit:  Nonlinear effect (P-spline) of years

  Prior: second order random walk
  Number of knots: 20
  First knot: -2.8483428
  Last knot: 1.5525191
  Knot distance: 0.23162431
  Degree of Splines: 3
  centered sampling
  B-spline basis may be created e.g. in STATA by: 
  bspline , xvar(x) generate(Bs) power(3) knots(-2.8483428(0.23162431)1.5525191) 
  where x contains the values for which the basis functions should be created

  Inverse gamma prior
  Hyperprior a for variance parameter: 0.0001
  Hyperprior b for variance parameter: 0.0001

  MAIN_lambda_REGRESSION_ncit:  Nonlinear effect (P-spline) of nclaimss

  Prior: second order random walk
  Number of knots: 20
  First knot: -1.4533633
  Last knot: 4.6938785
  Knot distance: 0.32353904
  Degree of Splines: 3
  centered sampling
  B-spline basis may be created e.g. in STATA by: 
  bspline , xvar(x) generate(Bs) power(3) knots(-1.4533633(0.32353904)4.6938785) 
  where x contains the values for which the basis functions should be created

  Inverse gamma prior
  Hyperprior a for variance parameter: 0.0001
  Hyperprior b for variance parameter: 0.0001



MCMCREG OBJECT m4: MAIN pi REGRESSION_ncit

RESPONSE DISTRIBUTION:

  Family: ZIP_pi
  Number of observations: 4805
  Number of observations with positive weights: 4322

  Response function (pi): logistic distribution function


OPTIONS FOR ESTIMATION:

  MAIN_pi_REGRESSION_ncit:  Nonlinear effect (P-spline) of ncountrys

  Prior: second order random walk
  Number of knots: 20
  First knot: -1.6819324
  Last knot: 2.279559
  Knot distance: 0.20849955
  Degree of Splines: 3
  centered sampling
  B-spline basis may be created e.g. in STATA by: 
  bspline , xvar(x) generate(Bs) power(3) knots(-1.6819324(0.20849955)2.279559) 
  where x contains the values for which the basis functions should be created

  Inverse gamma prior
  Hyperprior a for variance parameter: 0.0001
  Hyperprior b for variance parameter: 0.0001

  MAIN_pi_REGRESSION_ncit:  Nonlinear effect (P-spline) of years

  Prior: second order random walk
  Number of knots: 20
  First knot: -2.8483428
  Last knot: 1.5525191
  Knot distance: 0.23162431
  Degree of Splines: 3
  centered sampling
  B-spline basis may be created e.g. in STATA by: 
  bspline , xvar(x) generate(Bs) power(3) knots(-2.8483428(0.23162431)1.5525191) 
  where x contains the values for which the basis functions should be created

  Inverse gamma prior
  Hyperprior a for variance parameter: 0.0001
  Hyperprior b for variance parameter: 0.0001


MCMC SIMULATION STARTED

  COMPUTING STARTING VALUES (MAY TAKE SOME TIME)
  ITERATION: 1

  APPROXIMATE RUN TIME: 1 minute 3 seconds

  ITERATION: 1000
  ITERATION: 2000
  ITERATION: 3000
  ITERATION: 4000
  ITERATION: 5000

  MAIN_lambda_REGRESSION_ncit: linear effects

  Acceptance rate:    92.26 %

  Relative Changes in  

  Mean:               0.0033366
  Variance:           1.79769e+308
  Minimum:            1.79769e+308
  Maximum:            1.79769e+308



  MAIN_lambda_REGRESSION_ncit:  Nonlinear effect (P-spline) of ncountrys

  Acceptance rate:    81.38 %

  Relative Changes in  

  Mean:               0.143493
  Variance:           1.79769e+308
  Minimum:            1.79769e+308
  Maximum:            1.79769e+308



  MAIN_lambda_REGRESSION_ncit: Variance of nonlinear effect of ncountrys

  Acceptance rate:    100 %

  Relative Changes in  

  Mean:               1.79769e+308
  Variance:           1.79769e+308
  Minimum:            1.79769e+308
  Maximum:            1.79769e+308



  MAIN_lambda_REGRESSION_ncit:  Nonlinear effect (P-spline) of years

  Acceptance rate:    91.36 %

  Relative Changes in  

  Mean:               0.493328
  Variance:           1.79769e+308
  Minimum:            1.79769e+308
  Maximum:            1.79769e+308



  MAIN_lambda_REGRESSION_ncit: Variance of nonlinear effect of years

  Acceptance rate:    100 %

  Relative Changes in  

  Mean:               1.79769e+308
  Variance:           1.79769e+308
  Minimum:            1.79769e+308
  Maximum:            1.79769e+308



  MAIN_lambda_REGRESSION_ncit:  Nonlinear effect (P-spline) of nclaimss

  Acceptance rate:    87.59 %

  Relative Changes in  

  Mean:               0.203824
  Variance:           1.79769e+308
  Minimum:            1.79769e+308
  Maximum:            1.79769e+308



  MAIN_lambda_REGRESSION_ncit: Variance of nonlinear effect of nclaimss

  Acceptance rate:    100 %

  Relative Changes in  

  Mean:               1.79769e+308
  Variance:           1.79769e+308
  Minimum:            1.79769e+308
  Maximum:            1.79769e+308



  MAIN_pi_REGRESSION_ncit: linear effects

  Acceptance rate:    97.97 %

  Relative Changes in  

  Mean:               0.049208
  Variance:           1.79769e+308
  Minimum:            1.79769e+308
  Maximum:            1.79769e+308



  MAIN_pi_REGRESSION_ncit:  Nonlinear effect (P-spline) of ncountrys

  Acceptance rate:    87.12 %

  Relative Changes in  

  Mean:               0.225386
  Variance:           1.79769e+308
  Minimum:            1.79769e+308
  Maximum:            1.79769e+308



  MAIN_pi_REGRESSION_ncit: Variance of nonlinear effect of ncountrys

  Acceptance rate:    100 %

  Relative Changes in  

  Mean:               1.79769e+308
  Variance:           1.79769e+308
  Minimum:            1.79769e+308
  Maximum:            1.79769e+308



  MAIN_pi_REGRESSION_ncit:  Nonlinear effect (P-spline) of years

  Acceptance rate:    96.61 %

  Relative Changes in  

  Mean:               0.158773
  Variance:           1.79769e+308
  Minimum:            1.79769e+308
  Maximum:            1.79769e+308



  MAIN_pi_REGRESSION_ncit: Variance of nonlinear effect of years

  Acceptance rate:    100 %

  Relative Changes in  

  Mean:               1.79769e+308
  Variance:           1.79769e+308
  Minimum:            1.79769e+308
  Maximum:            1.79769e+308


  ITERATION: 6000
  ITERATION: 7000
  ITERATION: 8000

  MAIN_lambda_REGRESSION_ncit: linear effects

  Acceptance rate:    92.46 %

  Relative Changes in  

  Mean:               0.00173059
  Variance:           0.040483
  Minimum:            0.0532056
  Maximum:            0.00133642



  MAIN_lambda_REGRESSION_ncit:  Nonlinear effect (P-spline) of ncountrys

  Acceptance rate:    81.77 %

  Relative Changes in  

  Mean:               0.0187871
  Variance:           0.0240941
  Minimum:            0.0728014
  Maximum:            0.163046



  MAIN_lambda_REGRESSION_ncit: Variance of nonlinear effect of ncountrys

  Acceptance rate:    100 %

  Relative Changes in  

  Mean:               0.00446539
  Variance:           0.0451488
  Minimum:            0
  Maximum:            0



  MAIN_lambda_REGRESSION_ncit:  Nonlinear effect (P-spline) of years

  Acceptance rate:    91.08 %

  Relative Changes in  

  Mean:               0.0330442
  Variance:           0.0611529
  Minimum:            0.0676598
  Maximum:            0.129271



  MAIN_lambda_REGRESSION_ncit: Variance of nonlinear effect of years

  Acceptance rate:    100 %

  Relative Changes in  

  Mean:               0.094962
  Variance:           0.095205
  Minimum:            2.95584e-07
  Maximum:            0.0129556



  MAIN_lambda_REGRESSION_ncit:  Nonlinear effect (P-spline) of nclaimss

  Acceptance rate:    87.49 %

  Relative Changes in  

  Mean:               0.0112267
  Variance:           0.0687663
  Minimum:            0.0960185
  Maximum:            0.0554185



  MAIN_lambda_REGRESSION_ncit: Variance of nonlinear effect of nclaimss

  Acceptance rate:    100 %

  Relative Changes in  

  Mean:               0.113504
  Variance:           0.385234
  Minimum:            0.542012
  Maximum:            0.43746



  MAIN_pi_REGRESSION_ncit: linear effects

  Acceptance rate:    97.93 %

  Relative Changes in  

  Mean:               0.00308401
  Variance:           0.142386
  Minimum:            0.0484442
  Maximum:            0.0616732



  MAIN_pi_REGRESSION_ncit:  Nonlinear effect (P-spline) of ncountrys

  Acceptance rate:    87.53 %

  Relative Changes in  

  Mean:               0.0514801
  Variance:           0.268296
  Minimum:            0.0527035
  Maximum:            0.0422983



  MAIN_pi_REGRESSION_ncit: Variance of nonlinear effect of ncountrys

  Acceptance rate:    100 %

  Relative Changes in  

  Mean:               0.0418999
  Variance:           0.0392957
  Minimum:            0.00847285
  Maximum:            0.120322



  MAIN_pi_REGRESSION_ncit:  Nonlinear effect (P-spline) of years

  Acceptance rate:    96.37 %

  Relative Changes in  

  Mean:               0.00301094
  Variance:           0.0820857
  Minimum:            0.140595
  Maximum:            0.104903



  MAIN_pi_REGRESSION_ncit: Variance of nonlinear effect of years

  Acceptance rate:    100 %

  Relative Changes in  

  Mean:               0.0697545
  Variance:           0.056686
  Minimum:            0.807325
  Maximum:            0.397057


  ITERATION: 9000
  ITERATION: 10000
  ITERATION: 11000

  MAIN_lambda_REGRESSION_ncit: linear effects

  Acceptance rate:    92.24 %

  Relative Changes in  

  Mean:               0.000683967
  Variance:           0.0464834
  Minimum:            0.0206353
  Maximum:            0.007317



  MAIN_lambda_REGRESSION_ncit:  Nonlinear effect (P-spline) of ncountrys

  Acceptance rate:    81.86 %

  Relative Changes in  

  Mean:               0.0152335
  Variance:           0.0342726
  Minimum:            0.152528
  Maximum:            0.048275



  MAIN_lambda_REGRESSION_ncit: Variance of nonlinear effect of ncountrys

  Acceptance rate:    100 %

  Relative Changes in  

  Mean:               0.056949
  Variance:           0.111341
  Minimum:            0.155201
  Maximum:            0.000188977



  MAIN_lambda_REGRESSION_ncit:  Nonlinear effect (P-spline) of years

  Acceptance rate:    91.04 %

  Relative Changes in  

  Mean:               0.0176429
  Variance:           0.0356062
  Minimum:            0.0792868
  Maximum:            0.0306979



  MAIN_lambda_REGRESSION_ncit: Variance of nonlinear effect of years

  Acceptance rate:    100 %

  Relative Changes in  

  Mean:               0.0439421
  Variance:           0.0517995
  Minimum:            0.174076
  Maximum:            4.80866e-06



  MAIN_lambda_REGRESSION_ncit:  Nonlinear effect (P-spline) of nclaimss

  Acceptance rate:    87.71 %

  Relative Changes in  

  Mean:               0.00495077
  Variance:           0.0227996
  Minimum:            0.0459198
  Maximum:            0.0503591



  MAIN_lambda_REGRESSION_ncit: Variance of nonlinear effect of nclaimss

  Acceptance rate:    100 %

  Relative Changes in  

  Mean:               0.0949901
  Variance:           2.68149
  Minimum:            0.000117166
  Maximum:            3.39088



  MAIN_pi_REGRESSION_ncit: linear effects

  Acceptance rate:    97.88 %

  Relative Changes in  

  Mean:               0.0014896
  Variance:           0.00853838
  Minimum:            0.00995489
  Maximum:            0



  MAIN_pi_REGRESSION_ncit:  Nonlinear effect (P-spline) of ncountrys

  Acceptance rate:    87.62 %

  Relative Changes in  

  Mean:               0.00886467
  Variance:           0.11539
  Minimum:            0.0262923
  Maximum:            0.0540863



  MAIN_pi_REGRESSION_ncit: Variance of nonlinear effect of ncountrys

  Acceptance rate:    100 %

  Relative Changes in  

  Mean:               0.0432681
  Variance:           0.756352
  Minimum:            0.0438911
  Maximum:            1.6614



  MAIN_pi_REGRESSION_ncit:  Nonlinear effect (P-spline) of years

  Acceptance rate:    96.23 %

  Relative Changes in  

  Mean:               0.00390663
  Variance:           0.0350499
  Minimum:            0.0302475
  Maximum:            0.10608



  MAIN_pi_REGRESSION_ncit: Variance of nonlinear effect of years

  Acceptance rate:    100 %

  Relative Changes in  

  Mean:               0.0752289
  Variance:           0.206997
  Minimum:            0
  Maximum:            0


  ITERATION: 12000

SIMULATION TERMINATED

SIMULATION RUN TIME: 1 minute 5 seconds


ESTIMATION RESULTS:


MCMCREG OBJECT m4: MAIN lambda REGRESSION_ncit



  MAIN_lambda_REGRESSION_ncit: linear effects


    Variable  mean           Std. Dev.      2.5% quant.    median         97.5% quant.   
    const     1.06255        0.0440139      0.978005       1.06317        1.14594        
    opp       0.169591       0.0149981      0.140609       0.169531       0.196757       
    biopharm  0.120885       0.0204794      0.0802517      0.120821       0.161817       
    patgsgr   -0.124853      0.0171857      -0.159915      -0.12436       -0.0910068     

    Acceptance rate:    92.24 %

    Results for fixed effects are also stored in file
    ./results/score_batches_zip/predict4/lambda_MAIN_lambda_REGRESSION_ncit_LinearEffects.res


  MAIN_lambda_REGRESSION_ncit:  Nonlinear effect (P-spline) of ncountrys

    Acceptance rate:    81.86 %

    Estimated parameters are stored in file
    ./results/score_batches_zip/predict4/lambda_MAIN_lambda_REGRESSION_ncit_nonlinear_pspline_effect_of_ncountrys_param.res

    Function estimates are stored in file
    ./results/score_batches_zip/predict4/lambda_MAIN_lambda_REGRESSION_ncit_nonlinear_pspline_effect_of_ncountrys.res

    Mean effects evaluated at ncountrys=0.0560748548266889 with value 0.112832846909363

    Scaling factor to blow up pointwise 95 percent credible intervals
    to obtain simultaneous credible intervals: 1.85978

    Scaling factor to blow up pointwise 80 percent credible intervals
    to obtain simultaneous credible intervals: 1.47177



  MAIN_lambda_REGRESSION_ncit: Variance of nonlinear effect of ncountrys

    Acceptance rate:    100 %

    Mean:           0.0476481
    Std. dev.:      0.0459876
    2.5% Quantile:  0.00819412
    10% Quantile:   0.0127267
    50% Quantile:   0.0335658
    90% Quantile:   0.0953647
    97.5% Quantile: 0.164695

    Results for the variance component are also stored in file
    ./results/score_batches_zip/predict4/lambda_MAIN_lambda_REGRESSION_ncit_variance_of_nonlinear_pspline_effect_of_ncountrys.res



  MAIN_lambda_REGRESSION_ncit:  Nonlinear effect (P-spline) of years

    Acceptance rate:    91.04 %

    Estimated parameters are stored in file
    ./results/score_batches_zip/predict4/lambda_MAIN_lambda_REGRESSION_ncit_nonlinear_pspline_effect_of_years_param.res

    Function estimates are stored in file
    ./results/score_batches_zip/predict4/lambda_MAIN_lambda_REGRESSION_ncit_nonlinear_pspline_effect_of_years.res

    Mean effects evaluated at years=-0.0134161827578266 with value -0.0174368669178072

    Scaling factor to blow up pointwise 95 percent credible intervals
    to obtain simultaneous credible intervals: 1.91176

    Scaling factor to blow up pointwise 80 percent credible intervals
    to obtain simultaneous credible intervals: 1.55198



  MAIN_lambda_REGRESSION_ncit: Variance of nonlinear effect of years

    Acceptance rate:    100 %

    Mean:           0.0107676
    Std. dev.:      0.0253855
    2.5% Quantile:  0.000228669
    10% Quantile:   0.000447017
    50% Quantile:   0.00287959
    90% Quantile:   0.0257184
    97.5% Quantile: 0.0749212

    Results for the variance component are also stored in file
    ./results/score_batches_zip/predict4/lambda_MAIN_lambda_REGRESSION_ncit_variance_of_nonlinear_pspline_effect_of_years.res



  MAIN_lambda_REGRESSION_ncit:  Nonlinear effect (P-spline) of nclaimss

    Acceptance rate:    87.71 %

    Estimated parameters are stored in file
    ./results/score_batches_zip/predict4/lambda_MAIN_lambda_REGRESSION_ncit_nonlinear_pspline_effect_of_nclaimss_param.res

    Function estimates are stored in file
    ./results/score_batches_zip/predict4/lambda_MAIN_lambda_REGRESSION_ncit_nonlinear_pspline_effect_of_nclaimss.res

    Mean effects evaluated at nclaimss=-0.0401618394422281 with value -0.223393336308052

    Scaling factor to blow up pointwise 95 percent credible intervals
    to obtain simultaneous credible intervals: 1.90457

    Scaling factor to blow up pointwise 80 percent credible intervals
    to obtain simultaneous credible intervals: 1.58335



  MAIN_lambda_REGRESSION_ncit: Variance of nonlinear effect of nclaimss

    Acceptance rate:    100 %

    Mean:           0.0134544
    Std. dev.:      0.0159746
    2.5% Quantile:  0.00151001
    10% Quantile:   0.00269545
    50% Quantile:   0.00906984
    90% Quantile:   0.0284403
    97.5% Quantile: 0.0514961

    Results for the variance component are also stored in file
    ./results/score_batches_zip/predict4/lambda_MAIN_lambda_REGRESSION_ncit_variance_of_nonlinear_pspline_effect_of_nclaimss.res


  PREDICTED VALUES: 

    Results for the predictor, mean are stored in file
    ./results/score_batches_zip/predict4/lambda_MAIN_lambda_REGRESSION_ncit_predict.res


  ESTIMATION RESULT FOR THE DEVIANCE: 

    Mean:           14936.136
    Std. Dev:       13.702674
    2p5% Quantile:  14910.364
    10% Quantile:   14919.379
    50% Quantile:   14935.162
    90% Quantile:   14954.654
    97p5% Quantile: 14964.568


    Results for the DIC are stored in file
    ./results/score_batches_zip/predict4/lambda_MAIN_lambda_REGRESSION_ncit_predict_DIC.res

  ESTIMATION RESULTS FOR THE DIC: 

    Deviance(bar_mu):           14887.776
    pD:                         48.360519
    DIC:                        14984.497


    Results for the WAIC are stored in file
    ./results/score_batches_zip/predict4/lambda_MAIN_lambda_REGRESSION_ncit_predict_WAIC.res

  ESTIMATION RESULTS FOR THE WAIC: 

    l_pd:                       14817.127
    p_d:                        119.67641
    WAIC:                       15056.48



MCMCREG OBJECT m4: MAIN pi REGRESSION_ncit



  MAIN_pi_REGRESSION_ncit: linear effects


    Variable  mean           Std. Dev.      2.5% quant.    median         97.5% quant.   
    const     -0.672408      0.120462       -0.915764      -0.667105      -0.431637      
    nclaims   0.00585539     0.0046119      -0.003573      0.00597233     0.0143326      
    opp       -0.107351      0.0420586      -0.18862       -0.107418      -0.0275012     
    biopharm  0.118536       0.0541368      0.0150411      0.117062       0.227527       
    patgsgr   0.0382246      0.0507082      -0.0623493     0.0369281      0.141403       

    Acceptance rate:    97.88 %

    Results for fixed effects are also stored in file
    ./results/score_batches_zip/predict4/pi_MAIN_pi_REGRESSION_ncit_LinearEffects.res


  MAIN_pi_REGRESSION_ncit:  Nonlinear effect (P-spline) of ncountrys

    Acceptance rate:    87.62 %

    Estimated parameters are stored in file
    ./results/score_batches_zip/predict4/pi_MAIN_pi_REGRESSION_ncit_nonlinear_pspline_effect_of_ncountrys_param.res

    Function estimates are stored in file
    ./results/score_batches_zip/predict4/pi_MAIN_pi_REGRESSION_ncit_nonlinear_pspline_effect_of_ncountrys.res

    Mean effects evaluated at ncountrys=0.0560748548266889 with value 0.20482070674245

    Scaling factor to blow up pointwise 95 percent credible intervals
    to obtain simultaneous credible intervals: 1.87739

    Scaling factor to blow up pointwise 80 percent credible intervals
    to obtain simultaneous credible intervals: 1.52907



  MAIN_pi_REGRESSION_ncit: Variance of nonlinear effect of ncountrys

    Acceptance rate:    100 %

    Mean:           0.511424
    Std. dev.:      0.4262
    2.5% Quantile:  0.0453535
    10% Quantile:   0.135149
    50% Quantile:   0.402314
    90% Quantile:   0.993068
    97.5% Quantile: 1.70966

    Results for the variance component are also stored in file
    ./results/score_batches_zip/predict4/pi_MAIN_pi_REGRESSION_ncit_variance_of_nonlinear_pspline_effect_of_ncountrys.res



  MAIN_pi_REGRESSION_ncit:  Nonlinear effect (P-spline) of years

    Acceptance rate:    96.23 %

    Estimated parameters are stored in file
    ./results/score_batches_zip/predict4/pi_MAIN_pi_REGRESSION_ncit_nonlinear_pspline_effect_of_years_param.res

    Function estimates are stored in file
    ./results/score_batches_zip/predict4/pi_MAIN_pi_REGRESSION_ncit_nonlinear_pspline_effect_of_years.res

    Mean effects evaluated at years=-0.0134161827578266 with value 0.0709723982114305

    Scaling factor to blow up pointwise 95 percent credible intervals
    to obtain simultaneous credible intervals: 1.78657

    Scaling factor to blow up pointwise 80 percent credible intervals
    to obtain simultaneous credible intervals: 1.46094



  MAIN_pi_REGRESSION_ncit: Variance of nonlinear effect of years

    Acceptance rate:    100 %

    Mean:           0.00657545
    Std. dev.:      0.0121857
    2.5% Quantile:  0.000332712
    10% Quantile:   0.000739222
    50% Quantile:   0.00314868
    90% Quantile:   0.0146391
    97.5% Quantile: 0.0323302

    Results for the variance component are also stored in file
    ./results/score_batches_zip/predict4/pi_MAIN_pi_REGRESSION_ncit_variance_of_nonlinear_pspline_effect_of_years.res


  FILES FOR VISUALIZING RESULTS:

    STATA DO-FILE

    ./results/score_batches_zip/predict4/lambda_stata.do

    R-FILE

    ./results/score_batches_zip/predict4/lambda_R.r

> m4.getsample

Storing sampled parameters...
Sampled parameters are stored in file(s):

./results/score_batches_zip/predict4/pi_MAIN_pi_REGRESSION_ncit_LinearEffects_sample.raw

./results/score_batches_zip/predict4/pi_MAIN_pi_REGRESSION_ncit_nonlinear_pspline_effect_of_ncountrys_sample.raw

./results/score_batches_zip/predict4/pi_MAIN_pi_REGRESSION_ncit_variance_of_nonlinear_pspline_effect_of_ncountrys_sample.raw

./results/score_batches_zip/predict4/pi_MAIN_pi_REGRESSION_ncit_nonlinear_pspline_effect_of_years_sample.raw

./results/score_batches_zip/predict4/pi_MAIN_pi_REGRESSION_ncit_variance_of_nonlinear_pspline_effect_of_years_sample.raw

./results/score_batches_zip/predict4/lambda_MAIN_lambda_REGRESSION_ncit_LinearEffects_sample.raw

./results/score_batches_zip/predict4/lambda_MAIN_lambda_REGRESSION_ncit_nonlinear_pspline_effect_of_ncountrys_sample.raw

./results/score_batches_zip/predict4/lambda_MAIN_lambda_REGRESSION_ncit_variance_of_nonlinear_pspline_effect_of_ncountrys_sample.raw

./results/score_batches_zip/predict4/lambda_MAIN_lambda_REGRESSION_ncit_nonlinear_pspline_effect_of_years_sample.raw

./results/score_batches_zip/predict4/lambda_MAIN_lambda_REGRESSION_ncit_variance_of_nonlinear_pspline_effect_of_years_sample.raw

./results/score_batches_zip/predict4/lambda_MAIN_lambda_REGRESSION_ncit_nonlinear_pspline_effect_of_nclaimss_sample.raw

./results/score_batches_zip/predict4/lambda_MAIN_lambda_REGRESSION_ncit_variance_of_nonlinear_pspline_effect_of_nclaimss_sample.raw

File for convenient visualization of 
sampling paths using the Windows version of BayesX is stored in

./results/score_batches_zip/predict4/lambda_samples.prg


> m4.autocor

Computing autocorrelation functions...
Autocorrelations are stored in file(s):

./results/score_batches_zip/predict4/pi_MAIN_pi_REGRESSION_ncit_LinearEffects_autocor.raw
./results/score_batches_zip/predict4/pi_MAIN_pi_REGRESSION_ncit_nonlinear_pspline_effect_of_ncountrys_autocor.raw
./results/score_batches_zip/predict4/pi_MAIN_pi_REGRESSION_ncit_variance_of_nonlinear_pspline_effect_of_ncountrys_autocor.raw
./results/score_batches_zip/predict4/pi_MAIN_pi_REGRESSION_ncit_nonlinear_pspline_effect_of_years_autocor.raw
./results/score_batches_zip/predict4/pi_MAIN_pi_REGRESSION_ncit_variance_of_nonlinear_pspline_effect_of_years_autocor.raw
./results/score_batches_zip/predict4/lambda_MAIN_lambda_REGRESSION_ncit_LinearEffects_autocor.raw
./results/score_batches_zip/predict4/lambda_MAIN_lambda_REGRESSION_ncit_nonlinear_pspline_effect_of_ncountrys_autocor.raw
./results/score_batches_zip/predict4/lambda_MAIN_lambda_REGRESSION_ncit_variance_of_nonlinear_pspline_effect_of_ncountrys_autocor.raw
./results/score_batches_zip/predict4/lambda_MAIN_lambda_REGRESSION_ncit_nonlinear_pspline_effect_of_years_autocor.raw
./results/score_batches_zip/predict4/lambda_MAIN_lambda_REGRESSION_ncit_variance_of_nonlinear_pspline_effect_of_years_autocor.raw
./results/score_batches_zip/predict4/lambda_MAIN_lambda_REGRESSION_ncit_nonlinear_pspline_effect_of_nclaimss_autocor.raw
./results/score_batches_zip/predict4/lambda_MAIN_lambda_REGRESSION_ncit_variance_of_nonlinear_pspline_effect_of_nclaimss_autocor.raw
File for convenient computation and visualization of 
autocorrelations using the Windows version of BayesX is stored in

./results/score_batches_zip/predict4/lambda_autocor.prg

> drop m4

> drop d

> logclose

